Reading file: ../../2025.1/se_test/gift64/bonc_round10.json
Output: ciphertext, Size: 16
0000000100011111
0000000100111010
0100011000010100
0010010000000010
5155,7220,12871,12044,-1,-1,-1,-1,5155,7220,12871,12044,-1,-1,-1,-1,5155,7220,12871,12044,-1,-1,-1,-1,5155,7220,12871,12044,-1,-1,-1,-1,5155,7220,12871,12044,-1,-1,-1,-1,5155,7220,12871,12044,-1,-1,-1,-1,5155,7220,12871,12044,-1,-1,-1,-1,5155,7220,12871,12044,-1,-1,-1,-1,5155,7220,12871,12044,-1,-1,-1,-1,5155,7220,12871,12044,-1,-1,-1,-1,5155,7220,12871,12044,-1,-1,-1,-1,5155,7220,12871,12044,-1,-1,-1,-1,5155,7220,12871,12044,-1,-1,-1,-1,5155,7220,12871,12044,-1,-1,-1,-1,5155,7220,12871,12044,-1,-1,-1,-1,5155,7220,12871,12044,-1,-1,-1,-1,
Reading file: ../../2025.1/se_test/gift64/bonc_round11.json
Output: ciphertext, Size: 16
0000000100011111
0000000100111010
0100011000010100
0010010000000010
12871,18026,32135,30070,-1,-1,-1,-1,12871,18026,32135,30070,-1,-1,-1,-1,12871,18026,32135,30070,-1,-1,-1,-1,12871,18026,32135,30070,-1,-1,-1,-1,12871,18026,32135,30070,-1,-1,-1,-1,12871,18026,32135,30070,-1,-1,-1,-1,12871,18026,32135,30070,-1,-1,-1,-1,12871,18026,32135,30070,-1,-1,-1,-1,12871,18026,32135,30070,-1,-1,-1,-1,12871,18026,32135,30070,-1,-1,-1,-1,12871,18026,32135,30070,-1,-1,-1,-1,12871,18026,32135,30070,-1,-1,-1,-1,12871,18026,32135,30070,-1,-1,-1,-1,12871,18026,32135,30070,-1,-1,-1,-1,12871,18026,32135,30070,-1,-1,-1,-1,12871,18026,32135,30070,-1,-1,-1,-1,
Reading file: ../../2025.1/se_test/gift64/bonc_round12.json
Output: ciphertext, Size: 16
0000000100011111
0000000100111010
0100011000010100
0010010000000010
32135,45006,80231,75076,-1,-1,-1,-1,32135,45006,80231,75076,-1,-1,-1,-1,32135,45006,80231,75076,-1,-1,-1,-1,32135,45006,80231,75076,-1,-1,-1,-1,32135,45006,80231,75076,-1,-1,-1,-1,32135,45006,80231,75076,-1,-1,-1,-1,32135,45006,80231,75076,-1,-1,-1,-1,32135,45006,80231,75076,-1,-1,-1,-1,32135,45006,80231,75076,-1,-1,-1,-1,32135,45006,80231,75076,-1,-1,-1,-1,32135,45006,80231,75076,-1,-1,-1,-1,32135,45006,80231,75076,-1,-1,-1,-1,32135,45006,80231,75076,-1,-1,-1,-1,32135,45006,80231,75076,-1,-1,-1,-1,32135,45006,80231,75076,-1,-1,-1,-1,32135,45006,80231,75076,-1,-1,-1,-1,
Reading file: ../../2025.1/se_test/gift64/bonc_round13.json
Output: ciphertext, Size: 16
0000000100011111
0000000100111010
0100011000010100
0010010000000010
80231,112366,200313,187442,-1,-1,-1,-1,80231,112366,200313,187442,-1,-1,-1,-1,80231,112366,200313,187442,-1,-1,-1,-1,80231,112366,200313,187442,-1,-1,-1,-1,80231,112366,200313,187442,-1,-1,-1,-1,80231,112366,200313,187442,-1,-1,-1,-1,80231,112366,200313,187442,-1,-1,-1,-1,80231,112366,200313,187442,-1,-1,-1,-1,80231,112366,200313,187442,-1,-1,-1,-1,80231,112366,200313,187442,-1,-1,-1,-1,80231,112366,200313,187442,-1,-1,-1,-1,80231,112366,200313,187442,-1,-1,-1,-1,80231,112366,200313,187442,-1,-1,-1,-1,80231,112366,200313,187442,-1,-1,-1,-1,80231,112366,200313,187442,-1,-1,-1,-1,80231,112366,200313,187442,-1,-1,-1,-1,
Reading file: ../../2025.1/se_test/gift64/bonc_round14.json
Output: ciphertext, Size: 16
0000000100011111
0000000100111010
0100011000010100
0010010000000010
200313,280544,500121,467986,-1,-1,-1,-1,200313,280544,500121,467986,-1,-1,-1,-1,200313,280544,500121,467986,-1,-1,-1,-1,200313,280544,500121,467986,-1,-1,-1,-1,200313,280544,500121,467986,-1,-1,-1,-1,200313,280544,500121,467986,-1,-1,-1,-1,200313,280544,500121,467986,-1,-1,-1,-1,200313,280544,500121,467986,-1,-1,-1,-1,200313,280544,500121,467986,-1,-1,-1,-1,200313,280544,500121,467986,-1,-1,-1,-1,200313,280544,500121,467986,-1,-1,-1,-1,200313,280544,500121,467986,-1,-1,-1,-1,200313,280544,500121,467986,-1,-1,-1,-1,200313,280544,500121,467986,-1,-1,-1,-1,200313,280544,500121,467986,-1,-1,-1,-1,200313,280544,500121,467986,-1,-1,-1,-1,
Reading file: ../../2025.1/se_test/gift64/bonc_round15.json
Output: ciphertext, Size: 16
0000000100011111
0000000100111010
0100011000010100
0010010000000010
500121,700434,1248651,1168420,-1,-1,-1,-1,500121,700434,1248651,1168420,-1,-1,-1,-1,500121,700434,1248651,1168420,-1,-1,-1,-1,500121,700434,1248651,1168420,-1,-1,-1,-1,500121,700434,1248651,1168420,-1,-1,-1,-1,500121,700434,1248651,1168420,-1,-1,-1,-1,500121,700434,1248651,1168420,-1,-1,-1,-1,500121,700434,1248651,1168420,-1,-1,-1,-1,500121,700434,1248651,1168420,-1,-1,-1,-1,500121,700434,1248651,1168420,-1,-1,-1,-1,500121,700434,1248651,1168420,-1,-1,-1,-1,500121,700434,1248651,1168420,-1,-1,-1,-1,500121,700434,1248651,1168420,-1,-1,-1,-1,500121,700434,1248651,1168420,-1,-1,-1,-1,500121,700434,1248651,1168420,-1,-1,-1,-1,500121,700434,1248651,1168420,-1,-1,-1,-1,
Reading file: ../../2025.1/se_test/gift64/bonc_round16.json
Output: ciphertext, Size: 16
0000000100011111
0000000100111010
0100011000010100
0010010000000010
1248651,1748772,3117505,2917192,-1,-1,-1,-1,1248651,1748772,3117505,2917192,-1,-1,-1,-1,1248651,1748772,3117505,2917192,-1,-1,-1,-1,1248651,1748772,3117505,2917192,-1,-1,-1,-1,1248651,1748772,3117505,2917192,-1,-1,-1,-1,1248651,1748772,3117505,2917192,-1,-1,-1,-1,1248651,1748772,3117505,2917192,-1,-1,-1,-1,1248651,1748772,3117505,2917192,-1,-1,-1,-1,1248651,1748772,3117505,2917192,-1,-1,-1,-1,1248651,1748772,3117505,2917192,-1,-1,-1,-1,1248651,1748772,3117505,2917192,-1,-1,-1,-1,1248651,1748772,3117505,2917192,-1,-1,-1,-1,1248651,1748772,3117505,2917192,-1,-1,-1,-1,1248651,1748772,3117505,2917192,-1,-1,-1,-1,1248651,1748772,3117505,2917192,-1,-1,-1,-1,1248651,1748772,3117505,2917192,-1,-1,-1,-1,
Reading file: ../../2025.1/se_test/gift64/bonc_round17.json
Output: ciphertext, Size: 16
0000000100011111
0000000100111010
0100011000010100
0010010000000010
3117505,4366156,7783469,7283348,-1,-1,-1,-1,3117505,4366156,7783469,7283348,-1,-1,-1,-1,3117505,4366156,7783469,7283348,-1,-1,-1,-1,3117505,4366156,7783469,7283348,-1,-1,-1,-1,3117505,4366156,7783469,7283348,-1,-1,-1,-1,3117505,4366156,7783469,7283348,-1,-1,-1,-1,3117505,4366156,7783469,7283348,-1,-1,-1,-1,3117505,4366156,7783469,7283348,-1,-1,-1,-1,3117505,4366156,7783469,7283348,-1,-1,-1,-1,3117505,4366156,7783469,7283348,-1,-1,-1,-1,3117505,4366156,7783469,7283348,-1,-1,-1,-1,3117505,4366156,7783469,7283348,-1,-1,-1,-1,3117505,4366156,7783469,7283348,-1,-1,-1,-1,3117505,4366156,7783469,7283348,-1,-1,-1,-1,3117505,4366156,7783469,7283348,-1,-1,-1,-1,3117505,4366156,7783469,7283348,-1,-1,-1,-1,
Reading file: ../../2025.1/se_test/gift64/bonc_round18.json
Output: ciphertext, Size: 16
0000000100011111
0000000100111010
0100011000010100
0010010000000010
7783469,10900974,19432973,18184322,-1,-1,-1,-1,7783469,10900974,19432973,18184322,-1,-1,-1,-1,7783469,10900974,19432973,18184322,-1,-1,-1,-1,7783469,10900974,19432973,18184322,-1,-1,-1,-1,7783469,10900974,19432973,18184322,-1,-1,-1,-1,7783469,10900974,19432973,18184322,-1,-1,-1,-1,7783469,10900974,19432973,18184322,-1,-1,-1,-1,7783469,10900974,19432973,18184322,-1,-1,-1,-1,7783469,10900974,19432973,18184322,-1,-1,-1,-1,7783469,10900974,19432973,18184322,-1,-1,-1,-1,7783469,10900974,19432973,18184322,-1,-1,-1,-1,7783469,10900974,19432973,18184322,-1,-1,-1,-1,7783469,10900974,19432973,18184322,-1,-1,-1,-1,7783469,10900974,19432973,18184322,-1,-1,-1,-1,7783469,10900974,19432973,18184322,-1,-1,-1,-1,7783469,10900974,19432973,18184322,-1,-1,-1,-1,
Reading file: ../../2025.1/se_test/gift64/bonc_round19.json
Output: ciphertext, Size: 16
0000000100011111
0000000100111010
0100011000010100
0010010000000010
19432973,27216442,48518269,45400764,-1,-1,-1,-1,19432973,27216442,48518269,45400764,-1,-1,-1,-1,19432973,27216442,48518269,45400764,-1,-1,-1,-1,19432973,27216442,48518269,45400764,-1,-1,-1,-1,19432973,27216442,48518269,45400764,-1,-1,-1,-1,19432973,27216442,48518269,45400764,-1,-1,-1,-1,19432973,27216442,48518269,45400764,-1,-1,-1,-1,19432973,27216442,48518269,45400764,-1,-1,-1,-1,19432973,27216442,48518269,45400764,-1,-1,-1,-1,19432973,27216442,48518269,45400764,-1,-1,-1,-1,19432973,27216442,48518269,45400764,-1,-1,-1,-1,19432973,27216442,48518269,45400764,-1,-1,-1,-1,19432973,27216442,48518269,45400764,-1,-1,-1,-1,19432973,27216442,48518269,45400764,-1,-1,-1,-1,19432973,27216442,48518269,45400764,-1,-1,-1,-1,19432973,27216442,48518269,45400764,-1,-1,-1,-1,
Reading file: ../../2025.1/se_test/gift64/bonc_round1.json
Output: ciphertext, Size: 16
0000000100011111
0000000100111010
0100011000010100
0010010000000010
2,2,3,3,-1,-1,-1,-1,2,2,3,3,-1,-1,-1,-1,2,2,3,3,-1,-1,-1,-1,2,2,3,3,-1,-1,-1,-1,2,2,3,3,-1,-1,-1,-1,2,2,3,3,-1,-1,-1,-1,2,2,3,3,-1,-1,-1,-1,2,2,3,3,-1,-1,-1,-1,2,2,3,3,-1,-1,-1,-1,2,2,3,3,-1,-1,-1,-1,2,2,3,3,-1,-1,-1,-1,2,2,3,3,-1,-1,-1,-1,2,2,3,3,-1,-1,-1,-1,2,2,3,3,-1,-1,-1,-1,2,2,3,3,-1,-1,-1,-1,2,2,3,3,-1,-1,-1,-1,
Reading file: ../../2025.1/se_test/gift64/bonc_round20.json
Output: ciphertext, Size: 16
0000000100011111
0000000100111010
0100011000010100
0010010000000010
48518269,67951242,121135475,113352006,-1,-1,-1,-1,48518269,67951242,121135475,113352006,-1,-1,-1,-1,48518269,67951242,121135475,113352006,-1,-1,-1,-1,48518269,67951242,121135475,113352006,-1,-1,-1,-1,48518269,67951242,121135475,113352006,-1,-1,-1,-1,48518269,67951242,121135475,113352006,-1,-1,-1,-1,48518269,67951242,121135475,113352006,-1,-1,-1,-1,48518269,67951242,121135475,113352006,-1,-1,-1,-1,48518269,67951242,121135475,113352006,-1,-1,-1,-1,48518269,67951242,121135475,113352006,-1,-1,-1,-1,48518269,67951242,121135475,113352006,-1,-1,-1,-1,48518269,67951242,121135475,113352006,-1,-1,-1,-1,48518269,67951242,121135475,113352006,-1,-1,-1,-1,48518269,67951242,121135475,113352006,-1,-1,-1,-1,48518269,67951242,121135475,113352006,-1,-1,-1,-1,48518269,67951242,121135475,113352006,-1,-1,-1,-1,
Reading file: ../../2025.1/se_test/gift64/bonc_round21.json
Output: ciphertext, Size: 16
0000000100011111
0000000100111010
0100011000010100
0010010000000010
121135475,169653744,302438723,283005750,-1,-1,-1,-1,121135475,169653744,302438723,283005750,-1,-1,-1,-1,121135475,169653744,302438723,283005750,-1,-1,-1,-1,121135475,169653744,302438723,283005750,-1,-1,-1,-1,121135475,169653744,302438723,283005750,-1,-1,-1,-1,121135475,169653744,302438723,283005750,-1,-1,-1,-1,121135475,169653744,302438723,283005750,-1,-1,-1,-1,121135475,169653744,302438723,283005750,-1,-1,-1,-1,121135475,169653744,302438723,283005750,-1,-1,-1,-1,121135475,169653744,302438723,283005750,-1,-1,-1,-1,121135475,169653744,302438723,283005750,-1,-1,-1,-1,121135475,169653744,302438723,283005750,-1,-1,-1,-1,121135475,169653744,302438723,283005750,-1,-1,-1,-1,121135475,169653744,302438723,283005750,-1,-1,-1,-1,121135475,169653744,302438723,283005750,-1,-1,-1,-1,121135475,169653744,302438723,283005750,-1,-1,-1,-1,
Reading file: ../../2025.1/se_test/gift64/bonc_round22.json
Output: ciphertext, Size: 16
0000000100011111
0000000100111010
0100011000010100
0010010000000010
302438723,423574198,755098217,706579948,-1,-1,-1,-1,302438723,423574198,755098217,706579948,-1,-1,-1,-1,302438723,423574198,755098217,706579948,-1,-1,-1,-1,302438723,423574198,755098217,706579948,-1,-1,-1,-1,302438723,423574198,755098217,706579948,-1,-1,-1,-1,302438723,423574198,755098217,706579948,-1,-1,-1,-1,302438723,423574198,755098217,706579948,-1,-1,-1,-1,302438723,423574198,755098217,706579948,-1,-1,-1,-1,302438723,423574198,755098217,706579948,-1,-1,-1,-1,302438723,423574198,755098217,706579948,-1,-1,-1,-1,302438723,423574198,755098217,706579948,-1,-1,-1,-1,302438723,423574198,755098217,706579948,-1,-1,-1,-1,302438723,423574198,755098217,706579948,-1,-1,-1,-1,302438723,423574198,755098217,706579948,-1,-1,-1,-1,302438723,423574198,755098217,706579948,-1,-1,-1,-1,302438723,423574198,755098217,706579948,-1,-1,-1,-1,
Reading file: ../../2025.1/se_test/gift64/bonc_round23.json
Output: ciphertext, Size: 16
0000000100011111
0000000100111010
0100011000010100
0010010000000010
755098217,1057536940,1885252363,1764116888,-1,-1,-1,-1,755098217,1057536940,1885252363,1764116888,-1,-1,-1,-1,755098217,1057536940,1885252363,1764116888,-1,-1,-1,-1,755098217,1057536940,1885252363,1764116888,-1,-1,-1,-1,755098217,1057536940,1885252363,1764116888,-1,-1,-1,-1,755098217,1057536940,1885252363,1764116888,-1,-1,-1,-1,755098217,1057536940,1885252363,1764116888,-1,-1,-1,-1,755098217,1057536940,1885252363,1764116888,-1,-1,-1,-1,755098217,1057536940,1885252363,1764116888,-1,-1,-1,-1,755098217,1057536940,1885252363,1764116888,-1,-1,-1,-1,755098217,1057536940,1885252363,1764116888,-1,-1,-1,-1,755098217,1057536940,1885252363,1764116888,-1,-1,-1,-1,755098217,1057536940,1885252363,1764116888,-1,-1,-1,-1,755098217,1057536940,1885252363,1764116888,-1,-1,-1,-1,755098217,1057536940,1885252363,1764116888,-1,-1,-1,-1,755098217,1057536940,1885252363,1764116888,-1,-1,-1,-1,
Reading file: ../../2025.1/se_test/gift64/bonc_round24.json
Output: ciphertext, Size: 16
0000000100011111
0000000100111010
0100011000010100
0010010000000010
1885252363,1885252363,2115073880,2066555611,-1,-1,-1,-1,1885252363,1885252363,2115073880,1812635157,-1,-1,-1,-1,1885252363,1885252363,2115073880,1812635157,-1,-1,-1,-1,1885252363,1885252363,2115073880,1812635157,-1,-1,-1,-1,1885252363,1885252363,2115073880,1812635157,-1,-1,-1,-1,1885252363,1885252363,2115073880,1812635157,-1,-1,-1,-1,1885252363,1885252363,2115073880,1812635157,-1,-1,-1,-1,1885252363,1885252363,2115073880,1812635157,-1,-1,-1,-1,1885252363,1885252363,2115073880,1812635157,-1,-1,-1,-1,1885252363,1885252363,2115073880,1812635157,-1,-1,-1,-1,1885252363,1885252363,2115073880,1812635157,-1,-1,-1,-1,1885252363,1885252363,2115073880,1812635157,-1,-1,-1,-1,1885252363,1885252363,2115073880,1812635157,-1,-1,-1,-1,1885252363,1885252363,2115073880,1812635157,-1,-1,-1,-1,1885252363,1885252363,2115073880,1812635157,-1,-1,-1,-1,1885252363,1885252363,2115073880,1812635157,-1,-1,-1,-1,
Reading file: ../../2025.1/se_test/gift64/bonc_round25.json
Output: ciphertext, Size: 16
0000000100011111
0000000100111010
0100011000010100
0010010000000010
2115073880,2115073880,2115073880,1885252363,-1,-1,-1,-1,2115073880,2115073880,2115073880,1885252363,-1,-1,-1,-1,2115073880,2115073880,2115073880,1885252363,-1,-1,-1,-1,2115073880,2115073880,2115073880,2115073880,-1,-1,-1,-1,2115073880,2115073880,2115073880,1885252363,-1,-1,-1,-1,2115073880,2115073880,2115073880,1885252363,-1,-1,-1,-1,2115073880,2115073880,2115073880,1885252363,-1,-1,-1,-1,2115073880,2115073880,2115073880,1885252363,-1,-1,-1,-1,2115073880,2115073880,2115073880,1885252363,-1,-1,-1,-1,2115073880,2115073880,2115073880,2115073880,-1,-1,-1,-1,2115073880,2115073880,2115073880,1885252363,-1,-1,-1,-1,2115073880,2115073880,2115073880,1885252363,-1,-1,-1,-1,2115073880,2115073880,2115073880,1885252363,-1,-1,-1,-1,2115073880,2115073880,2115073880,2115073880,-1,-1,-1,-1,2115073880,2115073880,2115073880,1885252363,-1,-1,-1,-1,2115073880,2115073880,2115073880,1885252363,-1,-1,-1,-1,
Reading file: ../../2025.1/se_test/gift64/bonc_round26.json
Output: ciphertext, Size: 16
0000000100011111
0000000100111010
0100011000010100
0010010000000010
2115073880,2115073880,2115073880,2115073880,-1,-1,-1,-1,2115073880,2115073880,2115073880,2115073880,-1,-1,-1,-1,2115073880,2115073880,2115073880,2115073880,-1,-1,-1,-1,2115073880,2115073880,2115073880,2115073880,-1,-1,-1,-1,2115073880,2115073880,2115073880,2115073880,-1,-1,-1,-1,2115073880,2115073880,2115073880,2115073880,-1,-1,-1,-1,2115073880,2115073880,2115073880,2115073880,-1,-1,-1,-1,2115073880,2115073880,2115073880,2115073880,-1,-1,-1,-1,2115073880,2115073880,2115073880,2115073880,-1,-1,-1,-1,2115073880,2115073880,2115073880,2115073880,-1,-1,-1,-1,2115073880,2115073880,2115073880,2115073880,-1,-1,-1,-1,2115073880,2115073880,2115073880,2115073880,-1,-1,-1,-1,2115073880,2115073880,2115073880,2115073880,-1,-1,-1,-1,2115073880,2115073880,2115073880,2115073880,-1,-1,-1,-1,2115073880,2115073880,2115073880,2115073880,-1,-1,-1,-1,2115073880,2115073880,2115073880,2115073880,-1,-1,-1,-1,
Reading file: ../../2025.1/se_test/gift64/bonc_round27.json
Output: ciphertext, Size: 16
0000000100011111
0000000100111010
0100011000010100
0010010000000010
2115073880,2115073880,2115073880,2115073880,-1,-1,-1,-1,2115073880,2115073880,2115073880,2115073880,-1,-1,-1,-1,2115073880,2115073880,2115073880,2115073880,-1,-1,-1,-1,2115073880,2115073880,2115073880,2115073880,-1,-1,-1,-1,2115073880,2115073880,2115073880,2115073880,-1,-1,-1,-1,2115073880,2115073880,2115073880,2115073880,-1,-1,-1,-1,2115073880,2115073880,2115073880,2115073880,-1,-1,-1,-1,2115073880,2115073880,2115073880,2115073880,-1,-1,-1,-1,2115073880,2115073880,2115073880,2115073880,-1,-1,-1,-1,2115073880,2115073880,2115073880,2115073880,-1,-1,-1,-1,2115073880,2115073880,2115073880,2115073880,-1,-1,-1,-1,2115073880,2115073880,2115073880,2115073880,-1,-1,-1,-1,2115073880,2115073880,2115073880,2115073880,-1,-1,-1,-1,2115073880,2115073880,2115073880,2115073880,-1,-1,-1,-1,2115073880,2115073880,2115073880,2115073880,-1,-1,-1,-1,2115073880,2115073880,2115073880,2115073880,-1,-1,-1,-1,
Reading file: ../../2025.1/se_test/gift64/bonc_round28.json
Output: ciphertext, Size: 16
0000000100011111
0000000100111010
0100011000010100
0010010000000010
2115073880,2115073880,2115073880,2115073880,-1,-1,-1,-1,2115073880,2115073880,2115073880,2115073880,-1,-1,-1,-1,2115073880,2115073880,2115073880,2115073880,-1,-1,-1,-1,2115073880,2115073880,2115073880,2115073880,-1,-1,-1,-1,2115073880,2115073880,2115073880,2115073880,-1,-1,-1,-1,2115073880,2115073880,2115073880,2115073880,-1,-1,-1,-1,2115073880,2115073880,2115073880,2115073880,-1,-1,-1,-1,2115073880,2115073880,2115073880,2115073880,-1,-1,-1,-1,2115073880,2115073880,2115073880,2115073880,-1,-1,-1,-1,2115073880,2115073880,2115073880,2115073880,-1,-1,-1,-1,2115073880,2115073880,2115073880,2115073880,-1,-1,-1,-1,2115073880,2115073880,2115073880,2115073880,-1,-1,-1,-1,2115073880,2115073880,2115073880,2115073880,-1,-1,-1,-1,2115073880,2115073880,2115073880,2115073880,-1,-1,-1,-1,2115073880,2115073880,2115073880,2115073880,-1,-1,-1,-1,2115073880,2115073880,2115073880,2115073880,-1,-1,-1,-1,
Reading file: ../../2025.1/se_test/gift64/bonc_round2.json
Output: ciphertext, Size: 16
0000000100011111
0000000100111010
0100011000010100
0010010000000010
4,5,8,8,-1,-1,-1,-1,4,5,8,8,-1,-1,-1,-1,4,5,8,8,-1,-1,-1,-1,4,5,8,8,-1,-1,-1,-1,4,5,8,8,-1,-1,-1,-1,4,5,8,8,-1,-1,-1,-1,4,5,8,8,-1,-1,-1,-1,4,5,8,8,-1,-1,-1,-1,4,5,8,8,-1,-1,-1,-1,4,5,8,8,-1,-1,-1,-1,4,5,8,8,-1,-1,-1,-1,4,5,8,8,-1,-1,-1,-1,4,5,8,8,-1,-1,-1,-1,4,5,8,8,-1,-1,-1,-1,4,5,8,8,-1,-1,-1,-1,4,5,8,8,-1,-1,-1,-1,
Reading file: ../../2025.1/se_test/gift64/bonc_round3.json
Output: ciphertext, Size: 16
0000000100011111
0000000100111010
0100011000010100
0010010000000010
9,12,21,20,-1,-1,-1,-1,9,12,21,20,-1,-1,-1,-1,9,12,21,20,-1,-1,-1,-1,9,12,21,20,-1,-1,-1,-1,9,12,21,20,-1,-1,-1,-1,9,12,21,20,-1,-1,-1,-1,9,12,21,20,-1,-1,-1,-1,9,12,21,20,-1,-1,-1,-1,9,12,21,20,-1,-1,-1,-1,9,12,21,20,-1,-1,-1,-1,9,12,21,20,-1,-1,-1,-1,9,12,21,20,-1,-1,-1,-1,9,12,21,20,-1,-1,-1,-1,9,12,21,20,-1,-1,-1,-1,9,12,21,20,-1,-1,-1,-1,9,12,21,20,-1,-1,-1,-1,
Reading file: ../../2025.1/se_test/gift64/bonc_round4.json
Output: ciphertext, Size: 16
0000000100011111
0000000100111010
0100011000010100
0010010000000010
21,30,53,50,-1,-1,-1,-1,21,30,53,50,-1,-1,-1,-1,21,30,53,50,-1,-1,-1,-1,21,30,53,50,-1,-1,-1,-1,21,30,53,50,-1,-1,-1,-1,21,30,53,50,-1,-1,-1,-1,21,30,53,50,-1,-1,-1,-1,21,30,53,50,-1,-1,-1,-1,21,30,53,50,-1,-1,-1,-1,21,30,53,50,-1,-1,-1,-1,21,30,53,50,-1,-1,-1,-1,21,30,53,50,-1,-1,-1,-1,21,30,53,50,-1,-1,-1,-1,21,30,53,50,-1,-1,-1,-1,21,30,53,50,-1,-1,-1,-1,21,30,53,50,-1,-1,-1,-1,
Reading file: ../../2025.1/se_test/gift64/bonc_round5.json
Output: ciphertext, Size: 16
0000000100011111
0000000100111010
0100011000010100
0010010000000010
53,74,133,124,-1,-1,-1,-1,53,74,133,124,-1,-1,-1,-1,53,74,133,124,-1,-1,-1,-1,53,74,133,124,-1,-1,-1,-1,53,74,133,124,-1,-1,-1,-1,53,74,133,124,-1,-1,-1,-1,53,74,133,124,-1,-1,-1,-1,53,74,133,124,-1,-1,-1,-1,53,74,133,124,-1,-1,-1,-1,53,74,133,124,-1,-1,-1,-1,53,74,133,124,-1,-1,-1,-1,53,74,133,124,-1,-1,-1,-1,53,74,133,124,-1,-1,-1,-1,53,74,133,124,-1,-1,-1,-1,53,74,133,124,-1,-1,-1,-1,53,74,133,124,-1,-1,-1,-1,
Reading file: ../../2025.1/se_test/gift64/bonc_round6.json
Output: ciphertext, Size: 16
0000000100011111
0000000100111010
0100011000010100
0010010000000010
133,186,331,310,-1,-1,-1,-1,133,186,331,310,-1,-1,-1,-1,133,186,331,310,-1,-1,-1,-1,133,186,331,310,-1,-1,-1,-1,133,186,331,310,-1,-1,-1,-1,133,186,331,310,-1,-1,-1,-1,133,186,331,310,-1,-1,-1,-1,133,186,331,310,-1,-1,-1,-1,133,186,331,310,-1,-1,-1,-1,133,186,331,310,-1,-1,-1,-1,133,186,331,310,-1,-1,-1,-1,133,186,331,310,-1,-1,-1,-1,133,186,331,310,-1,-1,-1,-1,133,186,331,310,-1,-1,-1,-1,133,186,331,310,-1,-1,-1,-1,133,186,331,310,-1,-1,-1,-1,
Reading file: ../../2025.1/se_test/gift64/bonc_round7.json
Output: ciphertext, Size: 16
0000000100011111
0000000100111010
0100011000010100
0010010000000010
331,464,827,774,-1,-1,-1,-1,331,464,827,774,-1,-1,-1,-1,331,464,827,774,-1,-1,-1,-1,331,464,827,774,-1,-1,-1,-1,331,464,827,774,-1,-1,-1,-1,331,464,827,774,-1,-1,-1,-1,331,464,827,774,-1,-1,-1,-1,331,464,827,774,-1,-1,-1,-1,331,464,827,774,-1,-1,-1,-1,331,464,827,774,-1,-1,-1,-1,331,464,827,774,-1,-1,-1,-1,331,464,827,774,-1,-1,-1,-1,331,464,827,774,-1,-1,-1,-1,331,464,827,774,-1,-1,-1,-1,331,464,827,774,-1,-1,-1,-1,331,464,827,774,-1,-1,-1,-1,
Reading file: ../../2025.1/se_test/gift64/bonc_round8.json
Output: ciphertext, Size: 16
0000000100011111
0000000100111010
0100011000010100
0010010000000010
827,1158,2065,1932,-1,-1,-1,-1,827,1158,2065,1932,-1,-1,-1,-1,827,1158,2065,1932,-1,-1,-1,-1,827,1158,2065,1932,-1,-1,-1,-1,827,1158,2065,1932,-1,-1,-1,-1,827,1158,2065,1932,-1,-1,-1,-1,827,1158,2065,1932,-1,-1,-1,-1,827,1158,2065,1932,-1,-1,-1,-1,827,1158,2065,1932,-1,-1,-1,-1,827,1158,2065,1932,-1,-1,-1,-1,827,1158,2065,1932,-1,-1,-1,-1,827,1158,2065,1932,-1,-1,-1,-1,827,1158,2065,1932,-1,-1,-1,-1,827,1158,2065,1932,-1,-1,-1,-1,827,1158,2065,1932,-1,-1,-1,-1,827,1158,2065,1932,-1,-1,-1,-1,
Reading file: ../../2025.1/se_test/gift64/bonc_round9.json
Output: ciphertext, Size: 16
0000000100011111
0000000100111010
0100011000010100
0010010000000010
2065,2892,5155,4824,-1,-1,-1,-1,2065,2892,5155,4824,-1,-1,-1,-1,2065,2892,5155,4824,-1,-1,-1,-1,2065,2892,5155,4824,-1,-1,-1,-1,2065,2892,5155,4824,-1,-1,-1,-1,2065,2892,5155,4824,-1,-1,-1,-1,2065,2892,5155,4824,-1,-1,-1,-1,2065,2892,5155,4824,-1,-1,-1,-1,2065,2892,5155,4824,-1,-1,-1,-1,2065,2892,5155,4824,-1,-1,-1,-1,2065,2892,5155,4824,-1,-1,-1,-1,2065,2892,5155,4824,-1,-1,-1,-1,2065,2892,5155,4824,-1,-1,-1,-1,2065,2892,5155,4824,-1,-1,-1,-1,2065,2892,5155,4824,-1,-1,-1,-1,2065,2892,5155,4824,-1,-1,-1,-1,
