Reading file: ../../2025.1/se_test/romulus-d/bonc_round1.json
Output: state, Size: 16
1,1,1,1,1,1,1,1,1,1,1,1,1,1,1,1,1,1,1,1,1,1,1,1,1,1,1,1,1,1,1,1,1,1,1,1,1,1,1,1,1,1,1,1,1,1,1,1,1,1,1,1,1,1,1,1,1,1,1,1,1,1,1,1,1,1,1,1,1,1,1,1,1,1,1,1,1,1,1,1,1,1,1,1,1,1,1,1,1,1,1,1,1,1,1,1,1,1,1,1,1,1,1,1,1,1,1,1,1,1,1,1,1,1,1,1,1,1,1,1,1,1,1,1,1,1,1,1,
Reading file: ../../2025.1/se_test/romulus-d/bonc_round2.json
Output: state, Size: 16
6,5,2,2,4,2,2,4,6,5,2,2,4,2,2,4,6,5,2,2,4,2,2,4,6,5,2,2,4,2,2,4,6,5,2,2,4,2,2,4,6,5,2,2,4,2,2,4,6,5,2,2,4,2,2,4,6,5,2,2,4,2,2,4,6,5,2,2,4,2,2,4,6,5,2,2,4,2,2,4,6,5,2,2,4,2,2,4,6,5,2,2,4,2,2,4,6,5,2,2,4,2,2,4,6,5,2,2,4,2,2,4,6,5,2,2,4,2,2,4,6,5,2,2,4,2,2,4,
Reading file: ../../2025.1/se_test/romulus-d/bonc_round3.json
Output: state, Size: 16
21,19,7,8,12,6,6,12,21,19,7,8,12,6,6,12,21,19,7,8,12,6,6,12,21,19,7,8,12,6,6,12,21,19,7,8,12,6,6,12,21,19,7,8,12,6,6,12,21,19,7,8,12,6,6,12,21,19,7,8,12,6,6,12,21,19,7,8,12,6,6,12,21,19,7,8,12,6,6,12,21,19,7,8,12,6,6,12,21,19,7,8,12,6,6,12,21,19,7,8,12,6,6,12,21,19,7,8,12,6,6,12,21,19,7,8,12,6,6,12,21,19,7,8,12,6,6,12,
Reading file: ../../2025.1/se_test/romulus-d/bonc_round4.json
Output: state, Size: 16
73,65,26,29,39,21,18,39,73,65,26,29,39,21,18,39,73,65,26,29,39,21,18,39,73,65,26,29,39,21,18,39,73,65,26,29,39,21,18,39,73,65,26,29,39,21,18,39,73,65,26,29,39,21,18,39,73,65,26,29,39,21,18,39,73,65,26,29,39,21,18,39,73,65,26,29,39,21,18,39,73,65,26,29,39,21,18,39,73,65,26,29,39,21,18,39,73,65,26,29,39,21,18,39,73,65,26,29,39,21,18,39,73,65,26,29,39,21,18,39,73,65,26,29,39,21,18,39,
Reading file: ../../2025.1/se_test/romulus-d/bonc_round5.json
Output: state, Size: 16
250,221,91,102,130,73,57,130,250,221,91,102,130,73,57,130,250,221,91,102,130,73,57,130,250,221,91,102,130,73,57,130,250,221,91,102,130,73,57,130,250,221,91,102,130,73,57,130,250,221,91,102,130,73,57,130,250,221,91,102,130,73,57,130,250,221,91,102,130,73,57,130,250,221,91,102,130,73,57,130,250,221,91,102,130,73,57,130,250,221,91,102,130,73,57,130,250,221,91,102,130,73,57,130,250,221,91,102,130,73,57,130,250,221,91,102,130,73,57,130,250,221,91,102,130,73,57,130,
Reading file: ../../2025.1/se_test/romulus-d/bonc_round6.json
Output: state, Size: 16
851,749,312,352,437,250,187,437,851,749,312,352,437,250,187,437,851,749,312,352,437,250,187,437,851,749,312,352,437,250,187,437,851,749,312,352,437,250,187,437,851,749,312,352,437,250,187,437,851,749,312,352,437,250,187,437,851,749,312,352,437,250,187,437,851,749,312,352,437,250,187,437,851,749,312,352,437,250,187,437,851,749,312,352,437,250,187,437,851,749,312,352,437,250,187,437,851,749,312,352,437,250,187,437,851,749,312,352,437,250,187,437,851,749,312,352,437,250,187,437,851,749,312,352,437,250,187,437,
Reading file: ../../2025.1/se_test/romulus-d/bonc_round7.json
Output: state, Size: 16
2888,2536,1061,1203,1475,851,624,1475,2888,2536,1061,1203,1475,851,624,1475,2888,2536,1061,1203,1475,851,624,1475,2888,2536,1061,1203,1475,851,624,1475,2888,2536,1061,1203,1475,851,624,1475,2888,2536,1061,1203,1475,851,624,1475,2888,2536,1061,1203,1475,851,624,1475,2888,2536,1061,1203,1475,851,624,1475,2888,2536,1061,1203,1475,851,624,1475,2888,2536,1061,1203,1475,851,624,1475,2888,2536,1061,1203,1475,851,624,1475,2888,2536,1061,1203,1475,851,624,1475,2888,2536,1061,1203,1475,851,624,1475,2888,2536,1061,1203,1475,851,624,1475,2888,2536,1061,1203,1475,851,624,1475,2888,2536,1061,1203,1475,851,624,1475,
Reading file: ../../2025.1/se_test/romulus-d/bonc_round8.json
Output: state, Size: 16
9787,8584,3597,4091,4987,2888,2099,4987,9787,8584,3597,4091,4987,2888,2099,4987,9787,8584,3597,4091,4987,2888,2099,4987,9787,8584,3597,4091,4987,2888,2099,4987,9787,8584,3597,4091,4987,2888,2099,4987,9787,8584,3597,4091,4987,2888,2099,4987,9787,8584,3597,4091,4987,2888,2099,4987,9787,8584,3597,4091,4987,2888,2099,4987,9787,8584,3597,4091,4987,2888,2099,4987,9787,8584,3597,4091,4987,2888,2099,4987,9787,8584,3597,4091,4987,2888,2099,4987,9787,8584,3597,4091,4987,2888,2099,4987,9787,8584,3597,4091,4987,2888,2099,4987,9787,8584,3597,4091,4987,2888,2099,4987,9787,8584,3597,4091,4987,2888,2099,4987,9787,8584,3597,4091,4987,2888,2099,4987,
Reading file: ../../2025.1/se_test/romulus-d/bonc_round9.json
Output: state, Size: 16
33145,29054,12181,13878,16873,9787,7086,16873,33145,29054,12181,13878,16873,9787,7086,16873,33145,29054,12181,13878,16873,9787,7086,16873,33145,29054,12181,13878,16873,9787,7086,16873,33145,29054,12181,13878,16873,9787,7086,16873,33145,29054,12181,13878,16873,9787,7086,16873,33145,29054,12181,13878,16873,9787,7086,16873,33145,29054,12181,13878,16873,9787,7086,16873,33145,29054,12181,13878,16873,9787,7086,16873,33145,29054,12181,13878,16873,9787,7086,16873,33145,29054,12181,13878,16873,9787,7086,16873,33145,29054,12181,13878,16873,9787,7086,16873,33145,29054,12181,13878,16873,9787,7086,16873,33145,29054,12181,13878,16873,9787,7086,16873,33145,29054,12181,13878,16873,9787,7086,16873,33145,29054,12181,13878,16873,9787,7086,16873,
Reading file: ../../2025.1/se_test/romulus-d/bonc_round10.json
Output: state, Size: 16
112217,98339,41235,47023,57104,33145,23959,57104,112217,98339,41235,47023,57104,33145,23959,57104,112217,98339,41235,47023,57104,33145,23959,57104,112217,98339,41235,47023,57104,33145,23959,57104,112217,98339,41235,47023,57104,33145,23959,57104,112217,98339,41235,47023,57104,33145,23959,57104,112217,98339,41235,47023,57104,33145,23959,57104,112217,98339,41235,47023,57104,33145,23959,57104,112217,98339,41235,47023,57104,33145,23959,57104,112217,98339,41235,47023,57104,33145,23959,57104,112217,98339,41235,47023,57104,33145,23959,57104,112217,98339,41235,47023,57104,33145,23959,57104,112217,98339,41235,47023,57104,33145,23959,57104,112217,98339,41235,47023,57104,33145,23959,57104,112217,98339,41235,47023,57104,33145,23959,57104,112217,98339,41235,47023,57104,33145,23959,57104,
Reading file: ../../2025.1/se_test/romulus-d/bonc_round11.json
Output: state, Size: 16
379877,332854,139574,159240,193280,112217,81063,193280,379877,332854,139574,159240,193280,112217,81063,193280,379877,332854,139574,159240,193280,112217,81063,193280,379877,332854,139574,159240,193280,112217,81063,193280,379877,332854,139574,159240,193280,112217,81063,193280,379877,332854,139574,159240,193280,112217,81063,193280,379877,332854,139574,159240,193280,112217,81063,193280,379877,332854,139574,159240,193280,112217,81063,193280,379877,332854,139574,159240,193280,112217,81063,193280,379877,332854,139574,159240,193280,112217,81063,193280,379877,332854,139574,159240,193280,112217,81063,193280,379877,332854,139574,159240,193280,112217,81063,193280,379877,332854,139574,159240,193280,112217,81063,193280,379877,332854,139574,159240,193280,112217,81063,193280,379877,332854,139574,159240,193280,112217,81063,193280,379877,332854,139574,159240,193280,112217,81063,193280,
Reading file: ../../2025.1/se_test/romulus-d/bonc_round12.json
Output: state, Size: 16
1285888,1126648,472428,539117,654220,379877,274343,654220,1285888,1126648,472428,539117,654220,379877,274343,654220,1285888,1126648,472428,539117,654220,379877,274343,654220,1285888,1126648,472428,539117,654220,379877,274343,654220,1285888,1126648,472428,539117,654220,379877,274343,654220,1285888,1126648,472428,539117,654220,379877,274343,654220,1285888,1126648,472428,539117,654220,379877,274343,654220,1285888,1126648,472428,539117,654220,379877,274343,654220,1285888,1126648,472428,539117,654220,379877,274343,654220,1285888,1126648,472428,539117,654220,379877,274343,654220,1285888,1126648,472428,539117,654220,379877,274343,654220,1285888,1126648,472428,539117,654220,379877,274343,654220,1285888,1126648,472428,539117,654220,379877,274343,654220,1285888,1126648,472428,539117,654220,379877,274343,654220,1285888,1126648,472428,539117,654220,379877,274343,654220,1285888,1126648,472428,539117,654220,379877,274343,654220,
Reading file: ../../2025.1/se_test/romulus-d/bonc_round13.json
Output: state, Size: 16
4352644,3813527,1599076,1825005,2214451,1285888,928563,2214451,4352644,3813527,1599076,1825005,2214451,1285888,928563,2214451,4352644,3813527,1599076,1825005,2214451,1285888,928563,2214451,4352644,3813527,1599076,1825005,2214451,1285888,928563,2214451,4352644,3813527,1599076,1825005,2214451,1285888,928563,2214451,4352644,3813527,1599076,1825005,2214451,1285888,928563,2214451,4352644,3813527,1599076,1825005,2214451,1285888,928563,2214451,4352644,3813527,1599076,1825005,2214451,1285888,928563,2214451,4352644,3813527,1599076,1825005,2214451,1285888,928563,2214451,4352644,3813527,1599076,1825005,2214451,1285888,928563,2214451,4352644,3813527,1599076,1825005,2214451,1285888,928563,2214451,4352644,3813527,1599076,1825005,2214451,1285888,928563,2214451,4352644,3813527,1599076,1825005,2214451,1285888,928563,2214451,4352644,3813527,1599076,1825005,2214451,1285888,928563,2214451,4352644,3813527,1599076,1825005,2214451,1285888,928563,2214451,4352644,3813527,1599076,1825005,2214451,1285888,928563,2214451,
Reading file: ../../2025.1/se_test/romulus-d/bonc_round14.json
Output: state, Size: 16
14733266,12908261,5412603,6177649,7495658,4352644,3143014,7495658,14733266,12908261,5412603,6177649,7495658,4352644,3143014,7495658,14733266,12908261,5412603,6177649,7495658,4352644,3143014,7495658,14733266,12908261,5412603,6177649,7495658,4352644,3143014,7495658,14733266,12908261,5412603,6177649,7495658,4352644,3143014,7495658,14733266,12908261,5412603,6177649,7495658,4352644,3143014,7495658,14733266,12908261,5412603,6177649,7495658,4352644,3143014,7495658,14733266,12908261,5412603,6177649,7495658,4352644,3143014,7495658,14733266,12908261,5412603,6177649,7495658,4352644,3143014,7495658,14733266,12908261,5412603,6177649,7495658,4352644,3143014,7495658,14733266,12908261,5412603,6177649,7495658,4352644,3143014,7495658,14733266,12908261,5412603,6177649,7495658,4352644,3143014,7495658,14733266,12908261,5412603,6177649,7495658,4352644,3143014,7495658,14733266,12908261,5412603,6177649,7495658,4352644,3143014,7495658,14733266,12908261,5412603,6177649,7495658,4352644,3143014,7495658,14733266,12908261,5412603,6177649,7495658,4352644,3143014,7495658,
Reading file: ../../2025.1/se_test/romulus-d/bonc_round15.json
Output: state, Size: 16
49870451,43692802,18320864,20910915,25371938,14733266,10638672,25371938,49870451,43692802,18320864,20910915,25371938,14733266,10638672,25371938,49870451,43692802,18320864,20910915,25371938,14733266,10638672,25371938,49870451,43692802,18320864,20910915,25371938,14733266,10638672,25371938,49870451,43692802,18320864,20910915,25371938,14733266,10638672,25371938,49870451,43692802,18320864,20910915,25371938,14733266,10638672,25371938,49870451,43692802,18320864,20910915,25371938,14733266,10638672,25371938,49870451,43692802,18320864,20910915,25371938,14733266,10638672,25371938,49870451,43692802,18320864,20910915,25371938,14733266,10638672,25371938,49870451,43692802,18320864,20910915,25371938,14733266,10638672,25371938,49870451,43692802,18320864,20910915,25371938,14733266,10638672,25371938,49870451,43692802,18320864,20910915,25371938,14733266,10638672,25371938,49870451,43692802,18320864,20910915,25371938,14733266,10638672,25371938,49870451,43692802,18320864,20910915,25371938,14733266,10638672,25371938,49870451,43692802,18320864,20910915,25371938,14733266,10638672,25371938,49870451,43692802,18320864,20910915,25371938,14733266,10638672,25371938,
