Reading file: ../../2025.1/se_test/spongent160/bonc_round1.json
Output: ciphertext, Size: 20
2,2,2,2,2,2,2,2,2,2,2,2,2,2,2,2,2,2,2,2,2,2,2,2,2,2,2,2,2,2,2,2,2,2,2,2,2,2,2,2,3,3,3,3,3,3,3,3,3,3,3,3,3,3,3,3,3,3,3,3,3,3,3,3,3,3,3,3,3,3,3,3,3,3,3,3,3,3,3,3,3,3,3,3,3,3,3,3,3,3,3,3,3,3,3,3,3,3,3,3,3,3,3,3,3,3,3,3,3,3,3,3,3,3,3,3,3,3,3,3,3,3,3,3,3,3,3,3,3,3,3,3,3,3,3,3,3,3,3,3,3,3,3,3,3,3,3,3,3,3,3,3,3,3,3,3,3,3,3,3,
Reading file: ../../2025.1/se_test/spongent160/bonc_round2.json
Output: ciphertext, Size: 20
4,4,4,4,4,4,4,4,4,4,6,6,6,6,6,6,6,6,6,6,6,6,6,6,6,6,6,6,6,6,6,6,6,6,6,6,6,6,6,6,6,6,6,6,6,6,6,6,6,6,9,9,9,9,9,9,9,9,9,9,9,9,9,9,9,9,9,9,9,9,9,9,9,9,9,9,9,9,9,9,6,6,6,6,6,6,6,6,6,6,9,9,9,9,9,9,9,9,9,9,9,9,9,9,9,9,9,9,9,9,9,9,9,9,9,9,9,9,9,9,6,6,6,6,6,6,6,6,6,6,9,9,9,9,9,9,9,9,9,9,9,9,9,9,9,9,9,9,9,9,9,9,9,9,9,9,9,9,9,9,
Reading file: ../../2025.1/se_test/spongent160/bonc_round3.json
Output: ciphertext, Size: 20
8,8,10,12,12,12,12,12,12,12,12,12,15,18,18,18,18,18,18,18,12,12,15,18,18,18,18,18,18,18,12,12,15,18,18,18,18,18,18,18,12,12,16,18,18,18,18,18,18,18,18,18,24,27,27,27,27,27,27,27,18,18,24,27,27,27,27,27,27,27,18,18,24,27,27,27,27,27,27,27,12,12,16,18,18,18,18,18,18,18,18,18,24,27,27,27,27,27,27,27,18,18,24,27,27,27,27,27,27,27,18,18,24,27,27,27,27,27,27,27,12,12,16,18,18,18,18,18,18,18,18,18,24,27,27,27,27,27,27,27,18,18,24,27,27,27,27,27,27,27,18,18,24,27,27,27,27,27,27,27,
Reading file: ../../2025.1/se_test/spongent160/bonc_round4.json
Output: ciphertext, Size: 20
18,24,24,36,36,27,36,30,36,36,28,36,36,54,54,42,54,45,54,54,28,36,36,54,54,42,54,45,54,54,28,36,36,54,54,42,54,45,54,54,30,36,36,54,54,45,54,42,54,54,46,54,54,81,81,69,81,63,81,81,46,54,54,81,81,69,81,63,81,81,46,54,54,81,81,69,81,63,81,81,30,36,36,54,54,45,54,42,54,54,46,54,54,81,81,69,81,63,81,81,46,54,54,81,81,69,81,63,81,81,46,54,54,81,81,69,81,63,81,81,30,36,36,51,54,45,54,48,51,54,46,54,54,78,81,69,81,72,78,81,46,54,54,78,81,69,81,72,78,81,46,54,54,78,81,69,81,72,78,81,
Reading file: ../../2025.1/se_test/spongent160/bonc_round5.json
Output: ciphertext, Size: 20
48,63,64,108,99,72,96,82,108,99,72,99,100,162,144,108,150,127,162,144,72,99,100,162,144,108,150,127,162,144,72,99,100,159,150,108,150,127,159,150,84,93,100,150,153,126,141,118,150,153,126,141,154,231,225,189,213,181,231,225,126,141,154,231,225,189,213,181,231,225,123,147,154,228,231,186,222,181,228,231,84,93,100,150,153,126,141,118,150,153,126,141,154,231,225,189,213,181,231,225,126,141,154,231,225,189,213,181,231,225,123,147,154,228,231,186,222,181,228,231,78,102,108,132,162,118,153,144,132,162,120,150,162,204,243,181,225,216,204,243,120,150,162,204,243,181,225,216,204,243,117,156,159,204,240,178,234,213,204,240,
Reading file: ../../2025.1/se_test/spongent160/bonc_round6.json
Output: ciphertext, Size: 20
127,168,171,306,289,199,258,216,309,286,193,267,279,456,412,295,402,348,459,409,193,267,279,456,412,295,402,348,459,409,210,271,282,447,420,312,406,360,444,417,235,250,270,414,433,361,385,315,417,436,343,385,420,645,637,526,583,495,645,640,343,385,420,645,637,526,583,495,645,640,342,415,432,628,663,516,622,516,622,657,235,250,270,414,433,361,385,315,417,436,343,385,420,645,637,526,583,495,645,640,343,385,420,645,637,526,583,495,645,640,342,415,432,628,663,516,622,516,622,657,220,277,306,370,456,334,421,405,367,459,334,412,444,574,669,511,619,603,571,681,334,412,444,574,669,511,619,603,571,681,318,459,444,586,684,486,684,603,577,687,
Reading file: ../../2025.1/se_test/spongent160/bonc_round7.json
Output: ciphertext, Size: 20
339,457,479,868,807,546,697,619,867,804,520,746,779,1282,1140,805,1109,982,1291,1138,520,746,779,1282,1140,805,1109,982,1291,1138,583,755,793,1243,1174,856,1130,999,1270,1180,645,673,746,1163,1216,1002,1045,890,1179,1221,934,1061,1164,1808,1780,1450,1604,1397,1807,1795,934,1061,1164,1808,1780,1450,1604,1397,1807,1795,953,1160,1205,1754,1855,1430,1733,1458,1756,1867,645,673,746,1163,1216,1002,1045,890,1179,1221,934,1061,1164,1808,1780,1450,1604,1397,1807,1795,934,1061,1164,1808,1780,1450,1604,1397,1807,1795,953,1160,1205,1754,1855,1430,1733,1458,1756,1867,604,763,862,1030,1270,928,1162,1139,1041,1267,919,1133,1238,1591,1868,1408,1715,1700,1611,1901,919,1133,1238,1591,1868,1408,1715,1700,1611,1901,896,1282,1238,1624,1903,1352,1891,1711,1614,1974,
