[2025-12-22 11:56:55.298] [info] [thread 3158468] [clice.cc:101] argv[0] = /home/guyutongxue/.config/Code/User/globalStorage/ykiko.clice-vscode/bin/clice
[2025-12-22 11:56:55.298] [info] [thread 3158468] [clice.cc:101] argv[1] = --mode=pipe
[2025-12-22 11:56:55.298] [info] [thread 3158468] [clice.cc:115] Server starts listening on stdin/stdout
[2025-12-22 11:56:55.298] [info] [thread 3158468] [Server.cpp:164] <-- Handling request: initialize(0)
[2025-12-22 11:56:55.298] [info] [thread 3158468] [Lifecycle.cpp:6] Initialize from client: Visual Studio Code, version: 1.107.0
[2025-12-22 11:56:55.298] [warning] [thread 3158468] [Lifecycle.cpp:27] Fail to load config, because: Config file doesn't exist!
[2025-12-22 11:56:55.298] [info] [thread 3158468] [Lifecycle.cpp:28] Use default config: {
    "project": {
        "cache_dir": "/home/guyutongxue/Documents/files/2025.4/bonc/.clice/cache",
        "clang_tidy": false,
        "compile_commands_dirs": [
            "/home/guyutongxue/Documents/files/2025.4/bonc/build"
        ],
        "index_dir": "/home/guyutongxue/Documents/files/2025.4/bonc/.clice/index",
        "logging_dir": "/home/guyutongxue/Documents/files/2025.4/bonc/.clice/logging",
        "max_active_file": 8,
        "root": true
    },
    "rules": [],
    "workspace": "/home/guyutongxue/Documents/files/2025.4/bonc"
}
[2025-12-22 11:56:55.299] [warning] [thread 3158468] [Document.cpp:16] Fail to load cache info, because: No such file or directory
[2025-12-22 11:56:55.299] [info] [thread 3158468] [Server.cpp:171] --> Handled request: initialize(0) 0ms
[2025-12-22 11:56:55.299] [info] [thread 3158468] [Server.cpp:174] <-- Handling notification: initialized
[2025-12-22 11:56:55.299] [info] [thread 3158468] [Indexer.cpp:113] Fail to load project index form /home/guyutongxue/Documents/files/2025.4/bonc/.clice/index/project.idx
[2025-12-22 11:56:55.299] [info] [thread 3158468] [Server.cpp:181] --> Handled notification: initialized 0ms
[2025-12-22 11:56:55.301] [error] [thread 3158492] [Compilation.cpp:116]  Fail to create invocation, arguments list is: [/home/linuxbrew/.linuxbrew/bin/gcc-15 -I /home/guyutongxue/Documents/files/2025.4/bonc/build/_deps/espresso-src/espresso-src -g -std=gnu99 /home/guyutongxue/Documents/files/2025.4/bonc/build/_deps/espresso-src/espresso-src/rows.c]
[2025-12-22 11:56:55.301] [error] [thread 3158478] [Compilation.cpp:116]  Fail to create invocation, arguments list is: [/home/linuxbrew/.linuxbrew/bin/gcc-15 -I /home/guyutongxue/Documents/files/2025.4/bonc/build/_deps/espresso-src/espresso-src -g -std=gnu99 /home/guyutongxue/Documents/files/2025.4/bonc/build/_deps/espresso-src/espresso-src/reduce.c]
[2025-12-22 11:56:55.301] [error] [thread 3158481] [Compilation.cpp:116]  Fail to create invocation, arguments list is: [/home/linuxbrew/.linuxbrew/bin/gcc-15 -I /home/guyutongxue/Documents/files/2025.4/bonc/build/_deps/espresso-src/espresso-src -g -std=gnu99 /home/guyutongxue/Documents/files/2025.4/bonc/build/_deps/espresso-src/espresso-src/verify.c]
[2025-12-22 11:56:55.301] [error] [thread 3158495] [Compilation.cpp:116]  Fail to create invocation, arguments list is: [/home/linuxbrew/.linuxbrew/bin/gcc-15 -I /home/guyutongxue/Documents/files/2025.4/bonc/build/_deps/espresso-src/espresso-src -g -std=gnu99 /home/guyutongxue/Documents/files/2025.4/bonc/build/_deps/espresso-src/espresso-src/compl.c]
[2025-12-22 11:56:55.301] [error] [thread 3158480] [Compilation.cpp:116]  Fail to create invocation, arguments list is: [/home/linuxbrew/.linuxbrew/bin/gcc-15 -I /home/guyutongxue/Documents/files/2025.4/bonc/build/_deps/espresso-src/espresso-src -g -std=gnu99 /home/guyutongxue/Documents/files/2025.4/bonc/build/_deps/espresso-src/espresso-src/cols.c]
[2025-12-22 11:56:55.301] [error] [thread 3158482] [Compilation.cpp:116]  Fail to create invocation, arguments list is: [/home/linuxbrew/.linuxbrew/bin/gcc-15 -I /home/guyutongxue/Documents/files/2025.4/bonc/build/_deps/espresso-src/espresso-src -g -std=gnu99 /home/guyutongxue/Documents/files/2025.4/bonc/build/_deps/espresso-src/espresso-src/cubestr.c]
[2025-12-22 11:56:55.301] [info] [thread 3158480] [Indexer.cpp:29] Fail to index for /home/guyutongxue/Documents/files/2025.4/bonc/build/_deps/espresso-src/espresso-src/cols.c, because: Fail to create compilation invocation!
[2025-12-22 11:56:55.301] [info] [thread 3158468] [Server.cpp:174] <-- Handling notification: textDocument/didOpen
[2025-12-22 11:56:55.301] [error] [thread 3158484] [Compilation.cpp:116]  Fail to create invocation, arguments list is: [/home/linuxbrew/.linuxbrew/bin/gcc-15 -I /home/guyutongxue/Documents/files/2025.4/bonc/build/_deps/espresso-src/espresso-src -g -std=gnu99 /home/guyutongxue/Documents/files/2025.4/bonc/build/_deps/espresso-src/espresso-src/cvrmisc.c]
[2025-12-22 11:56:55.301] [info] [thread 3158484] [Indexer.cpp:29] Fail to index for /home/guyutongxue/Documents/files/2025.4/bonc/build/_deps/espresso-src/espresso-src/cvrmisc.c, because: Fail to create compilation invocation!
[2025-12-22 11:56:55.301] [info] [thread 3158468] [Server.cpp:181] --> Handled notification: textDocument/didOpen 0ms
[2025-12-22 11:56:55.301] [info] [thread 3158468] [Toolchain.cpp:63] Execute command: [/home/linuxbrew/.linuxbrew/bin/clang++ -### -fsyntax-only -std=c++20 -resource-dir /home/guyutongxue/.config/Code/User/globalStorage/ykiko.clice-vscode/lib/clang/21 /tmp/query-toolchain-57cb42.hpp]
[2025-12-22 11:56:55.301] [error] [thread 3158494] [Compilation.cpp:116]  Fail to create invocation, arguments list is: [/home/linuxbrew/.linuxbrew/bin/gcc-15 -I /home/guyutongxue/Documents/files/2025.4/bonc/build/_deps/espresso-src/espresso-src -g -std=gnu99 /home/guyutongxue/Documents/files/2025.4/bonc/build/_deps/espresso-src/espresso-src/expand.c]
[2025-12-22 11:56:55.301] [error] [thread 3158473] [Compilation.cpp:116]  Fail to create invocation, arguments list is: [/home/linuxbrew/.linuxbrew/bin/gcc-15 -I /home/guyutongxue/Documents/files/2025.4/bonc/build/_deps/espresso-src/espresso-src -g -std=gnu99 /home/guyutongxue/Documents/files/2025.4/bonc/build/_deps/espresso-src/espresso-src/cpu_time.c]
[2025-12-22 11:56:55.301] [info] [thread 3158481] [Indexer.cpp:29] Fail to index for /home/guyutongxue/Documents/files/2025.4/bonc/build/_deps/espresso-src/espresso-src/verify.c, because: Fail to create compilation invocation!
[2025-12-22 11:56:55.301] [info] [thread 3158492] [Indexer.cpp:29] Fail to index for /home/guyutongxue/Documents/files/2025.4/bonc/build/_deps/espresso-src/espresso-src/rows.c, because: Fail to create compilation invocation!
[2025-12-22 11:56:55.301] [info] [thread 3158495] [Indexer.cpp:29] Fail to index for /home/guyutongxue/Documents/files/2025.4/bonc/build/_deps/espresso-src/espresso-src/compl.c, because: Fail to create compilation invocation!
[2025-12-22 11:56:55.301] [error] [thread 3158497] [Compilation.cpp:116]  Fail to create invocation, arguments list is: [/home/linuxbrew/.linuxbrew/bin/gcc-15 -I /home/guyutongxue/Documents/files/2025.4/bonc/build/_deps/espresso-src/espresso-src -g -std=gnu99 /home/guyutongxue/Documents/files/2025.4/bonc/build/_deps/espresso-src/espresso-src/cvrout.c]
[2025-12-22 11:56:55.302] [info] [thread 3158497] [Indexer.cpp:29] Fail to index for /home/guyutongxue/Documents/files/2025.4/bonc/build/_deps/espresso-src/espresso-src/cvrout.c, because: Fail to create compilation invocation!
[2025-12-22 11:56:55.302] [info] [thread 3158478] [Indexer.cpp:29] Fail to index for /home/guyutongxue/Documents/files/2025.4/bonc/build/_deps/espresso-src/espresso-src/reduce.c, because: Fail to create compilation invocation!
[2025-12-22 11:56:55.302] [error] [thread 3158489] [Compilation.cpp:116]  Fail to create invocation, arguments list is: [/home/linuxbrew/.linuxbrew/bin/gcc-15 -I /home/guyutongxue/Documents/files/2025.4/bonc/build/_deps/espresso-src/espresso-src -g -std=gnu99 /home/guyutongxue/Documents/files/2025.4/bonc/build/_deps/espresso-src/espresso-src/sharp.c]
[2025-12-22 11:56:55.302] [info] [thread 3158489] [Indexer.cpp:29] Fail to index for /home/guyutongxue/Documents/files/2025.4/bonc/build/_deps/espresso-src/espresso-src/sharp.c, because: Fail to create compilation invocation!
[2025-12-22 11:56:55.302] [error] [thread 3158487] [Compilation.cpp:116]  Fail to create invocation, arguments list is: [/home/linuxbrew/.linuxbrew/bin/gcc-15 -I /home/guyutongxue/Documents/files/2025.4/bonc/build/_deps/espresso-src/espresso-src -g -std=gnu99 /home/guyutongxue/Documents/files/2025.4/bonc/build/_deps/espresso-src/espresso-src/globals.c]
[2025-12-22 11:56:55.302] [info] [thread 3158487] [Indexer.cpp:29] Fail to index for /home/guyutongxue/Documents/files/2025.4/bonc/build/_deps/espresso-src/espresso-src/globals.c, because: Fail to create compilation invocation!
[2025-12-22 11:56:55.301] [error] [thread 3158474] [Compilation.cpp:116]  Fail to create invocation, arguments list is: [/home/linuxbrew/.linuxbrew/bin/gcc-15 -I /home/guyutongxue/Documents/files/2025.4/bonc/build/_deps/espresso-src/espresso-src -g -std=gnu99 /home/guyutongxue/Documents/files/2025.4/bonc/build/_deps/espresso-src/espresso-src/equiv.c]
[2025-12-22 11:56:55.302] [error] [thread 3158499] [Compilation.cpp:116]  Fail to create invocation, arguments list is: [/home/linuxbrew/.linuxbrew/bin/gcc-15 -I /home/guyutongxue/Documents/files/2025.4/bonc/build/_deps/espresso-src/espresso-src -g -std=gnu99 /home/guyutongxue/Documents/files/2025.4/bonc/build/_deps/espresso-src/espresso-src/main.c]
[2025-12-22 11:56:55.301] [error] [thread 3158496] [Compilation.cpp:116]  Fail to create invocation, arguments list is: [/home/linuxbrew/.linuxbrew/bin/g++-15 -I /home/guyutongxue/Documents/files/2025.4/bonc/sat-modeller/includes -I /home/guyutongxue/Documents/files/2025.4/bonc/build/_deps/espresso-src/espresso-src -g -std=gnu++23 -Wall -Wextra -Wpedantic /home/guyutongxue/Documents/files/2025.4/bonc/sat-modeller/src/espresso_wrapper.cpp]
[2025-12-22 11:56:55.301] [error] [thread 3158471] [Compilation.cpp:116]  Fail to create invocation, arguments list is: [/home/linuxbrew/.linuxbrew/bin/gcc-15 -I /home/guyutongxue/Documents/files/2025.4/bonc/build/_deps/espresso-src/espresso-src -g -std=gnu99 /home/guyutongxue/Documents/files/2025.4/bonc/build/_deps/espresso-src/espresso-src/setc.c]
[2025-12-22 11:56:55.301] [error] [thread 3158475] [Compilation.cpp:116]  Fail to create invocation, arguments list is: [/home/linuxbrew/.linuxbrew/bin/gcc-15 -I /home/guyutongxue/Documents/files/2025.4/bonc/build/_deps/espresso-src/espresso-src -g -std=gnu99 /home/guyutongxue/Documents/files/2025.4/bonc/build/_deps/espresso-src/espresso-src/matrix.c]
[2025-12-22 11:56:55.301] [error] [thread 3158483] [Compilation.cpp:116]  Fail to create invocation, arguments list is: [/home/linuxbrew/.linuxbrew/bin/gcc-15 -I /home/guyutongxue/Documents/files/2025.4/bonc/build/_deps/espresso-src/espresso-src -g -std=gnu99 /home/guyutongxue/Documents/files/2025.4/bonc/build/_deps/espresso-src/espresso-src/espresso.c]
[2025-12-22 11:56:55.302] [info] [thread 3158471] [Indexer.cpp:29] Fail to index for /home/guyutongxue/Documents/files/2025.4/bonc/build/_deps/espresso-src/espresso-src/setc.c, because: Fail to create compilation invocation!
[2025-12-22 11:56:55.301] [info] [thread 3158473] [Indexer.cpp:29] Fail to index for /home/guyutongxue/Documents/files/2025.4/bonc/build/_deps/espresso-src/espresso-src/cpu_time.c, because: Fail to create compilation invocation!
[2025-12-22 11:56:55.301] [error] [thread 3158469] [Compilation.cpp:116]  Fail to create invocation, arguments list is: [/home/linuxbrew/.linuxbrew/bin/gcc-15 -I /home/guyutongxue/Documents/files/2025.4/bonc/build/_deps/espresso-src/espresso-src -g -std=gnu99 /home/guyutongxue/Documents/files/2025.4/bonc/build/_deps/espresso-src/espresso-src/gimpel.c]
[2025-12-22 11:56:55.302] [error] [thread 3158485] [Compilation.cpp:116]  Fail to create invocation, arguments list is: [/home/linuxbrew/.linuxbrew/bin/gcc-15 -I /home/guyutongxue/Documents/files/2025.4/bonc/build/_deps/espresso-src/espresso-src -g -std=gnu99 /home/guyutongxue/Documents/files/2025.4/bonc/build/_deps/espresso-src/espresso-src/exact.c]
[2025-12-22 11:56:55.302] [info] [thread 3158469] [Indexer.cpp:29] Fail to index for /home/guyutongxue/Documents/files/2025.4/bonc/build/_deps/espresso-src/espresso-src/gimpel.c, because: Fail to create compilation invocation!
[2025-12-22 11:56:55.302] [error] [thread 3158476] [Compilation.cpp:116]  Fail to create invocation, arguments list is: [/home/linuxbrew/.linuxbrew/bin/g++-15 -D BOOST_ALL_NO_LIB -I /home/guyutongxue/Documents/files/2025.4/bonc/midend-common/includes -g -std=gnu++26 -fmodules-ts -fmodule-mapper=midend-common/CMakeFiles/bonc-midend-common.dir/src/sbox_and_input.cpp.o.modmap -fdeps-format=p1689r5 -x c++ /home/guyutongxue/Documents/files/2025.4/bonc/midend-common/src/sbox_and_input.cpp]
[2025-12-22 11:56:55.302] [info] [thread 3158474] [Indexer.cpp:29] Fail to index for /home/guyutongxue/Documents/files/2025.4/bonc/build/_deps/espresso-src/espresso-src/equiv.c, because: Fail to create compilation invocation!
[2025-12-22 11:56:55.301] [error] [thread 3158472] [Compilation.cpp:116]  Fail to create invocation, arguments list is: [/home/linuxbrew/.linuxbrew/bin/gcc-15 -I /home/guyutongxue/Documents/files/2025.4/bonc/build/_deps/espresso-src/espresso-src -g -std=gnu99 /home/guyutongxue/Documents/files/2025.4/bonc/build/_deps/espresso-src/espresso-src/sparse.c]
[2025-12-22 11:56:55.301] [info] [thread 3158482] [Indexer.cpp:29] Fail to index for /home/guyutongxue/Documents/files/2025.4/bonc/build/_deps/espresso-src/espresso-src/cubestr.c, because: Fail to create compilation invocation!
[2025-12-22 11:56:55.302] [info] [thread 3158475] [Indexer.cpp:29] Fail to index for /home/guyutongxue/Documents/files/2025.4/bonc/build/_deps/espresso-src/espresso-src/matrix.c, because: Fail to create compilation invocation!
[2025-12-22 11:56:55.302] [info] [thread 3158496] [Indexer.cpp:29] Fail to index for /home/guyutongxue/Documents/files/2025.4/bonc/sat-modeller/src/espresso_wrapper.cpp, because: Fail to create compilation invocation!
[2025-12-22 11:56:55.302] [info] [thread 3158483] [Indexer.cpp:29] Fail to index for /home/guyutongxue/Documents/files/2025.4/bonc/build/_deps/espresso-src/espresso-src/espresso.c, because: Fail to create compilation invocation!
[2025-12-22 11:56:55.301] [error] [thread 3158491] [Compilation.cpp:116]  Fail to create invocation, arguments list is: [/home/linuxbrew/.linuxbrew/bin/gcc-15 -I /home/guyutongxue/Documents/files/2025.4/bonc/build/_deps/espresso-src/espresso-src -g -std=gnu99 /home/guyutongxue/Documents/files/2025.4/bonc/build/_deps/espresso-src/espresso-src/mincov.c]
[2025-12-22 11:56:55.302] [error] [thread 3158486] [Compilation.cpp:116]  Fail to create invocation, arguments list is: [/home/linuxbrew/.linuxbrew/bin/gcc-15 -I /home/guyutongxue/Documents/files/2025.4/bonc/build/_deps/espresso-src/espresso-src -g -std=gnu99 /home/guyutongxue/Documents/files/2025.4/bonc/build/_deps/espresso-src/espresso-src/part.c]
[2025-12-22 11:56:55.302] [error] [thread 3158490] [Compilation.cpp:116]  Fail to create invocation, arguments list is: [/home/linuxbrew/.linuxbrew/bin/gcc-15 -I /home/guyutongxue/Documents/files/2025.4/bonc/build/_deps/espresso-src/espresso-src -g -std=gnu99 /home/guyutongxue/Documents/files/2025.4/bonc/build/_deps/espresso-src/espresso-src/strdup.c]
[2025-12-22 11:56:55.302] [info] [thread 3158486] [Indexer.cpp:29] Fail to index for /home/guyutongxue/Documents/files/2025.4/bonc/build/_deps/espresso-src/espresso-src/part.c, because: Fail to create compilation invocation!
[2025-12-22 11:56:55.302] [info] [thread 3158476] [Indexer.cpp:29] Fail to index for /home/guyutongxue/Documents/files/2025.4/bonc/midend-common/src/sbox_and_input.cpp, because: Fail to create compilation invocation!
[2025-12-22 11:56:55.302] [info] [thread 3158499] [Indexer.cpp:29] Fail to index for /home/guyutongxue/Documents/files/2025.4/bonc/build/_deps/espresso-src/espresso-src/main.c, because: Fail to create compilation invocation!
[2025-12-22 11:56:55.301] [info] [thread 3158494] [Indexer.cpp:29] Fail to index for /home/guyutongxue/Documents/files/2025.4/bonc/build/_deps/espresso-src/espresso-src/expand.c, because: Fail to create compilation invocation!
[2025-12-22 11:56:55.301] [error] [thread 3158493] [Compilation.cpp:116]  Fail to create invocation, arguments list is: [/home/linuxbrew/.linuxbrew/bin/gcc-15 -I /home/guyutongxue/Documents/files/2025.4/bonc/build/_deps/espresso-src/espresso-src -g -std=gnu99 /home/guyutongxue/Documents/files/2025.4/bonc/build/_deps/espresso-src/espresso-src/sminterf.c]
[2025-12-22 11:56:55.301] [error] [thread 3158477] [Compilation.cpp:116]  Fail to create invocation, arguments list is: [/home/linuxbrew/.linuxbrew/bin/gcc-15 -I /home/guyutongxue/Documents/files/2025.4/bonc/build/_deps/espresso-src/espresso-src -g -std=gnu99 /home/guyutongxue/Documents/files/2025.4/bonc/build/_deps/espresso-src/espresso-src/irred.c]
[2025-12-22 11:56:55.302] [info] [thread 3158491] [Indexer.cpp:29] Fail to index for /home/guyutongxue/Documents/files/2025.4/bonc/build/_deps/espresso-src/espresso-src/mincov.c, because: Fail to create compilation invocation!
[2025-12-22 11:56:55.301] [error] [thread 3158470] [Compilation.cpp:116]  Fail to create invocation, arguments list is: [/home/linuxbrew/.linuxbrew/bin/gcc-15 -I /home/guyutongxue/Documents/files/2025.4/bonc/build/_deps/espresso-src/espresso-src -g -std=gnu99 /home/guyutongxue/Documents/files/2025.4/bonc/build/_deps/espresso-src/espresso-src/signature_exact.c]
[2025-12-22 11:56:55.302] [info] [thread 3158470] [Indexer.cpp:29] Fail to index for /home/guyutongxue/Documents/files/2025.4/bonc/build/_deps/espresso-src/espresso-src/signature_exact.c, because: Fail to create compilation invocation!
[2025-12-22 11:56:55.302] [info] [thread 3158472] [Indexer.cpp:29] Fail to index for /home/guyutongxue/Documents/files/2025.4/bonc/build/_deps/espresso-src/espresso-src/sparse.c, because: Fail to create compilation invocation!
[2025-12-22 11:56:55.302] [info] [thread 3158493] [Indexer.cpp:29] Fail to index for /home/guyutongxue/Documents/files/2025.4/bonc/build/_deps/espresso-src/espresso-src/sminterf.c, because: Fail to create compilation invocation!
[2025-12-22 11:56:55.301] [error] [thread 3158498] [Compilation.cpp:116]  Fail to create invocation, arguments list is: [/home/linuxbrew/.linuxbrew/bin/g++-15 -I /home/guyutongxue/Documents/files/2025.4/bonc/sat-modeller/includes -I /home/guyutongxue/Documents/files/2025.4/bonc/build/_deps/espresso-src/espresso-src -g -std=gnu++23 -Wall -Wextra -Wpedantic /home/guyutongxue/Documents/files/2025.4/bonc/sat-modeller/src/sat_modeller.cpp]
[2025-12-22 11:56:55.302] [info] [thread 3158498] [Indexer.cpp:29] Fail to index for /home/guyutongxue/Documents/files/2025.4/bonc/sat-modeller/src/sat_modeller.cpp, because: Fail to create compilation invocation!
[2025-12-22 11:56:55.302] [info] [thread 3158477] [Indexer.cpp:29] Fail to index for /home/guyutongxue/Documents/files/2025.4/bonc/build/_deps/espresso-src/espresso-src/irred.c, because: Fail to create compilation invocation!
[2025-12-22 11:56:55.302] [info] [thread 3158490] [Indexer.cpp:29] Fail to index for /home/guyutongxue/Documents/files/2025.4/bonc/build/_deps/espresso-src/espresso-src/strdup.c, because: Fail to create compilation invocation!
[2025-12-22 11:56:55.302] [info] [thread 3158485] [Indexer.cpp:29] Fail to index for /home/guyutongxue/Documents/files/2025.4/bonc/build/_deps/espresso-src/espresso-src/exact.c, because: Fail to create compilation invocation!
[2025-12-22 11:56:55.302] [error] [thread 3158479] [Compilation.cpp:116]  Fail to create invocation, arguments list is: [/home/linuxbrew/.linuxbrew/bin/g++-15 -D BOOST_ALL_NO_LIB -D BOOST_PROGRAM_OPTIONS_DYN_LINK -I /opt/gurobi1103/linux64/include -I /home/guyutongxue/Documents/files/2025.4/bonc/midend-common/includes -isystem /home/guyutongxue/Documents/files/2025.4/bonc/build/ppl/ppl_src-prefix/include -g -std=gnu++26 -fmodules-ts -fmodule-mapper=backend-dp/CMakeFiles/bonc-backend-dp.dir/src/polyhedron.cpp.o.modmap -fdeps-format=p1689r5 -x c++ /home/guyutongxue/Documents/files/2025.4/bonc/backend-dp/src/polyhedron.cpp]
[2025-12-22 11:56:55.302] [info] [thread 3158479] [Indexer.cpp:29] Fail to index for /home/guyutongxue/Documents/files/2025.4/bonc/backend-dp/src/polyhedron.cpp, because: Fail to create compilation invocation!
[2025-12-22 11:56:55.302] [error] [thread 3158488] [Compilation.cpp:116]  Fail to create invocation, arguments list is: [/home/linuxbrew/.linuxbrew/bin/g++-15 -D BOOST_ALL_NO_LIB -D BOOST_PROGRAM_OPTIONS_DYN_LINK -D BOOST_REGEX_DYN_LINK -D USE_CRYPTOMINISAT5 -I /home/guyutongxue/Documents/files/2025.4/bonc/midend-common/includes -I /home/guyutongxue/Documents/files/2025.4/bonc/sat-modeller/includes -g -std=gnu++26 -Wall -Wextra -Wpedantic -Wshadow=compatible-local -fmodules-ts -fmodule-mapper=backend-sat/CMakeFiles/bonc-backend-sat.dir/src/main.cpp.o.modmap -fdeps-format=p1689r5 -x c++ /home/guyutongxue/Documents/files/2025.4/bonc/backend-sat/src/main.cpp]
[2025-12-22 11:56:55.302] [info] [thread 3158488] [Indexer.cpp:29] Fail to index for /home/guyutongxue/Documents/files/2025.4/bonc/backend-sat/src/main.cpp, because: Fail to create compilation invocation!
[2025-12-22 11:56:55.311] [info] [thread 3158468] [Document.cpp:206] Start building PCH for /home/guyutongxue/Documents/files/2025.4/bonc/backend-dp/src/deferred-milp-model.hpp, command: [ /home/linuxbrew/.linuxbrew/Cellar/llvm/21.1.6/bin/clang-21 -cc1 -triple x86_64-unknown-linux-gnu -fsyntax-only -disable-free -clear-ast-before-backend -disable-llvm-verifier -discard-value-names -main-file-name deferred-milp-model.hpp -mrelocation-model pic -pic-level 2 -pic-is-pie -mframe-pointer=all -fmath-errno -ffp-contract=on -fno-rounding-math -mconstructor-aliases -funwind-tables=2 -target-cpu x86-64 -tune-cpu generic -debugger-tuning=gdb -fdebug-compilation-dir=/home/guyutongxue/Documents/files/2025.4/bonc -fcoverage-compilation-dir=/home/guyutongxue/Documents/files/2025.4/bonc -resource-dir /home/guyutongxue/.config/Code/User/globalStorage/ykiko.clice-vscode/lib/clang/21 -internal-isystem /usr/lib/gcc/x86_64-linux-gnu/12/../../../../include/c++/12 -internal-isystem /usr/lib/gcc/x86_64-linux-gnu/12/../../../../include/x86_64-linux-gnu/c++/12 -internal-isystem /usr/lib/gcc/x86_64-linux-gnu/12/../../../../include/c++/12/backward -internal-isystem /home/guyutongxue/.config/Code/User/globalStorage/ykiko.clice-vscode/lib/clang/21/include -internal-isystem /usr/local/include -internal-isystem /usr/lib/gcc/x86_64-linux-gnu/12/../../../../x86_64-linux-gnu/include -internal-externc-isystem /usr/include/x86_64-linux-gnu -internal-externc-isystem /include -internal-externc-isystem /usr/include -std=c++20 -fdeprecated-macro -ferror-limit 19 -fgnuc-version=4.2.1 -fno-implicit-modules -fskip-odr-check-in-gmf -fcxx-exceptions -fexceptions -faddrsig -D__GCC_HAVE_DWARF2_CFI_ASM=1 -x c++-header /home/guyutongxue/Documents/files/2025.4/bonc/backend-dp/src/deferred-milp-model.hpp]
[2025-12-22 11:56:55.312] [error] [thread 3158495] [Compilation.cpp:116]  Fail to create invocation, arguments list is: [/home/linuxbrew/.linuxbrew/bin/gcc-15 -I /home/guyutongxue/Documents/files/2025.4/bonc/build/_deps/espresso-src/espresso-src -g -std=gnu99 /home/guyutongxue/Documents/files/2025.4/bonc/build/_deps/espresso-src/espresso-src/sigma.c]
[2025-12-22 11:56:55.312] [error] [thread 3158489] [Compilation.cpp:116]  Fail to create invocation, arguments list is: [/home/linuxbrew/.linuxbrew/bin/gcc-15 -I /home/guyutongxue/Documents/files/2025.4/bonc/build/_deps/espresso-src/espresso-src -g -std=gnu99 /home/guyutongxue/Documents/files/2025.4/bonc/build/_deps/espresso-src/espresso-src/unate.c]
[2025-12-22 11:56:55.312] [info] [thread 3158495] [Indexer.cpp:29] Fail to index for /home/guyutongxue/Documents/files/2025.4/bonc/build/_deps/espresso-src/espresso-src/sigma.c, because: Fail to create compilation invocation!
[2025-12-22 11:56:55.312] [info] [thread 3158489] [Indexer.cpp:29] Fail to index for /home/guyutongxue/Documents/files/2025.4/bonc/build/_deps/espresso-src/espresso-src/unate.c, because: Fail to create compilation invocation!
[2025-12-22 11:56:55.312] [error] [thread 3158484] [Compilation.cpp:116]  Fail to create invocation, arguments list is: [/home/linuxbrew/.linuxbrew/bin/gcc-15 -I /home/guyutongxue/Documents/files/2025.4/bonc/build/_deps/espresso-src/espresso-src -g -std=gnu99 /home/guyutongxue/Documents/files/2025.4/bonc/build/_deps/espresso-src/espresso-src/primes.c]
[2025-12-22 11:56:55.312] [error] [thread 3158481] [Compilation.cpp:116]  Fail to create invocation, arguments list is: [/home/linuxbrew/.linuxbrew/bin/gcc-15 -I /home/guyutongxue/Documents/files/2025.4/bonc/build/_deps/espresso-src/espresso-src -g -std=gnu99 /home/guyutongxue/Documents/files/2025.4/bonc/build/_deps/espresso-src/espresso-src/black_white.c]
[2025-12-22 11:56:55.312] [info] [thread 3158484] [Indexer.cpp:29] Fail to index for /home/guyutongxue/Documents/files/2025.4/bonc/build/_deps/espresso-src/espresso-src/primes.c, because: Fail to create compilation invocation!
[2025-12-22 11:56:55.312] [info] [thread 3158481] [Indexer.cpp:29] Fail to index for /home/guyutongxue/Documents/files/2025.4/bonc/build/_deps/espresso-src/espresso-src/black_white.c, because: Fail to create compilation invocation!
[2025-12-22 11:56:55.312] [error] [thread 3158492] [Compilation.cpp:116]  Fail to create invocation, arguments list is: [/home/linuxbrew/.linuxbrew/bin/gcc-15 -I /home/guyutongxue/Documents/files/2025.4/bonc/build/_deps/espresso-src/espresso-src -g -std=gnu99 /home/guyutongxue/Documents/files/2025.4/bonc/build/_deps/espresso-src/espresso-src/canonical.c]
[2025-12-22 11:56:55.312] [info] [thread 3158492] [Indexer.cpp:29] Fail to index for /home/guyutongxue/Documents/files/2025.4/bonc/build/_deps/espresso-src/espresso-src/canonical.c, because: Fail to create compilation invocation!
[2025-12-22 11:56:55.312] [error] [thread 3158478] [Compilation.cpp:116]  Fail to create invocation, arguments list is: [/home/linuxbrew/.linuxbrew/bin/gcc-15 -I /home/guyutongxue/Documents/files/2025.4/bonc/build/_deps/espresso-src/espresso-src -g -std=gnu99 /home/guyutongxue/Documents/files/2025.4/bonc/build/_deps/espresso-src/espresso-src/essen.c]
[2025-12-22 11:56:55.312] [info] [thread 3158478] [Indexer.cpp:29] Fail to index for /home/guyutongxue/Documents/files/2025.4/bonc/build/_deps/espresso-src/espresso-src/essen.c, because: Fail to create compilation invocation!
[2025-12-22 11:56:55.312] [error] [thread 3158497] [Compilation.cpp:116]  Fail to create invocation, arguments list is: [/home/linuxbrew/.linuxbrew/bin/gcc-15 -I /home/guyutongxue/Documents/files/2025.4/bonc/build/_deps/espresso-src/espresso-src -g -std=gnu99 /home/guyutongxue/Documents/files/2025.4/bonc/build/_deps/espresso-src/espresso-src/cvrin.c]
[2025-12-22 11:56:55.312] [info] [thread 3158497] [Indexer.cpp:29] Fail to index for /home/guyutongxue/Documents/files/2025.4/bonc/build/_deps/espresso-src/espresso-src/cvrin.c, because: Fail to create compilation invocation!
[2025-12-22 11:56:55.312] [error] [thread 3158487] [Compilation.cpp:116]  Fail to create invocation, arguments list is: [/home/linuxbrew/.linuxbrew/bin/gcc-15 -I /home/guyutongxue/Documents/files/2025.4/bonc/build/_deps/espresso-src/espresso-src -g -std=gnu99 /home/guyutongxue/Documents/files/2025.4/bonc/build/_deps/espresso-src/espresso-src/hack.c]
[2025-12-22 11:56:55.312] [info] [thread 3158487] [Indexer.cpp:29] Fail to index for /home/guyutongxue/Documents/files/2025.4/bonc/build/_deps/espresso-src/espresso-src/hack.c, because: Fail to create compilation invocation!
[2025-12-22 11:56:55.312] [error] [thread 3158471] [Compilation.cpp:116]  Fail to create invocation, arguments list is: [/home/linuxbrew/.linuxbrew/bin/gcc-15 -I /home/guyutongxue/Documents/files/2025.4/bonc/build/_deps/espresso-src/espresso-src -g -std=gnu99 /home/guyutongxue/Documents/files/2025.4/bonc/build/_deps/espresso-src/espresso-src/opo.c]
[2025-12-22 11:56:55.312] [info] [thread 3158471] [Indexer.cpp:29] Fail to index for /home/guyutongxue/Documents/files/2025.4/bonc/build/_deps/espresso-src/espresso-src/opo.c, because: Fail to create compilation invocation!
[2025-12-22 11:56:55.312] [error] [thread 3158473] [Compilation.cpp:116]  Fail to create invocation, arguments list is: [/home/linuxbrew/.linuxbrew/bin/gcc-15 -I /home/guyutongxue/Documents/files/2025.4/bonc/build/_deps/espresso-src/espresso-src -g -std=gnu99 /home/guyutongxue/Documents/files/2025.4/bonc/build/_deps/espresso-src/espresso-src/set.c]
[2025-12-22 11:56:55.312] [info] [thread 3158473] [Indexer.cpp:29] Fail to index for /home/guyutongxue/Documents/files/2025.4/bonc/build/_deps/espresso-src/espresso-src/set.c, because: Fail to create compilation invocation!
[2025-12-22 11:56:55.312] [error] [thread 3158473] [Compilation.cpp:116]  Fail to create invocation, arguments list is: [/home/linuxbrew/.linuxbrew/bin/gcc-15 -I /home/guyutongxue/Documents/files/2025.4/bonc/build/_deps/espresso-src/espresso-src -g -std=gnu99 /home/guyutongxue/Documents/files/2025.4/bonc/build/_deps/espresso-src/espresso-src/solution.c]
[2025-12-22 11:56:55.312] [info] [thread 3158473] [Indexer.cpp:29] Fail to index for /home/guyutongxue/Documents/files/2025.4/bonc/build/_deps/espresso-src/espresso-src/solution.c, because: Fail to create compilation invocation!
[2025-12-22 11:56:55.312] [error] [thread 3158499] [Compilation.cpp:116]  Fail to create invocation, arguments list is: [/home/linuxbrew/.linuxbrew/bin/gcc-15 -I /home/guyutongxue/Documents/files/2025.4/bonc/build/_deps/espresso-src/espresso-src -g -std=gnu99 /home/guyutongxue/Documents/files/2025.4/bonc/build/_deps/espresso-src/espresso-src/contain.c]
[2025-12-22 11:56:55.312] [info] [thread 3158499] [Indexer.cpp:29] Fail to index for /home/guyutongxue/Documents/files/2025.4/bonc/build/_deps/espresso-src/espresso-src/contain.c, because: Fail to create compilation invocation!
[2025-12-22 11:56:55.312] [error] [thread 3158473] [Compilation.cpp:116]  Fail to create invocation, arguments list is: [/home/linuxbrew/.linuxbrew/bin/gcc-15 -I /home/guyutongxue/Documents/files/2025.4/bonc/build/_deps/espresso-src/espresso-src -g -std=gnu99 /home/guyutongxue/Documents/files/2025.4/bonc/build/_deps/espresso-src/espresso-src/dominate.c]
[2025-12-22 11:56:55.312] [info] [thread 3158473] [Indexer.cpp:29] Fail to index for /home/guyutongxue/Documents/files/2025.4/bonc/build/_deps/espresso-src/espresso-src/dominate.c, because: Fail to create compilation invocation!
[2025-12-22 11:56:55.312] [error] [thread 3158492] [Compilation.cpp:116]  Fail to create invocation, arguments list is: [/home/linuxbrew/.linuxbrew/bin/g++-15 -D BOOST_ALL_NO_LIB -I /home/guyutongxue/Documents/files/2025.4/bonc/midend-common/includes -g -std=gnu++26 -fmodules-ts -fmodule-mapper=midend-common/CMakeFiles/bonc-midend-common.dir/src/lookup_table.cpp.o.modmap -fdeps-format=p1689r5 -x c++ /home/guyutongxue/Documents/files/2025.4/bonc/midend-common/src/lookup_table.cpp]
[2025-12-22 11:56:55.312] [info] [thread 3158492] [Indexer.cpp:29] Fail to index for /home/guyutongxue/Documents/files/2025.4/bonc/midend-common/src/lookup_table.cpp, because: Fail to create compilation invocation!
[2025-12-22 11:56:55.312] [error] [thread 3158493] [Compilation.cpp:116]  Fail to create invocation, arguments list is: [/home/linuxbrew/.linuxbrew/bin/gcc-15 -I /home/guyutongxue/Documents/files/2025.4/bonc/build/_deps/espresso-src/espresso-src -g -std=gnu99 /home/guyutongxue/Documents/files/2025.4/bonc/build/_deps/espresso-src/espresso-src/prtime.c]
[2025-12-22 11:56:55.312] [info] [thread 3158493] [Indexer.cpp:29] Fail to index for /home/guyutongxue/Documents/files/2025.4/bonc/build/_deps/espresso-src/espresso-src/prtime.c, because: Fail to create compilation invocation!
[2025-12-22 11:56:55.312] [error] [thread 3158485] [Compilation.cpp:116]  Fail to create invocation, arguments list is: [/home/linuxbrew/.linuxbrew/bin/gcc-15 -I /home/guyutongxue/Documents/files/2025.4/bonc/build/_deps/espresso-src/espresso-src -g -std=gnu99 /home/guyutongxue/Documents/files/2025.4/bonc/build/_deps/espresso-src/espresso-src/indep.c]
[2025-12-22 11:56:55.312] [error] [thread 3158477] [Compilation.cpp:116]  Fail to create invocation, arguments list is: [/home/linuxbrew/.linuxbrew/bin/gcc-15 -I /home/guyutongxue/Documents/files/2025.4/bonc/build/_deps/espresso-src/espresso-src -g -std=gnu99 /home/guyutongxue/Documents/files/2025.4/bonc/build/_deps/espresso-src/espresso-src/essentiality.c]
[2025-12-22 11:56:55.312] [info] [thread 3158485] [Indexer.cpp:29] Fail to index for /home/guyutongxue/Documents/files/2025.4/bonc/build/_deps/espresso-src/espresso-src/indep.c, because: Fail to create compilation invocation!
[2025-12-22 11:56:55.312] [info] [thread 3158477] [Indexer.cpp:29] Fail to index for /home/guyutongxue/Documents/files/2025.4/bonc/build/_deps/espresso-src/espresso-src/essentiality.c, because: Fail to create compilation invocation!
[2025-12-22 11:56:55.312] [error] [thread 3158492] [Compilation.cpp:116]  Fail to create invocation, arguments list is: [/home/linuxbrew/.linuxbrew/bin/gcc-15 -I /home/guyutongxue/Documents/files/2025.4/bonc/build/_deps/espresso-src/espresso-src -g -std=gnu99 /home/guyutongxue/Documents/files/2025.4/bonc/build/_deps/espresso-src/espresso-src/pair.c]
[2025-12-22 11:56:55.312] [error] [thread 3158472] [Compilation.cpp:116]  Fail to create invocation, arguments list is: [/home/linuxbrew/.linuxbrew/bin/gcc-15 -I /home/guyutongxue/Documents/files/2025.4/bonc/build/_deps/espresso-src/espresso-src -g -std=gnu99 /home/guyutongxue/Documents/files/2025.4/bonc/build/_deps/espresso-src/espresso-src/cofactor.c]
[2025-12-22 11:56:55.312] [info] [thread 3158492] [Indexer.cpp:29] Fail to index for /home/guyutongxue/Documents/files/2025.4/bonc/build/_deps/espresso-src/espresso-src/pair.c, because: Fail to create compilation invocation!
[2025-12-22 11:56:55.312] [error] [thread 3158476] [Compilation.cpp:116]  Fail to create invocation, arguments list is: [/home/linuxbrew/.linuxbrew/bin/gcc-15 -I /home/guyutongxue/Documents/files/2025.4/bonc/build/_deps/espresso-src/espresso-src -g -std=gnu99 /home/guyutongxue/Documents/files/2025.4/bonc/build/_deps/espresso-src/espresso-src/map.c]
[2025-12-22 11:56:55.312] [error] [thread 3158490] [Compilation.cpp:116]  Fail to create invocation, arguments list is: [/home/linuxbrew/.linuxbrew/bin/gcc-15 -I /home/guyutongxue/Documents/files/2025.4/bonc/build/_deps/espresso-src/espresso-src -g -std=gnu99 /home/guyutongxue/Documents/files/2025.4/bonc/build/_deps/espresso-src/espresso-src/cvrm.c]
[2025-12-22 11:56:55.312] [error] [thread 3158498] [Compilation.cpp:116]  Fail to create invocation, arguments list is: [/home/linuxbrew/.linuxbrew/bin/gcc-15 -I /home/guyutongxue/Documents/files/2025.4/bonc/build/_deps/espresso-src/espresso-src -g -std=gnu99 /home/guyutongxue/Documents/files/2025.4/bonc/build/_deps/espresso-src/espresso-src/util_signature.c]
[2025-12-22 11:56:55.312] [error] [thread 3158491] [Compilation.cpp:116]  Fail to create invocation, arguments list is: [/home/linuxbrew/.linuxbrew/bin/gcc-15 -I /home/guyutongxue/Documents/files/2025.4/bonc/build/_deps/espresso-src/espresso-src -g -std=gnu99 /home/guyutongxue/Documents/files/2025.4/bonc/build/_deps/espresso-src/espresso-src/gasp.c]
[2025-12-22 11:56:55.312] [info] [thread 3158476] [Indexer.cpp:29] Fail to index for /home/guyutongxue/Documents/files/2025.4/bonc/build/_deps/espresso-src/espresso-src/map.c, because: Fail to create compilation invocation!
[2025-12-22 11:56:55.312] [info] [thread 3158491] [Indexer.cpp:29] Fail to index for /home/guyutongxue/Documents/files/2025.4/bonc/build/_deps/espresso-src/espresso-src/gasp.c, because: Fail to create compilation invocation!
[2025-12-22 11:56:55.313] [info] [thread 3158498] [Indexer.cpp:29] Fail to index for /home/guyutongxue/Documents/files/2025.4/bonc/build/_deps/espresso-src/espresso-src/util_signature.c, because: Fail to create compilation invocation!
[2025-12-22 11:56:55.313] [error] [thread 3158486] [Compilation.cpp:116]  Fail to create invocation, arguments list is: [/home/linuxbrew/.linuxbrew/bin/g++-15 -D BOOST_ALL_NO_LIB -D BOOST_PROGRAM_OPTIONS_DYN_LINK -I /opt/gurobi1103/linux64/include -I /home/guyutongxue/Documents/files/2025.4/bonc/midend-common/includes -isystem /home/guyutongxue/Documents/files/2025.4/bonc/build/ppl/ppl_src-prefix/include -g -std=gnu++26 -fmodules-ts -fmodule-mapper=backend-dp/CMakeFiles/bonc-backend-dp.dir/src/sbox_modelling.cpp.o.modmap -fdeps-format=p1689r5 -x c++ /home/guyutongxue/Documents/files/2025.4/bonc/backend-dp/src/sbox_modelling.cpp]
[2025-12-22 11:56:55.313] [info] [thread 3158486] [Indexer.cpp:29] Fail to index for /home/guyutongxue/Documents/files/2025.4/bonc/backend-dp/src/sbox_modelling.cpp, because: Fail to create compilation invocation!
[2025-12-22 11:56:55.313] [error] [thread 3158469] [Compilation.cpp:116]  Fail to create invocation, arguments list is: [/home/linuxbrew/.linuxbrew/bin/g++-15 -D BOOST_ALL_NO_LIB -D BOOST_PROGRAM_OPTIONS_DYN_LINK -I /home/guyutongxue/Documents/files/2025.4/bonc/midend-common/includes -g -std=gnu++26 -fmodules-ts -fmodule-mapper=backend-nm/CMakeFiles/bonc-backend-nm.dir/src/main.cpp.o.modmap -fdeps-format=p1689r5 -x c++ /home/guyutongxue/Documents/files/2025.4/bonc/backend-nm/src/main.cpp]
[2025-12-22 11:56:55.313] [info] [thread 3158469] [Indexer.cpp:29] Fail to index for /home/guyutongxue/Documents/files/2025.4/bonc/backend-nm/src/main.cpp, because: Fail to create compilation invocation!
[2025-12-22 11:56:55.312] [error] [thread 3158482] [Compilation.cpp:116]  Fail to create invocation, arguments list is: [/home/linuxbrew/.linuxbrew/bin/gcc-15 -I /home/guyutongxue/Documents/files/2025.4/bonc/build/_deps/espresso-src/espresso-src -g -std=gnu99 /home/guyutongxue/Documents/files/2025.4/bonc/build/_deps/espresso-src/espresso-src/signature.c]
[2025-12-22 11:56:55.313] [info] [thread 3158482] [Indexer.cpp:29] Fail to index for /home/guyutongxue/Documents/files/2025.4/bonc/build/_deps/espresso-src/espresso-src/signature.c, because: Fail to create compilation invocation!
[2025-12-22 11:56:55.312] [info] [thread 3158472] [Indexer.cpp:29] Fail to index for /home/guyutongxue/Documents/files/2025.4/bonc/build/_deps/espresso-src/espresso-src/cofactor.c, because: Fail to create compilation invocation!
[2025-12-22 11:56:55.313] [info] [thread 3158490] [Indexer.cpp:29] Fail to index for /home/guyutongxue/Documents/files/2025.4/bonc/build/_deps/espresso-src/espresso-src/cvrm.c, because: Fail to create compilation invocation!
[2025-12-22 11:56:55.313] [error] [thread 3158474] [Compilation.cpp:116]  Fail to create invocation, arguments list is: [/home/linuxbrew/.linuxbrew/bin/g++-15 -D BOOST_ALL_NO_LIB -D BOOST_PROGRAM_OPTIONS_DYN_LINK -I /opt/gurobi1103/linux64/include -I /home/guyutongxue/Documents/files/2025.4/bonc/midend-common/includes -isystem /home/guyutongxue/Documents/files/2025.4/bonc/build/ppl/ppl_src-prefix/include -g -std=gnu++26 -fmodules-ts -fmodule-mapper=backend-dp/CMakeFiles/bonc-backend-dp.dir/src/main.cpp.o.modmap -fdeps-format=p1689r5 -x c++ /home/guyutongxue/Documents/files/2025.4/bonc/backend-dp/src/main.cpp]
[2025-12-22 11:56:55.313] [info] [thread 3158474] [Indexer.cpp:29] Fail to index for /home/guyutongxue/Documents/files/2025.4/bonc/backend-dp/src/main.cpp, because: Fail to create compilation invocation!
[2025-12-22 11:56:55.313] [error] [thread 3158475] [Compilation.cpp:116]  Fail to create invocation, arguments list is: [/home/linuxbrew/.linuxbrew/bin/g++-15 -D BOOST_ALL_NO_LIB -I /home/guyutongxue/Documents/files/2025.4/bonc/midend-common/includes -g -std=gnu++26 -fmodules-ts -fmodule-mapper=midend-common/CMakeFiles/bonc-midend-common.dir/src/frontend_result_parser.cpp.o.modmap -fdeps-format=p1689r5 -x c++ /home/guyutongxue/Documents/files/2025.4/bonc/midend-common/src/frontend_result_parser.cpp]
[2025-12-22 11:56:55.313] [info] [thread 3158475] [Indexer.cpp:29] Fail to index for /home/guyutongxue/Documents/files/2025.4/bonc/midend-common/src/frontend_result_parser.cpp, because: Fail to create compilation invocation!
[2025-12-22 11:56:55.313] [error] [thread 3158470] [Compilation.cpp:116]  Fail to create invocation, arguments list is: [/home/linuxbrew/.linuxbrew/bin/g++-15 -D BOOST_ALL_NO_LIB -D BOOST_PROGRAM_OPTIONS_DYN_LINK -I /home/guyutongxue/Documents/files/2025.4/bonc/midend-common/includes -g -std=gnu++26 -fmodules-ts -fmodule-mapper=backend-nm/CMakeFiles/bonc-backend-nm.dir/src/lib.cpp.o.modmap -fdeps-format=p1689r5 -x c++ /home/guyutongxue/Documents/files/2025.4/bonc/backend-nm/src/lib.cpp]
[2025-12-22 11:56:55.313] [info] [thread 3158470] [Indexer.cpp:29] Fail to index for /home/guyutongxue/Documents/files/2025.4/bonc/backend-nm/src/lib.cpp, because: Fail to create compilation invocation!
[2025-12-22 11:56:55.314] [info] [thread 3158468] [Server.cpp:174] <-- Handling notification: textDocument/didOpen
[2025-12-22 11:56:55.314] [info] [thread 3158468] [Server.cpp:181] --> Handled notification: textDocument/didOpen 0ms
[2025-12-22 11:56:55.314] [info] [thread 3158468] [Toolchain.cpp:63] Execute command: [/home/linuxbrew/.linuxbrew/bin/g++-15 -dumpmachine]
[2025-12-22 11:56:55.315] [info] [thread 3158468] [Toolchain.cpp:63] Execute command: [/home/linuxbrew/.linuxbrew/bin/g++-15 -print-search-dirs]
[2025-12-22 11:56:55.317] [info] [thread 3158468] [Document.cpp:206] Start building PCH for /home/guyutongxue/Documents/files/2025.4/bonc/backend-dp/src/main.cpp, command: [ /home/linuxbrew/.linuxbrew/bin/g++-15 -cc1 -triple x86_64-pc-linux-gnu -fsyntax-only -disable-free -clear-ast-before-backend -disable-llvm-verifier -discard-value-names -main-file-name main.cpp -mrelocation-model pic -pic-level 2 -pic-is-pie -mframe-pointer=all -fmath-errno -ffp-contract=on -fno-rounding-math -mconstructor-aliases -funwind-tables=2 -target-cpu x86-64 -tune-cpu generic -debug-info-kind=constructor -dwarf-version=5 -debugger-tuning=gdb -fdebug-compilation-dir=/home/guyutongxue/Documents/files/2025.4/bonc -fcoverage-compilation-dir=/home/guyutongxue/Documents/files/2025.4/bonc -resource-dir /home/guyutongxue/.config/Code/User/globalStorage/ykiko.clice-vscode/lib/clang/21 -isystem /home/guyutongxue/Documents/files/2025.4/bonc/build/ppl/ppl_src-prefix/include -D BOOST_ALL_NO_LIB -D BOOST_PROGRAM_OPTIONS_DYN_LINK -I /opt/gurobi1103/linux64/include -I /home/guyutongxue/Documents/files/2025.4/bonc/midend-common/includes -internal-isystem /home/guyutongxue/.config/Code/User/globalStorage/ykiko.clice-vscode/lib/clang/21/include -internal-isystem /usr/local/include -internal-isystem /home/linuxbrew/.linuxbrew/Cellar/gcc/15.2.0/bin/../lib/gcc/current/gcc/x86_64-pc-linux-gnu/15/../../../../x86_64-pc-linux-gnu/include -internal-externc-isystem /usr/include/x86_64-linux-gnu -internal-externc-isystem /include -internal-externc-isystem /usr/include -std=gnu++26 -fdeprecated-macro -ferror-limit 19 -fgnuc-version=4.2.1 -fno-implicit-modules -fskip-odr-check-in-gmf -fcxx-exceptions -fexceptions -faddrsig -D__GCC_HAVE_DWARF2_CFI_ASM=1 -x c++ /home/guyutongxue/Documents/files/2025.4/bonc/backend-dp/src/main.cpp]
[2025-12-22 11:56:55.317] [info] [thread 3158468] [Server.cpp:174] <-- Handling notification: textDocument/didOpen
[2025-12-22 11:56:55.317] [info] [thread 3158468] [Server.cpp:181] --> Handled notification: textDocument/didOpen 0ms
[2025-12-22 11:56:55.317] [info] [thread 3158468] [Toolchain.cpp:63] Execute command: [/home/linuxbrew/.linuxbrew/bin/g++-15 -dumpmachine]
[2025-12-22 11:56:55.317] [info] [thread 3158468] [Toolchain.cpp:63] Execute command: [/home/linuxbrew/.linuxbrew/bin/g++-15 -print-search-dirs]
[2025-12-22 11:56:55.319] [info] [thread 3158468] [Document.cpp:206] Start building PCH for /home/guyutongxue/Documents/files/2025.4/bonc/backend-nm/src/lib.cpp, command: [ /home/linuxbrew/.linuxbrew/bin/g++-15 -cc1 -triple x86_64-pc-linux-gnu -fsyntax-only -disable-free -clear-ast-before-backend -disable-llvm-verifier -discard-value-names -main-file-name lib.cpp -mrelocation-model pic -pic-level 2 -pic-is-pie -mframe-pointer=all -fmath-errno -ffp-contract=on -fno-rounding-math -mconstructor-aliases -funwind-tables=2 -target-cpu x86-64 -tune-cpu generic -debug-info-kind=constructor -dwarf-version=5 -debugger-tuning=gdb -fdebug-compilation-dir=/home/guyutongxue/Documents/files/2025.4/bonc -fcoverage-compilation-dir=/home/guyutongxue/Documents/files/2025.4/bonc -resource-dir /home/guyutongxue/.config/Code/User/globalStorage/ykiko.clice-vscode/lib/clang/21 -D BOOST_ALL_NO_LIB -D BOOST_PROGRAM_OPTIONS_DYN_LINK -I /home/guyutongxue/Documents/files/2025.4/bonc/midend-common/includes -internal-isystem /home/guyutongxue/.config/Code/User/globalStorage/ykiko.clice-vscode/lib/clang/21/include -internal-isystem /usr/local/include -internal-isystem /home/linuxbrew/.linuxbrew/Cellar/gcc/15.2.0/bin/../lib/gcc/current/gcc/x86_64-pc-linux-gnu/15/../../../../x86_64-pc-linux-gnu/include -internal-externc-isystem /usr/include/x86_64-linux-gnu -internal-externc-isystem /include -internal-externc-isystem /usr/include -std=gnu++26 -fdeprecated-macro -ferror-limit 19 -fgnuc-version=4.2.1 -fno-implicit-modules -fskip-odr-check-in-gmf -fcxx-exceptions -fexceptions -faddrsig -D__GCC_HAVE_DWARF2_CFI_ASM=1 -x c++ /home/guyutongxue/Documents/files/2025.4/bonc/backend-nm/src/lib.cpp]
[2025-12-22 11:56:55.325] [info] [thread 3158468] [Server.cpp:174] <-- Handling notification: textDocument/didOpen
[2025-12-22 11:56:55.325] [info] [thread 3158468] [Server.cpp:181] --> Handled notification: textDocument/didOpen 0ms
[2025-12-22 11:56:55.326] [info] [thread 3158468] [Toolchain.cpp:63] Execute command: [/home/linuxbrew/.linuxbrew/bin/g++-15 -dumpmachine]
[2025-12-22 11:56:55.326] [info] [thread 3158468] [Toolchain.cpp:63] Execute command: [/home/linuxbrew/.linuxbrew/bin/g++-15 -print-search-dirs]
[2025-12-22 11:56:55.328] [info] [thread 3158468] [Document.cpp:206] Start building PCH for /home/guyutongxue/Documents/files/2025.4/bonc/backend-nm/src/main.cpp, command: [ /home/linuxbrew/.linuxbrew/bin/g++-15 -cc1 -triple x86_64-pc-linux-gnu -fsyntax-only -disable-free -clear-ast-before-backend -disable-llvm-verifier -discard-value-names -main-file-name main.cpp -mrelocation-model pic -pic-level 2 -pic-is-pie -mframe-pointer=all -fmath-errno -ffp-contract=on -fno-rounding-math -mconstructor-aliases -funwind-tables=2 -target-cpu x86-64 -tune-cpu generic -debug-info-kind=constructor -dwarf-version=5 -debugger-tuning=gdb -fdebug-compilation-dir=/home/guyutongxue/Documents/files/2025.4/bonc -fcoverage-compilation-dir=/home/guyutongxue/Documents/files/2025.4/bonc -resource-dir /home/guyutongxue/.config/Code/User/globalStorage/ykiko.clice-vscode/lib/clang/21 -D BOOST_ALL_NO_LIB -D BOOST_PROGRAM_OPTIONS_DYN_LINK -I /home/guyutongxue/Documents/files/2025.4/bonc/midend-common/includes -internal-isystem /home/guyutongxue/.config/Code/User/globalStorage/ykiko.clice-vscode/lib/clang/21/include -internal-isystem /usr/local/include -internal-isystem /home/linuxbrew/.linuxbrew/Cellar/gcc/15.2.0/bin/../lib/gcc/current/gcc/x86_64-pc-linux-gnu/15/../../../../x86_64-pc-linux-gnu/include -internal-externc-isystem /usr/include/x86_64-linux-gnu -internal-externc-isystem /include -internal-externc-isystem /usr/include -std=gnu++26 -fdeprecated-macro -ferror-limit 19 -fgnuc-version=4.2.1 -fno-implicit-modules -fskip-odr-check-in-gmf -fcxx-exceptions -fexceptions -faddrsig -D__GCC_HAVE_DWARF2_CFI_ASM=1 -x c++ /home/guyutongxue/Documents/files/2025.4/bonc/backend-nm/src/main.cpp]
[2025-12-22 11:56:55.328] [info] [thread 3158468] [Server.cpp:174] <-- Handling notification: textDocument/didOpen
[2025-12-22 11:56:55.328] [info] [thread 3158468] [Server.cpp:181] --> Handled notification: textDocument/didOpen 0ms
[2025-12-22 11:56:55.328] [info] [thread 3158468] [Toolchain.cpp:63] Execute command: [/home/linuxbrew/.linuxbrew/bin/g++-15 -dumpmachine]
[2025-12-22 11:56:55.329] [info] [thread 3158468] [Toolchain.cpp:63] Execute command: [/home/linuxbrew/.linuxbrew/bin/g++-15 -print-search-dirs]
[2025-12-22 11:56:55.331] [info] [thread 3158468] [Document.cpp:206] Start building PCH for /home/guyutongxue/Documents/files/2025.4/bonc/backend-sat/src/main.cpp, command: [ /home/linuxbrew/.linuxbrew/bin/g++-15 -cc1 -triple x86_64-pc-linux-gnu -fsyntax-only -disable-free -clear-ast-before-backend -disable-llvm-verifier -discard-value-names -main-file-name main.cpp -mrelocation-model pic -pic-level 2 -pic-is-pie -mframe-pointer=all -fmath-errno -ffp-contract=on -fno-rounding-math -mconstructor-aliases -funwind-tables=2 -target-cpu x86-64 -tune-cpu generic -debug-info-kind=constructor -dwarf-version=5 -debugger-tuning=gdb -fdebug-compilation-dir=/home/guyutongxue/Documents/files/2025.4/bonc -fcoverage-compilation-dir=/home/guyutongxue/Documents/files/2025.4/bonc -resource-dir /home/guyutongxue/.config/Code/User/globalStorage/ykiko.clice-vscode/lib/clang/21 -D BOOST_ALL_NO_LIB -D BOOST_PROGRAM_OPTIONS_DYN_LINK -D BOOST_REGEX_DYN_LINK -D USE_CRYPTOMINISAT5 -I /home/guyutongxue/Documents/files/2025.4/bonc/midend-common/includes -I /home/guyutongxue/Documents/files/2025.4/bonc/sat-modeller/includes -internal-isystem /home/guyutongxue/.config/Code/User/globalStorage/ykiko.clice-vscode/lib/clang/21/include -internal-isystem /usr/local/include -internal-isystem /home/linuxbrew/.linuxbrew/Cellar/gcc/15.2.0/bin/../lib/gcc/current/gcc/x86_64-pc-linux-gnu/15/../../../../x86_64-pc-linux-gnu/include -internal-externc-isystem /usr/include/x86_64-linux-gnu -internal-externc-isystem /include -internal-externc-isystem /usr/include -Wall -Wextra -Wpedantic -Wshadow=compatible-local -std=gnu++26 -fdeprecated-macro -ferror-limit 19 -fgnuc-version=4.2.1 -fno-implicit-modules -fskip-odr-check-in-gmf -fcxx-exceptions -fexceptions -faddrsig -D__GCC_HAVE_DWARF2_CFI_ASM=1 -x c++ /home/guyutongxue/Documents/files/2025.4/bonc/backend-sat/src/main.cpp]
[2025-12-22 11:56:55.378] [warning] [thread 3158468] [Document.cpp:227] Building PCH fails for /home/guyutongxue/Documents/files/2025.4/bonc/backend-nm/src/lib.cpp, Because: Fail to build PCH or PCM, error occurs in compilation.
[2025-12-22 11:56:55.378] [warning] [thread 3158468] [Document.cpp:229] 'cstddef' file not found
[2025-12-22 11:56:55.584] [info] [thread 3158468] [Document.cpp:234] Building PCH successfully for /home/guyutongxue/Documents/files/2025.4/bonc/backend-dp/src/deferred-milp-model.hpp
[2025-12-22 11:56:55.585] [info] [thread 3158468] [Toolchain.cpp:63] Execute command: [/home/linuxbrew/.linuxbrew/bin/clang++ -### -fsyntax-only -std=c++20 -resource-dir /home/guyutongxue/.config/Code/User/globalStorage/ykiko.clice-vscode/lib/clang/21 /tmp/query-toolchain-a3b6a3.hpp]
[2025-12-22 11:56:55.614] [info] [thread 3158468] [Server.cpp:174] <-- Handling notification: textDocument/didOpen
[2025-12-22 11:56:55.614] [info] [thread 3158468] [Server.cpp:181] --> Handled notification: textDocument/didOpen 0ms
[2025-12-22 11:56:55.614] [info] [thread 3158468] [Toolchain.cpp:63] Execute command: [/home/linuxbrew/.linuxbrew/bin/clang++ -### -fsyntax-only -std=c++20 -resource-dir /home/guyutongxue/.config/Code/User/globalStorage/ykiko.clice-vscode/lib/clang/21 /tmp/query-toolchain-579ea8.h]
[2025-12-22 11:56:55.625] [info] [thread 3158468] [Document.cpp:206] Start building PCH for /home/guyutongxue/Documents/files/2025.4/bonc/backend-nm/src/lib.h, command: [ /home/linuxbrew/.linuxbrew/Cellar/llvm/21.1.6/bin/clang-21 -cc1 -triple x86_64-unknown-linux-gnu -fsyntax-only -disable-free -clear-ast-before-backend -disable-llvm-verifier -discard-value-names -main-file-name lib.h -mrelocation-model pic -pic-level 2 -pic-is-pie -mframe-pointer=all -fmath-errno -ffp-contract=on -fno-rounding-math -mconstructor-aliases -funwind-tables=2 -target-cpu x86-64 -tune-cpu generic -debugger-tuning=gdb -fdebug-compilation-dir=/home/guyutongxue/Documents/files/2025.4/bonc -fcoverage-compilation-dir=/home/guyutongxue/Documents/files/2025.4/bonc -resource-dir /home/guyutongxue/.config/Code/User/globalStorage/ykiko.clice-vscode/lib/clang/21 -internal-isystem /usr/lib/gcc/x86_64-linux-gnu/12/../../../../include/c++/12 -internal-isystem /usr/lib/gcc/x86_64-linux-gnu/12/../../../../include/x86_64-linux-gnu/c++/12 -internal-isystem /usr/lib/gcc/x86_64-linux-gnu/12/../../../../include/c++/12/backward -internal-isystem /home/guyutongxue/.config/Code/User/globalStorage/ykiko.clice-vscode/lib/clang/21/include -internal-isystem /usr/local/include -internal-isystem /usr/lib/gcc/x86_64-linux-gnu/12/../../../../x86_64-linux-gnu/include -internal-externc-isystem /usr/include/x86_64-linux-gnu -internal-externc-isystem /include -internal-externc-isystem /usr/include -std=c++20 -fdeprecated-macro -ferror-limit 19 -fgnuc-version=4.2.1 -fno-implicit-modules -fskip-odr-check-in-gmf -fcxx-exceptions -fexceptions -faddrsig -D__GCC_HAVE_DWARF2_CFI_ASM=1 -x c++-header /home/guyutongxue/Documents/files/2025.4/bonc/backend-nm/src/lib.h]
[2025-12-22 11:56:55.627] [warning] [thread 3158468] [Document.cpp:227] Building PCH fails for /home/guyutongxue/Documents/files/2025.4/bonc/backend-nm/src/lib.h, Because: Fail to build PCH or PCM, error occurs in compilation.
[2025-12-22 11:56:55.627] [warning] [thread 3158468] [Document.cpp:229] 'anf.h' file not found
[2025-12-22 11:56:55.679] [info] [thread 3158468] [Document.cpp:357] Building AST successfully for /home/guyutongxue/Documents/files/2025.4/bonc/backend-dp/src/deferred-milp-model.hpp
[2025-12-22 11:56:56.047] [warning] [thread 3158468] [Document.cpp:227] Building PCH fails for /home/guyutongxue/Documents/files/2025.4/bonc/backend-nm/src/main.cpp, Because: Fail to build PCH or PCM, error occurs in compilation.
[2025-12-22 11:56:56.047] [warning] [thread 3158468] [Document.cpp:229] 'cstddef' file not found
[2025-12-22 11:56:56.298] [warning] [thread 3158468] [Document.cpp:227] Building PCH fails for /home/guyutongxue/Documents/files/2025.4/bonc/backend-sat/src/main.cpp, Because: Fail to build PCH or PCM, error occurs in compilation.
[2025-12-22 11:56:56.298] [warning] [thread 3158468] [Document.cpp:229] unknown warning option '-Wshadow=compatible-local'; did you mean '-Wshadow-uncaptured-local'?
[2025-12-22 11:56:56.298] [warning] [thread 3158468] [Document.cpp:229] 'cstddef' file not found
[2025-12-22 11:56:56.339] [warning] [thread 3158468] [Document.cpp:227] Building PCH fails for /home/guyutongxue/Documents/files/2025.4/bonc/backend-dp/src/main.cpp, Because: Fail to build PCH or PCM, error occurs in compilation.
[2025-12-22 11:56:56.339] [warning] [thread 3158468] [Document.cpp:229] 'cstddef' file not found
[2025-12-22 11:56:56.431] [info] [thread 3158468] [Server.cpp:174] <-- Handling notification: textDocument/didOpen
[2025-12-22 11:56:56.431] [info] [thread 3158468] [Server.cpp:181] --> Handled notification: textDocument/didOpen 0ms
[2025-12-22 11:56:56.431] [info] [thread 3158468] [Toolchain.cpp:63] Execute command: [/home/linuxbrew/.linuxbrew/bin/clang++ -### -fsyntax-only -std=c++20 -resource-dir /home/guyutongxue/.config/Code/User/globalStorage/ykiko.clice-vscode/lib/clang/21 /tmp/query-toolchain-227c52.h]
[2025-12-22 11:56:56.447] [info] [thread 3158468] [Document.cpp:206] Start building PCH for /home/guyutongxue/Documents/files/2025.4/bonc/backend-dp/src/polyhedron.h, command: [ /home/linuxbrew/.linuxbrew/Cellar/llvm/21.1.6/bin/clang-21 -cc1 -triple x86_64-unknown-linux-gnu -fsyntax-only -disable-free -clear-ast-before-backend -disable-llvm-verifier -discard-value-names -main-file-name polyhedron.h -mrelocation-model pic -pic-level 2 -pic-is-pie -mframe-pointer=all -fmath-errno -ffp-contract=on -fno-rounding-math -mconstructor-aliases -funwind-tables=2 -target-cpu x86-64 -tune-cpu generic -debugger-tuning=gdb -fdebug-compilation-dir=/home/guyutongxue/Documents/files/2025.4/bonc -fcoverage-compilation-dir=/home/guyutongxue/Documents/files/2025.4/bonc -resource-dir /home/guyutongxue/.config/Code/User/globalStorage/ykiko.clice-vscode/lib/clang/21 -internal-isystem /usr/lib/gcc/x86_64-linux-gnu/12/../../../../include/c++/12 -internal-isystem /usr/lib/gcc/x86_64-linux-gnu/12/../../../../include/x86_64-linux-gnu/c++/12 -internal-isystem /usr/lib/gcc/x86_64-linux-gnu/12/../../../../include/c++/12/backward -internal-isystem /home/guyutongxue/.config/Code/User/globalStorage/ykiko.clice-vscode/lib/clang/21/include -internal-isystem /usr/local/include -internal-isystem /usr/lib/gcc/x86_64-linux-gnu/12/../../../../x86_64-linux-gnu/include -internal-externc-isystem /usr/include/x86_64-linux-gnu -internal-externc-isystem /include -internal-externc-isystem /usr/include -std=c++20 -fdeprecated-macro -ferror-limit 19 -fgnuc-version=4.2.1 -fno-implicit-modules -fskip-odr-check-in-gmf -fcxx-exceptions -fexceptions -faddrsig -D__GCC_HAVE_DWARF2_CFI_ASM=1 -x c++-header /home/guyutongxue/Documents/files/2025.4/bonc/backend-dp/src/polyhedron.h]
[2025-12-22 11:56:56.476] [info] [thread 3158468] [Server.cpp:164] <-- Handling request: textDocument/documentSymbol(1)
[2025-12-22 11:56:56.478] [info] [thread 3158468] [Server.cpp:171] --> Handled request: textDocument/documentSymbol(1) 2ms
[2025-12-22 11:56:56.891] [info] [thread 3158468] [Server.cpp:164] <-- Handling request: textDocument/documentLink(2)
[2025-12-22 11:56:56.891] [info] [thread 3158468] [Server.cpp:164] <-- Handling request: textDocument/inlayHint(3)
[2025-12-22 11:56:56.891] [info] [thread 3158468] [Server.cpp:171] --> Handled request: textDocument/documentLink(2) 0ms
[2025-12-22 11:56:56.891] [info] [thread 3158468] [Server.cpp:171] --> Handled request: textDocument/inlayHint(3) 0ms
[2025-12-22 11:56:56.893] [info] [thread 3158468] [Document.cpp:234] Building PCH successfully for /home/guyutongxue/Documents/files/2025.4/bonc/backend-dp/src/polyhedron.h
[2025-12-22 11:56:56.893] [info] [thread 3158468] [Toolchain.cpp:63] Execute command: [/home/linuxbrew/.linuxbrew/bin/clang++ -### -fsyntax-only -std=c++20 -resource-dir /home/guyutongxue/.config/Code/User/globalStorage/ykiko.clice-vscode/lib/clang/21 /tmp/query-toolchain-8f732e.h]
[2025-12-22 11:56:56.959] [info] [thread 3158468] [Document.cpp:357] Building AST successfully for /home/guyutongxue/Documents/files/2025.4/bonc/backend-dp/src/polyhedron.h
[2025-12-22 11:56:57.018] [info] [thread 3158468] [Server.cpp:164] <-- Handling request: textDocument/foldingRange(4)
[2025-12-22 11:56:57.020] [info] [thread 3158468] [Server.cpp:171] --> Handled request: textDocument/foldingRange(4) 2ms
[2025-12-22 11:57:01.013] [info] [thread 3158468] [Server.cpp:164] <-- Handling request: textDocument/definition(5)
[2025-12-22 11:57:01.014] [info] [thread 3158468] [Server.cpp:171] --> Handled request: textDocument/definition(5) 0ms
[2025-12-22 11:57:01.710] [info] [thread 3158468] [Server.cpp:164] <-- Handling request: textDocument/semanticTokens/full(6)
