[2025-12-22 11:57:01.786] [info] [thread 3158531] [clice.cc:101] argv[0] = /home/guyutongxue/.config/Code/User/globalStorage/ykiko.clice-vscode/bin/clice
[2025-12-22 11:57:01.786] [info] [thread 3158531] [clice.cc:101] argv[1] = --mode=pipe
[2025-12-22 11:57:01.786] [info] [thread 3158531] [clice.cc:115] Server starts listening on stdin/stdout
[2025-12-22 11:57:01.786] [info] [thread 3158531] [Server.cpp:164] <-- Handling request: initialize(0)
[2025-12-22 11:57:01.786] [info] [thread 3158531] [Lifecycle.cpp:6] Initialize from client: Visual Studio Code, version: 1.107.0
[2025-12-22 11:57:01.786] [warning] [thread 3158531] [Lifecycle.cpp:27] Fail to load config, because: Config file doesn't exist!
[2025-12-22 11:57:01.786] [info] [thread 3158531] [Lifecycle.cpp:28] Use default config: {
    "project": {
        "cache_dir": "/home/guyutongxue/Documents/files/2025.4/bonc/.clice/cache",
        "clang_tidy": false,
        "compile_commands_dirs": [
            "/home/guyutongxue/Documents/files/2025.4/bonc/build"
        ],
        "index_dir": "/home/guyutongxue/Documents/files/2025.4/bonc/.clice/index",
        "logging_dir": "/home/guyutongxue/Documents/files/2025.4/bonc/.clice/logging",
        "max_active_file": 8,
        "root": true
    },
    "rules": [],
    "workspace": "/home/guyutongxue/Documents/files/2025.4/bonc"
}
[2025-12-22 11:57:01.787] [warning] [thread 3158531] [Document.cpp:16] Fail to load cache info, because: No such file or directory
[2025-12-22 11:57:01.787] [info] [thread 3158531] [Server.cpp:171] --> Handled request: initialize(0) 0ms
[2025-12-22 11:57:01.787] [info] [thread 3158531] [Server.cpp:174] <-- Handling notification: initialized
[2025-12-22 11:57:01.787] [info] [thread 3158531] [Indexer.cpp:113] Fail to load project index form /home/guyutongxue/Documents/files/2025.4/bonc/.clice/index/project.idx
[2025-12-22 11:57:01.787] [info] [thread 3158531] [Server.cpp:181] --> Handled notification: initialized 0ms
[2025-12-22 11:57:01.789] [error] [thread 3158544] [Compilation.cpp:116]  Fail to create invocation, arguments list is: [/home/linuxbrew/.linuxbrew/bin/gcc-15 -I /home/guyutongxue/Documents/files/2025.4/bonc/build/_deps/espresso-src/espresso-src -g -std=gnu99 /home/guyutongxue/Documents/files/2025.4/bonc/build/_deps/espresso-src/espresso-src/exact.c]
[2025-12-22 11:57:01.789] [error] [thread 3158532] [Compilation.cpp:116]  Fail to create invocation, arguments list is: [/home/linuxbrew/.linuxbrew/bin/gcc-15 -I /home/guyutongxue/Documents/files/2025.4/bonc/build/_deps/espresso-src/espresso-src -g -std=gnu99 /home/guyutongxue/Documents/files/2025.4/bonc/build/_deps/espresso-src/espresso-src/setc.c]
[2025-12-22 11:57:01.789] [info] [thread 3158544] [Indexer.cpp:29] Fail to index for /home/guyutongxue/Documents/files/2025.4/bonc/build/_deps/espresso-src/espresso-src/exact.c, because: Fail to create compilation invocation!
[2025-12-22 11:57:01.789] [error] [thread 3158553] [Compilation.cpp:116]  Fail to create invocation, arguments list is: [/home/linuxbrew/.linuxbrew/bin/gcc-15 -I /home/guyutongxue/Documents/files/2025.4/bonc/build/_deps/espresso-src/espresso-src -g -std=gnu99 /home/guyutongxue/Documents/files/2025.4/bonc/build/_deps/espresso-src/espresso-src/globals.c]
[2025-12-22 11:57:01.789] [error] [thread 3158542] [Compilation.cpp:116]  Fail to create invocation, arguments list is: [/home/linuxbrew/.linuxbrew/bin/gcc-15 -I /home/guyutongxue/Documents/files/2025.4/bonc/build/_deps/espresso-src/espresso-src -g -std=gnu99 /home/guyutongxue/Documents/files/2025.4/bonc/build/_deps/espresso-src/espresso-src/verify.c]
[2025-12-22 11:57:01.789] [error] [thread 3158547] [Compilation.cpp:116]  Fail to create invocation, arguments list is: [/home/linuxbrew/.linuxbrew/bin/gcc-15 -I /home/guyutongxue/Documents/files/2025.4/bonc/build/_deps/espresso-src/espresso-src -g -std=gnu99 /home/guyutongxue/Documents/files/2025.4/bonc/build/_deps/espresso-src/espresso-src/part.c]
[2025-12-22 11:57:01.789] [info] [thread 3158553] [Indexer.cpp:29] Fail to index for /home/guyutongxue/Documents/files/2025.4/bonc/build/_deps/espresso-src/espresso-src/globals.c, because: Fail to create compilation invocation!
[2025-12-22 11:57:01.789] [error] [thread 3158561] [Compilation.cpp:116]  Fail to create invocation, arguments list is: [/home/linuxbrew/.linuxbrew/bin/gcc-15 -I /home/guyutongxue/Documents/files/2025.4/bonc/build/_deps/espresso-src/espresso-src -g -std=gnu99 /home/guyutongxue/Documents/files/2025.4/bonc/build/_deps/espresso-src/espresso-src/expand.c]
[2025-12-22 11:57:01.789] [error] [thread 3158541] [Compilation.cpp:116]  Fail to create invocation, arguments list is: [/home/linuxbrew/.linuxbrew/bin/gcc-15 -I /home/guyutongxue/Documents/files/2025.4/bonc/build/_deps/espresso-src/espresso-src -g -std=gnu99 /home/guyutongxue/Documents/files/2025.4/bonc/build/_deps/espresso-src/espresso-src/cols.c]
[2025-12-22 11:57:01.789] [info] [thread 3158541] [Indexer.cpp:29] Fail to index for /home/guyutongxue/Documents/files/2025.4/bonc/build/_deps/espresso-src/espresso-src/cols.c, because: Fail to create compilation invocation!
[2025-12-22 11:57:01.789] [error] [thread 3158534] [Compilation.cpp:116]  Fail to create invocation, arguments list is: [/home/linuxbrew/.linuxbrew/bin/gcc-15 -I /home/guyutongxue/Documents/files/2025.4/bonc/build/_deps/espresso-src/espresso-src -g -std=gnu99 /home/guyutongxue/Documents/files/2025.4/bonc/build/_deps/espresso-src/espresso-src/cpu_time.c]
[2025-12-22 11:57:01.789] [error] [thread 3158536] [Compilation.cpp:116]  Fail to create invocation, arguments list is: [/home/linuxbrew/.linuxbrew/bin/gcc-15 -I /home/guyutongxue/Documents/files/2025.4/bonc/build/_deps/espresso-src/espresso-src -g -std=gnu99 /home/guyutongxue/Documents/files/2025.4/bonc/build/_deps/espresso-src/espresso-src/equiv.c]
[2025-12-22 11:57:01.789] [info] [thread 3158532] [Indexer.cpp:29] Fail to index for /home/guyutongxue/Documents/files/2025.4/bonc/build/_deps/espresso-src/espresso-src/setc.c, because: Fail to create compilation invocation!
[2025-12-22 11:57:01.789] [error] [thread 3158537] [Compilation.cpp:116]  Fail to create invocation, arguments list is: [/home/linuxbrew/.linuxbrew/bin/gcc-15 -I /home/guyutongxue/Documents/files/2025.4/bonc/build/_deps/espresso-src/espresso-src -g -std=gnu99 /home/guyutongxue/Documents/files/2025.4/bonc/build/_deps/espresso-src/espresso-src/reduce.c]
[2025-12-22 11:57:01.789] [info] [thread 3158536] [Indexer.cpp:29] Fail to index for /home/guyutongxue/Documents/files/2025.4/bonc/build/_deps/espresso-src/espresso-src/equiv.c, because: Fail to create compilation invocation!
[2025-12-22 11:57:01.789] [info] [thread 3158561] [Indexer.cpp:29] Fail to index for /home/guyutongxue/Documents/files/2025.4/bonc/build/_deps/espresso-src/espresso-src/expand.c, because: Fail to create compilation invocation!
[2025-12-22 11:57:01.789] [error] [thread 3158545] [Compilation.cpp:116]  Fail to create invocation, arguments list is: [/home/linuxbrew/.linuxbrew/bin/gcc-15 -I /home/guyutongxue/Documents/files/2025.4/bonc/build/_deps/espresso-src/espresso-src -g -std=gnu99 /home/guyutongxue/Documents/files/2025.4/bonc/build/_deps/espresso-src/espresso-src/irred.c]
[2025-12-22 11:57:01.789] [error] [thread 3158550] [Compilation.cpp:116]  Fail to create invocation, arguments list is: [/home/linuxbrew/.linuxbrew/bin/gcc-15 -I /home/guyutongxue/Documents/files/2025.4/bonc/build/_deps/espresso-src/espresso-src -g -std=gnu99 /home/guyutongxue/Documents/files/2025.4/bonc/build/_deps/espresso-src/espresso-src/strdup.c]
[2025-12-22 11:57:01.789] [error] [thread 3158552] [Compilation.cpp:116]  Fail to create invocation, arguments list is: [/home/linuxbrew/.linuxbrew/bin/gcc-15 -I /home/guyutongxue/Documents/files/2025.4/bonc/build/_deps/espresso-src/espresso-src -g -std=gnu99 /home/guyutongxue/Documents/files/2025.4/bonc/build/_deps/espresso-src/espresso-src/espresso.c]
[2025-12-22 11:57:01.789] [error] [thread 3158538] [Compilation.cpp:116]  Fail to create invocation, arguments list is: [/home/linuxbrew/.linuxbrew/bin/gcc-15 -I /home/guyutongxue/Documents/files/2025.4/bonc/build/_deps/espresso-src/espresso-src -g -std=gnu99 /home/guyutongxue/Documents/files/2025.4/bonc/build/_deps/espresso-src/espresso-src/matrix.c]
[2025-12-22 11:57:01.789] [info] [thread 3158534] [Indexer.cpp:29] Fail to index for /home/guyutongxue/Documents/files/2025.4/bonc/build/_deps/espresso-src/espresso-src/cpu_time.c, because: Fail to create compilation invocation!
[2025-12-22 11:57:01.789] [info] [thread 3158552] [Indexer.cpp:29] Fail to index for /home/guyutongxue/Documents/files/2025.4/bonc/build/_deps/espresso-src/espresso-src/espresso.c, because: Fail to create compilation invocation!
[2025-12-22 11:57:01.789] [info] [thread 3158531] [Server.cpp:174] <-- Handling notification: textDocument/didOpen
[2025-12-22 11:57:01.789] [error] [thread 3158549] [Compilation.cpp:116]  Fail to create invocation, arguments list is: [/home/linuxbrew/.linuxbrew/bin/gcc-15 -I /home/guyutongxue/Documents/files/2025.4/bonc/build/_deps/espresso-src/espresso-src -g -std=gnu99 /home/guyutongxue/Documents/files/2025.4/bonc/build/_deps/espresso-src/espresso-src/sharp.c]
[2025-12-22 11:57:01.789] [error] [thread 3158559] [Compilation.cpp:116]  Fail to create invocation, arguments list is: [/home/linuxbrew/.linuxbrew/bin/gcc-15 -I /home/guyutongxue/Documents/files/2025.4/bonc/build/_deps/espresso-src/espresso-src -g -std=gnu99 /home/guyutongxue/Documents/files/2025.4/bonc/build/_deps/espresso-src/espresso-src/cvrout.c]
[2025-12-22 11:57:01.789] [info] [thread 3158545] [Indexer.cpp:29] Fail to index for /home/guyutongxue/Documents/files/2025.4/bonc/build/_deps/espresso-src/espresso-src/irred.c, because: Fail to create compilation invocation!
[2025-12-22 11:57:01.789] [info] [thread 3158549] [Indexer.cpp:29] Fail to index for /home/guyutongxue/Documents/files/2025.4/bonc/build/_deps/espresso-src/espresso-src/sharp.c, because: Fail to create compilation invocation!
[2025-12-22 11:57:01.789] [info] [thread 3158550] [Indexer.cpp:29] Fail to index for /home/guyutongxue/Documents/files/2025.4/bonc/build/_deps/espresso-src/espresso-src/strdup.c, because: Fail to create compilation invocation!
[2025-12-22 11:57:01.789] [info] [thread 3158547] [Indexer.cpp:29] Fail to index for /home/guyutongxue/Documents/files/2025.4/bonc/build/_deps/espresso-src/espresso-src/part.c, because: Fail to create compilation invocation!
[2025-12-22 11:57:01.789] [info] [thread 3158538] [Indexer.cpp:29] Fail to index for /home/guyutongxue/Documents/files/2025.4/bonc/build/_deps/espresso-src/espresso-src/matrix.c, because: Fail to create compilation invocation!
[2025-12-22 11:57:01.789] [error] [thread 3158557] [Compilation.cpp:116]  Fail to create invocation, arguments list is: [/home/linuxbrew/.linuxbrew/bin/gcc-15 -I /home/guyutongxue/Documents/files/2025.4/bonc/build/_deps/espresso-src/espresso-src -g -std=gnu99 /home/guyutongxue/Documents/files/2025.4/bonc/build/_deps/espresso-src/espresso-src/compl.c]
[2025-12-22 11:57:01.789] [info] [thread 3158557] [Indexer.cpp:29] Fail to index for /home/guyutongxue/Documents/files/2025.4/bonc/build/_deps/espresso-src/espresso-src/compl.c, because: Fail to create compilation invocation!
[2025-12-22 11:57:01.789] [info] [thread 3158542] [Indexer.cpp:29] Fail to index for /home/guyutongxue/Documents/files/2025.4/bonc/build/_deps/espresso-src/espresso-src/verify.c, because: Fail to create compilation invocation!
[2025-12-22 11:57:01.789] [error] [thread 3158551] [Compilation.cpp:116]  Fail to create invocation, arguments list is: [/home/linuxbrew/.linuxbrew/bin/gcc-15 -I /home/guyutongxue/Documents/files/2025.4/bonc/build/_deps/espresso-src/espresso-src -g -std=gnu99 /home/guyutongxue/Documents/files/2025.4/bonc/build/_deps/espresso-src/espresso-src/cubestr.c]
[2025-12-22 11:57:01.789] [info] [thread 3158537] [Indexer.cpp:29] Fail to index for /home/guyutongxue/Documents/files/2025.4/bonc/build/_deps/espresso-src/espresso-src/reduce.c, because: Fail to create compilation invocation!
[2025-12-22 11:57:01.789] [info] [thread 3158551] [Indexer.cpp:29] Fail to index for /home/guyutongxue/Documents/files/2025.4/bonc/build/_deps/espresso-src/espresso-src/cubestr.c, because: Fail to create compilation invocation!
[2025-12-22 11:57:01.789] [info] [thread 3158531] [Server.cpp:181] --> Handled notification: textDocument/didOpen 0ms
[2025-12-22 11:57:01.789] [error] [thread 3158554] [Compilation.cpp:116]  Fail to create invocation, arguments list is: [/home/linuxbrew/.linuxbrew/bin/gcc-15 -I /home/guyutongxue/Documents/files/2025.4/bonc/build/_deps/espresso-src/espresso-src -g -std=gnu99 /home/guyutongxue/Documents/files/2025.4/bonc/build/_deps/espresso-src/espresso-src/mincov.c]
[2025-12-22 11:57:01.789] [info] [thread 3158554] [Indexer.cpp:29] Fail to index for /home/guyutongxue/Documents/files/2025.4/bonc/build/_deps/espresso-src/espresso-src/mincov.c, because: Fail to create compilation invocation!
[2025-12-22 11:57:01.789] [info] [thread 3158559] [Indexer.cpp:29] Fail to index for /home/guyutongxue/Documents/files/2025.4/bonc/build/_deps/espresso-src/espresso-src/cvrout.c, because: Fail to create compilation invocation!
[2025-12-22 11:57:01.789] [error] [thread 3158555] [Compilation.cpp:116]  Fail to create invocation, arguments list is: [/home/linuxbrew/.linuxbrew/bin/gcc-15 -I /home/guyutongxue/Documents/files/2025.4/bonc/build/_deps/espresso-src/espresso-src -g -std=gnu99 /home/guyutongxue/Documents/files/2025.4/bonc/build/_deps/espresso-src/espresso-src/rows.c]
[2025-12-22 11:57:01.789] [error] [thread 3158556] [Compilation.cpp:116]  Fail to create invocation, arguments list is: [/home/linuxbrew/.linuxbrew/bin/gcc-15 -I /home/guyutongxue/Documents/files/2025.4/bonc/build/_deps/espresso-src/espresso-src -g -std=gnu99 /home/guyutongxue/Documents/files/2025.4/bonc/build/_deps/espresso-src/espresso-src/sminterf.c]
[2025-12-22 11:57:01.789] [info] [thread 3158556] [Indexer.cpp:29] Fail to index for /home/guyutongxue/Documents/files/2025.4/bonc/build/_deps/espresso-src/espresso-src/sminterf.c, because: Fail to create compilation invocation!
[2025-12-22 11:57:01.789] [error] [thread 3158560] [Compilation.cpp:116]  Fail to create invocation, arguments list is: [/home/linuxbrew/.linuxbrew/bin/g++-15 -I /home/guyutongxue/Documents/files/2025.4/bonc/sat-modeller/includes -I /home/guyutongxue/Documents/files/2025.4/bonc/build/_deps/espresso-src/espresso-src -g -std=gnu++23 -Wall -Wextra -Wpedantic /home/guyutongxue/Documents/files/2025.4/bonc/sat-modeller/src/sat_modeller.cpp]
[2025-12-22 11:57:01.789] [info] [thread 3158560] [Indexer.cpp:29] Fail to index for /home/guyutongxue/Documents/files/2025.4/bonc/sat-modeller/src/sat_modeller.cpp, because: Fail to create compilation invocation!
[2025-12-22 11:57:01.789] [error] [thread 3158558] [Compilation.cpp:116]  Fail to create invocation, arguments list is: [/home/linuxbrew/.linuxbrew/bin/g++-15 -I /home/guyutongxue/Documents/files/2025.4/bonc/sat-modeller/includes -I /home/guyutongxue/Documents/files/2025.4/bonc/build/_deps/espresso-src/espresso-src -g -std=gnu++23 -Wall -Wextra -Wpedantic /home/guyutongxue/Documents/files/2025.4/bonc/sat-modeller/src/espresso_wrapper.cpp]
[2025-12-22 11:57:01.789] [info] [thread 3158558] [Indexer.cpp:29] Fail to index for /home/guyutongxue/Documents/files/2025.4/bonc/sat-modeller/src/espresso_wrapper.cpp, because: Fail to create compilation invocation!
[2025-12-22 11:57:01.789] [error] [thread 3158548] [Compilation.cpp:116]  Fail to create invocation, arguments list is: [/home/linuxbrew/.linuxbrew/bin/g++-15 -D BOOST_ALL_NO_LIB -D BOOST_PROGRAM_OPTIONS_DYN_LINK -D BOOST_REGEX_DYN_LINK -D USE_CRYPTOMINISAT5 -I /home/guyutongxue/Documents/files/2025.4/bonc/midend-common/includes -I /home/guyutongxue/Documents/files/2025.4/bonc/sat-modeller/includes -g -std=gnu++26 -Wall -Wextra -Wpedantic -Wshadow=compatible-local -fmodules-ts -fmodule-mapper=backend-sat/CMakeFiles/bonc-backend-sat.dir/src/main.cpp.o.modmap -fdeps-format=p1689r5 -x c++ /home/guyutongxue/Documents/files/2025.4/bonc/backend-sat/src/main.cpp]
[2025-12-22 11:57:01.789] [info] [thread 3158548] [Indexer.cpp:29] Fail to index for /home/guyutongxue/Documents/files/2025.4/bonc/backend-sat/src/main.cpp, because: Fail to create compilation invocation!
[2025-12-22 11:57:01.789] [error] [thread 3158539] [Compilation.cpp:116]  Fail to create invocation, arguments list is: [/home/linuxbrew/.linuxbrew/bin/gcc-15 -I /home/guyutongxue/Documents/files/2025.4/bonc/build/_deps/espresso-src/espresso-src -g -std=gnu99 /home/guyutongxue/Documents/files/2025.4/bonc/build/_deps/espresso-src/espresso-src/signature_exact.c]
[2025-12-22 11:57:01.789] [info] [thread 3158539] [Indexer.cpp:29] Fail to index for /home/guyutongxue/Documents/files/2025.4/bonc/build/_deps/espresso-src/espresso-src/signature_exact.c, because: Fail to create compilation invocation!
[2025-12-22 11:57:01.789] [error] [thread 3158535] [Compilation.cpp:116]  Fail to create invocation, arguments list is: [/home/linuxbrew/.linuxbrew/bin/gcc-15 -I /home/guyutongxue/Documents/files/2025.4/bonc/build/_deps/espresso-src/espresso-src -g -std=gnu99 /home/guyutongxue/Documents/files/2025.4/bonc/build/_deps/espresso-src/espresso-src/gimpel.c]
[2025-12-22 11:57:01.789] [error] [thread 3158540] [Compilation.cpp:116]  Fail to create invocation, arguments list is: [/home/linuxbrew/.linuxbrew/bin/g++-15 -D BOOST_ALL_NO_LIB -D BOOST_PROGRAM_OPTIONS_DYN_LINK -I /opt/gurobi1103/linux64/include -I /home/guyutongxue/Documents/files/2025.4/bonc/midend-common/includes -isystem /home/guyutongxue/Documents/files/2025.4/bonc/build/ppl/ppl_src-prefix/include -g -std=gnu++26 -fmodules-ts -fmodule-mapper=backend-dp/CMakeFiles/bonc-backend-dp.dir/src/polyhedron.cpp.o.modmap -fdeps-format=p1689r5 -x c++ /home/guyutongxue/Documents/files/2025.4/bonc/backend-dp/src/polyhedron.cpp]
[2025-12-22 11:57:01.789] [info] [thread 3158540] [Indexer.cpp:29] Fail to index for /home/guyutongxue/Documents/files/2025.4/bonc/backend-dp/src/polyhedron.cpp, because: Fail to create compilation invocation!
[2025-12-22 11:57:01.789] [error] [thread 3158533] [Compilation.cpp:116]  Fail to create invocation, arguments list is: [/home/linuxbrew/.linuxbrew/bin/gcc-15 -I /home/guyutongxue/Documents/files/2025.4/bonc/build/_deps/espresso-src/espresso-src -g -std=gnu99 /home/guyutongxue/Documents/files/2025.4/bonc/build/_deps/espresso-src/espresso-src/sparse.c]
[2025-12-22 11:57:01.789] [error] [thread 3158546] [Compilation.cpp:116]  Fail to create invocation, arguments list is: [/home/linuxbrew/.linuxbrew/bin/g++-15 -D BOOST_ALL_NO_LIB -I /home/guyutongxue/Documents/files/2025.4/bonc/midend-common/includes -g -std=gnu++26 -fmodules-ts -fmodule-mapper=midend-common/CMakeFiles/bonc-midend-common.dir/src/sbox_and_input.cpp.o.modmap -fdeps-format=p1689r5 -x c++ /home/guyutongxue/Documents/files/2025.4/bonc/midend-common/src/sbox_and_input.cpp]
[2025-12-22 11:57:01.789] [info] [thread 3158533] [Indexer.cpp:29] Fail to index for /home/guyutongxue/Documents/files/2025.4/bonc/build/_deps/espresso-src/espresso-src/sparse.c, because: Fail to create compilation invocation!
[2025-12-22 11:57:01.789] [info] [thread 3158546] [Indexer.cpp:29] Fail to index for /home/guyutongxue/Documents/files/2025.4/bonc/midend-common/src/sbox_and_input.cpp, because: Fail to create compilation invocation!
[2025-12-22 11:57:01.789] [info] [thread 3158535] [Indexer.cpp:29] Fail to index for /home/guyutongxue/Documents/files/2025.4/bonc/build/_deps/espresso-src/espresso-src/gimpel.c, because: Fail to create compilation invocation!
[2025-12-22 11:57:01.789] [info] [thread 3158555] [Indexer.cpp:29] Fail to index for /home/guyutongxue/Documents/files/2025.4/bonc/build/_deps/espresso-src/espresso-src/rows.c, because: Fail to create compilation invocation!
[2025-12-22 11:57:01.789] [error] [thread 3158543] [Compilation.cpp:116]  Fail to create invocation, arguments list is: [/home/linuxbrew/.linuxbrew/bin/gcc-15 -I /home/guyutongxue/Documents/files/2025.4/bonc/build/_deps/espresso-src/espresso-src -g -std=gnu99 /home/guyutongxue/Documents/files/2025.4/bonc/build/_deps/espresso-src/espresso-src/cvrmisc.c]
[2025-12-22 11:57:01.790] [info] [thread 3158543] [Indexer.cpp:29] Fail to index for /home/guyutongxue/Documents/files/2025.4/bonc/build/_deps/espresso-src/espresso-src/cvrmisc.c, because: Fail to create compilation invocation!
[2025-12-22 11:57:01.790] [error] [thread 3158544] [Compilation.cpp:116]  Fail to create invocation, arguments list is: [/home/linuxbrew/.linuxbrew/bin/gcc-15 -I /home/guyutongxue/Documents/files/2025.4/bonc/build/_deps/espresso-src/espresso-src -g -std=gnu99 /home/guyutongxue/Documents/files/2025.4/bonc/build/_deps/espresso-src/espresso-src/black_white.c]
[2025-12-22 11:57:01.790] [error] [thread 3158562] [Compilation.cpp:116]  Fail to create invocation, arguments list is: [/home/linuxbrew/.linuxbrew/bin/gcc-15 -I /home/guyutongxue/Documents/files/2025.4/bonc/build/_deps/espresso-src/espresso-src -g -std=gnu99 /home/guyutongxue/Documents/files/2025.4/bonc/build/_deps/espresso-src/espresso-src/main.c]
[2025-12-22 11:57:01.790] [info] [thread 3158544] [Indexer.cpp:29] Fail to index for /home/guyutongxue/Documents/files/2025.4/bonc/build/_deps/espresso-src/espresso-src/black_white.c, because: Fail to create compilation invocation!
[2025-12-22 11:57:01.790] [info] [thread 3158562] [Indexer.cpp:29] Fail to index for /home/guyutongxue/Documents/files/2025.4/bonc/build/_deps/espresso-src/espresso-src/main.c, because: Fail to create compilation invocation!
[2025-12-22 11:57:01.790] [error] [thread 3158563] [Compilation.cpp:116]  Fail to create invocation, arguments list is: [/home/linuxbrew/.linuxbrew/bin/gcc-15 -I /home/guyutongxue/Documents/files/2025.4/bonc/build/_deps/espresso-src/espresso-src -g -std=gnu99 /home/guyutongxue/Documents/files/2025.4/bonc/build/_deps/espresso-src/espresso-src/primes.c]
[2025-12-22 11:57:01.790] [info] [thread 3158563] [Indexer.cpp:29] Fail to index for /home/guyutongxue/Documents/files/2025.4/bonc/build/_deps/espresso-src/espresso-src/primes.c, because: Fail to create compilation invocation!
[2025-12-22 11:57:01.790] [error] [thread 3158549] [Compilation.cpp:116]  Fail to create invocation, arguments list is: [/home/linuxbrew/.linuxbrew/bin/gcc-15 -I /home/guyutongxue/Documents/files/2025.4/bonc/build/_deps/espresso-src/espresso-src -g -std=gnu99 /home/guyutongxue/Documents/files/2025.4/bonc/build/_deps/espresso-src/espresso-src/essen.c]
[2025-12-22 11:57:01.790] [info] [thread 3158549] [Indexer.cpp:29] Fail to index for /home/guyutongxue/Documents/files/2025.4/bonc/build/_deps/espresso-src/espresso-src/essen.c, because: Fail to create compilation invocation!
[2025-12-22 11:57:01.790] [error] [thread 3158553] [Compilation.cpp:116]  Fail to create invocation, arguments list is: [/home/linuxbrew/.linuxbrew/bin/gcc-15 -I /home/guyutongxue/Documents/files/2025.4/bonc/build/_deps/espresso-src/espresso-src -g -std=gnu99 /home/guyutongxue/Documents/files/2025.4/bonc/build/_deps/espresso-src/espresso-src/sigma.c]
[2025-12-22 11:57:01.790] [error] [thread 3158541] [Compilation.cpp:116]  Fail to create invocation, arguments list is: [/home/linuxbrew/.linuxbrew/bin/gcc-15 -I /home/guyutongxue/Documents/files/2025.4/bonc/build/_deps/espresso-src/espresso-src -g -std=gnu99 /home/guyutongxue/Documents/files/2025.4/bonc/build/_deps/espresso-src/espresso-src/canonical.c]
[2025-12-22 11:57:01.790] [info] [thread 3158553] [Indexer.cpp:29] Fail to index for /home/guyutongxue/Documents/files/2025.4/bonc/build/_deps/espresso-src/espresso-src/sigma.c, because: Fail to create compilation invocation!
[2025-12-22 11:57:01.790] [error] [thread 3158552] [Compilation.cpp:116]  Fail to create invocation, arguments list is: [/home/linuxbrew/.linuxbrew/bin/gcc-15 -I /home/guyutongxue/Documents/files/2025.4/bonc/build/_deps/espresso-src/espresso-src -g -std=gnu99 /home/guyutongxue/Documents/files/2025.4/bonc/build/_deps/espresso-src/espresso-src/unate.c]
[2025-12-22 11:57:01.790] [info] [thread 3158541] [Indexer.cpp:29] Fail to index for /home/guyutongxue/Documents/files/2025.4/bonc/build/_deps/espresso-src/espresso-src/canonical.c, because: Fail to create compilation invocation!
[2025-12-22 11:57:01.790] [error] [thread 3158536] [Compilation.cpp:116]  Fail to create invocation, arguments list is: [/home/linuxbrew/.linuxbrew/bin/gcc-15 -I /home/guyutongxue/Documents/files/2025.4/bonc/build/_deps/espresso-src/espresso-src -g -std=gnu99 /home/guyutongxue/Documents/files/2025.4/bonc/build/_deps/espresso-src/espresso-src/cvrin.c]
[2025-12-22 11:57:01.790] [info] [thread 3158552] [Indexer.cpp:29] Fail to index for /home/guyutongxue/Documents/files/2025.4/bonc/build/_deps/espresso-src/espresso-src/unate.c, because: Fail to create compilation invocation!
[2025-12-22 11:57:01.790] [error] [thread 3158538] [Compilation.cpp:116]  Fail to create invocation, arguments list is: [/home/linuxbrew/.linuxbrew/bin/gcc-15 -I /home/guyutongxue/Documents/files/2025.4/bonc/build/_deps/espresso-src/espresso-src -g -std=gnu99 /home/guyutongxue/Documents/files/2025.4/bonc/build/_deps/espresso-src/espresso-src/hack.c]
[2025-12-22 11:57:01.790] [info] [thread 3158536] [Indexer.cpp:29] Fail to index for /home/guyutongxue/Documents/files/2025.4/bonc/build/_deps/espresso-src/espresso-src/cvrin.c, because: Fail to create compilation invocation!
[2025-12-22 11:57:01.790] [info] [thread 3158538] [Indexer.cpp:29] Fail to index for /home/guyutongxue/Documents/files/2025.4/bonc/build/_deps/espresso-src/espresso-src/hack.c, because: Fail to create compilation invocation!
[2025-12-22 11:57:01.790] [error] [thread 3158545] [Compilation.cpp:116]  Fail to create invocation, arguments list is: [/home/linuxbrew/.linuxbrew/bin/gcc-15 -I /home/guyutongxue/Documents/files/2025.4/bonc/build/_deps/espresso-src/espresso-src -g -std=gnu99 /home/guyutongxue/Documents/files/2025.4/bonc/build/_deps/espresso-src/espresso-src/opo.c]
[2025-12-22 11:57:01.790] [info] [thread 3158545] [Indexer.cpp:29] Fail to index for /home/guyutongxue/Documents/files/2025.4/bonc/build/_deps/espresso-src/espresso-src/opo.c, because: Fail to create compilation invocation!
[2025-12-22 11:57:01.790] [error] [thread 3158537] [Compilation.cpp:116]  Fail to create invocation, arguments list is: [/home/linuxbrew/.linuxbrew/bin/gcc-15 -I /home/guyutongxue/Documents/files/2025.4/bonc/build/_deps/espresso-src/espresso-src -g -std=gnu99 /home/guyutongxue/Documents/files/2025.4/bonc/build/_deps/espresso-src/espresso-src/set.c]
[2025-12-22 11:57:01.790] [info] [thread 3158537] [Indexer.cpp:29] Fail to index for /home/guyutongxue/Documents/files/2025.4/bonc/build/_deps/espresso-src/espresso-src/set.c, because: Fail to create compilation invocation!
[2025-12-22 11:57:01.790] [error] [thread 3158561] [Compilation.cpp:116]  Fail to create invocation, arguments list is: [/home/linuxbrew/.linuxbrew/bin/gcc-15 -I /home/guyutongxue/Documents/files/2025.4/bonc/build/_deps/espresso-src/espresso-src -g -std=gnu99 /home/guyutongxue/Documents/files/2025.4/bonc/build/_deps/espresso-src/espresso-src/solution.c]
[2025-12-22 11:57:01.790] [info] [thread 3158561] [Indexer.cpp:29] Fail to index for /home/guyutongxue/Documents/files/2025.4/bonc/build/_deps/espresso-src/espresso-src/solution.c, because: Fail to create compilation invocation!
[2025-12-22 11:57:01.790] [error] [thread 3158561] [Compilation.cpp:116]  Fail to create invocation, arguments list is: [/home/linuxbrew/.linuxbrew/bin/gcc-15 -I /home/guyutongxue/Documents/files/2025.4/bonc/build/_deps/espresso-src/espresso-src -g -std=gnu99 /home/guyutongxue/Documents/files/2025.4/bonc/build/_deps/espresso-src/espresso-src/dominate.c]
[2025-12-22 11:57:01.790] [info] [thread 3158561] [Indexer.cpp:29] Fail to index for /home/guyutongxue/Documents/files/2025.4/bonc/build/_deps/espresso-src/espresso-src/dominate.c, because: Fail to create compilation invocation!
[2025-12-22 11:57:01.790] [error] [thread 3158534] [Compilation.cpp:116]  Fail to create invocation, arguments list is: [/home/linuxbrew/.linuxbrew/bin/gcc-15 -I /home/guyutongxue/Documents/files/2025.4/bonc/build/_deps/espresso-src/espresso-src -g -std=gnu99 /home/guyutongxue/Documents/files/2025.4/bonc/build/_deps/espresso-src/espresso-src/contain.c]
[2025-12-22 11:57:01.790] [info] [thread 3158534] [Indexer.cpp:29] Fail to index for /home/guyutongxue/Documents/files/2025.4/bonc/build/_deps/espresso-src/espresso-src/contain.c, because: Fail to create compilation invocation!
[2025-12-22 11:57:01.790] [error] [thread 3158532] [Compilation.cpp:116]  Fail to create invocation, arguments list is: [/home/linuxbrew/.linuxbrew/bin/g++-15 -D BOOST_ALL_NO_LIB -I /home/guyutongxue/Documents/files/2025.4/bonc/midend-common/includes -g -std=gnu++26 -fmodules-ts -fmodule-mapper=midend-common/CMakeFiles/bonc-midend-common.dir/src/lookup_table.cpp.o.modmap -fdeps-format=p1689r5 -x c++ /home/guyutongxue/Documents/files/2025.4/bonc/midend-common/src/lookup_table.cpp]
[2025-12-22 11:57:01.790] [info] [thread 3158532] [Indexer.cpp:29] Fail to index for /home/guyutongxue/Documents/files/2025.4/bonc/midend-common/src/lookup_table.cpp, because: Fail to create compilation invocation!
[2025-12-22 11:57:01.790] [error] [thread 3158534] [Compilation.cpp:116]  Fail to create invocation, arguments list is: [/home/linuxbrew/.linuxbrew/bin/gcc-15 -I /home/guyutongxue/Documents/files/2025.4/bonc/build/_deps/espresso-src/espresso-src -g -std=gnu99 /home/guyutongxue/Documents/files/2025.4/bonc/build/_deps/espresso-src/espresso-src/gasp.c]
[2025-12-22 11:57:01.790] [info] [thread 3158534] [Indexer.cpp:29] Fail to index for /home/guyutongxue/Documents/files/2025.4/bonc/build/_deps/espresso-src/espresso-src/gasp.c, because: Fail to create compilation invocation!
[2025-12-22 11:57:01.790] [info] [thread 3158531] [Toolchain.cpp:63] Execute command: [/home/linuxbrew/.linuxbrew/bin/clang++ -### -fsyntax-only -std=c++20 -resource-dir /home/guyutongxue/.config/Code/User/globalStorage/ykiko.clice-vscode/lib/clang/21 /tmp/query-toolchain-497ded.hpp]
[2025-12-22 11:57:01.791] [error] [thread 3158532] [Compilation.cpp:116]  Fail to create invocation, arguments list is: [/home/linuxbrew/.linuxbrew/bin/gcc-15 -I /home/guyutongxue/Documents/files/2025.4/bonc/build/_deps/espresso-src/espresso-src -g -std=gnu99 /home/guyutongxue/Documents/files/2025.4/bonc/build/_deps/espresso-src/espresso-src/prtime.c]
[2025-12-22 11:57:01.791] [info] [thread 3158532] [Indexer.cpp:29] Fail to index for /home/guyutongxue/Documents/files/2025.4/bonc/build/_deps/espresso-src/espresso-src/prtime.c, because: Fail to create compilation invocation!
[2025-12-22 11:57:01.791] [error] [thread 3158557] [Compilation.cpp:116]  Fail to create invocation, arguments list is: [/home/linuxbrew/.linuxbrew/bin/g++-15 -D BOOST_ALL_NO_LIB -D BOOST_PROGRAM_OPTIONS_DYN_LINK -I /home/guyutongxue/Documents/files/2025.4/bonc/midend-common/includes -g -std=gnu++26 -fmodules-ts -fmodule-mapper=backend-nm/CMakeFiles/bonc-backend-nm.dir/src/main.cpp.o.modmap -fdeps-format=p1689r5 -x c++ /home/guyutongxue/Documents/files/2025.4/bonc/backend-nm/src/main.cpp]
[2025-12-22 11:57:01.791] [error] [thread 3158560] [Compilation.cpp:116]  Fail to create invocation, arguments list is: [/home/linuxbrew/.linuxbrew/bin/gcc-15 -I /home/guyutongxue/Documents/files/2025.4/bonc/build/_deps/espresso-src/espresso-src -g -std=gnu99 /home/guyutongxue/Documents/files/2025.4/bonc/build/_deps/espresso-src/espresso-src/map.c]
[2025-12-22 11:57:01.791] [info] [thread 3158560] [Indexer.cpp:29] Fail to index for /home/guyutongxue/Documents/files/2025.4/bonc/build/_deps/espresso-src/espresso-src/map.c, because: Fail to create compilation invocation!
[2025-12-22 11:57:01.791] [error] [thread 3158534] [Compilation.cpp:116]  Fail to create invocation, arguments list is: [/home/linuxbrew/.linuxbrew/bin/gcc-15 -I /home/guyutongxue/Documents/files/2025.4/bonc/build/_deps/espresso-src/espresso-src -g -std=gnu99 /home/guyutongxue/Documents/files/2025.4/bonc/build/_deps/espresso-src/espresso-src/signature.c]
[2025-12-22 11:57:01.791] [info] [thread 3158534] [Indexer.cpp:29] Fail to index for /home/guyutongxue/Documents/files/2025.4/bonc/build/_deps/espresso-src/espresso-src/signature.c, because: Fail to create compilation invocation!
[2025-12-22 11:57:01.791] [info] [thread 3158557] [Indexer.cpp:29] Fail to index for /home/guyutongxue/Documents/files/2025.4/bonc/backend-nm/src/main.cpp, because: Fail to create compilation invocation!
[2025-12-22 11:57:01.791] [error] [thread 3158547] [Compilation.cpp:116]  Fail to create invocation, arguments list is: [/home/linuxbrew/.linuxbrew/bin/g++-15 -D BOOST_ALL_NO_LIB -D BOOST_PROGRAM_OPTIONS_DYN_LINK -I /opt/gurobi1103/linux64/include -I /home/guyutongxue/Documents/files/2025.4/bonc/midend-common/includes -isystem /home/guyutongxue/Documents/files/2025.4/bonc/build/ppl/ppl_src-prefix/include -g -std=gnu++26 -fmodules-ts -fmodule-mapper=backend-dp/CMakeFiles/bonc-backend-dp.dir/src/main.cpp.o.modmap -fdeps-format=p1689r5 -x c++ /home/guyutongxue/Documents/files/2025.4/bonc/backend-dp/src/main.cpp]
[2025-12-22 11:57:01.791] [info] [thread 3158547] [Indexer.cpp:29] Fail to index for /home/guyutongxue/Documents/files/2025.4/bonc/backend-dp/src/main.cpp, because: Fail to create compilation invocation!
[2025-12-22 11:57:01.791] [error] [thread 3158548] [Compilation.cpp:116]  Fail to create invocation, arguments list is: [/home/linuxbrew/.linuxbrew/bin/g++-15 -D BOOST_ALL_NO_LIB -D BOOST_PROGRAM_OPTIONS_DYN_LINK -I /home/guyutongxue/Documents/files/2025.4/bonc/midend-common/includes -g -std=gnu++26 -fmodules-ts -fmodule-mapper=backend-nm/CMakeFiles/bonc-backend-nm.dir/src/lib.cpp.o.modmap -fdeps-format=p1689r5 -x c++ /home/guyutongxue/Documents/files/2025.4/bonc/backend-nm/src/lib.cpp]
[2025-12-22 11:57:01.791] [info] [thread 3158548] [Indexer.cpp:29] Fail to index for /home/guyutongxue/Documents/files/2025.4/bonc/backend-nm/src/lib.cpp, because: Fail to create compilation invocation!
[2025-12-22 11:57:01.791] [error] [thread 3158551] [Compilation.cpp:116]  Fail to create invocation, arguments list is: [/home/linuxbrew/.linuxbrew/bin/g++-15 -D BOOST_ALL_NO_LIB -D BOOST_PROGRAM_OPTIONS_DYN_LINK -I /opt/gurobi1103/linux64/include -I /home/guyutongxue/Documents/files/2025.4/bonc/midend-common/includes -isystem /home/guyutongxue/Documents/files/2025.4/bonc/build/ppl/ppl_src-prefix/include -g -std=gnu++26 -fmodules-ts -fmodule-mapper=backend-dp/CMakeFiles/bonc-backend-dp.dir/src/sbox_modelling.cpp.o.modmap -fdeps-format=p1689r5 -x c++ /home/guyutongxue/Documents/files/2025.4/bonc/backend-dp/src/sbox_modelling.cpp]
[2025-12-22 11:57:01.791] [info] [thread 3158551] [Indexer.cpp:29] Fail to index for /home/guyutongxue/Documents/files/2025.4/bonc/backend-dp/src/sbox_modelling.cpp, because: Fail to create compilation invocation!
[2025-12-22 11:57:01.791] [error] [thread 3158556] [Compilation.cpp:116]  Fail to create invocation, arguments list is: [/home/linuxbrew/.linuxbrew/bin/g++-15 -D BOOST_ALL_NO_LIB -I /home/guyutongxue/Documents/files/2025.4/bonc/midend-common/includes -g -std=gnu++26 -fmodules-ts -fmodule-mapper=midend-common/CMakeFiles/bonc-midend-common.dir/src/frontend_result_parser.cpp.o.modmap -fdeps-format=p1689r5 -x c++ /home/guyutongxue/Documents/files/2025.4/bonc/midend-common/src/frontend_result_parser.cpp]
[2025-12-22 11:57:01.791] [info] [thread 3158556] [Indexer.cpp:29] Fail to index for /home/guyutongxue/Documents/files/2025.4/bonc/midend-common/src/frontend_result_parser.cpp, because: Fail to create compilation invocation!
[2025-12-22 11:57:01.800] [info] [thread 3158531] [Document.cpp:206] Start building PCH for /home/guyutongxue/Documents/files/2025.4/bonc/backend-dp/src/deferred-milp-model.hpp, command: [ /home/linuxbrew/.linuxbrew/Cellar/llvm/21.1.6/bin/clang-21 -cc1 -triple x86_64-unknown-linux-gnu -fsyntax-only -disable-free -clear-ast-before-backend -disable-llvm-verifier -discard-value-names -main-file-name deferred-milp-model.hpp -mrelocation-model pic -pic-level 2 -pic-is-pie -mframe-pointer=all -fmath-errno -ffp-contract=on -fno-rounding-math -mconstructor-aliases -funwind-tables=2 -target-cpu x86-64 -tune-cpu generic -debugger-tuning=gdb -fdebug-compilation-dir=/home/guyutongxue/Documents/files/2025.4/bonc -fcoverage-compilation-dir=/home/guyutongxue/Documents/files/2025.4/bonc -resource-dir /home/guyutongxue/.config/Code/User/globalStorage/ykiko.clice-vscode/lib/clang/21 -internal-isystem /usr/lib/gcc/x86_64-linux-gnu/12/../../../../include/c++/12 -internal-isystem /usr/lib/gcc/x86_64-linux-gnu/12/../../../../include/x86_64-linux-gnu/c++/12 -internal-isystem /usr/lib/gcc/x86_64-linux-gnu/12/../../../../include/c++/12/backward -internal-isystem /home/guyutongxue/.config/Code/User/globalStorage/ykiko.clice-vscode/lib/clang/21/include -internal-isystem /usr/local/include -internal-isystem /usr/lib/gcc/x86_64-linux-gnu/12/../../../../x86_64-linux-gnu/include -internal-externc-isystem /usr/include/x86_64-linux-gnu -internal-externc-isystem /include -internal-externc-isystem /usr/include -std=c++20 -fdeprecated-macro -ferror-limit 19 -fgnuc-version=4.2.1 -fno-implicit-modules -fskip-odr-check-in-gmf -fcxx-exceptions -fexceptions -faddrsig -D__GCC_HAVE_DWARF2_CFI_ASM=1 -x c++-header /home/guyutongxue/Documents/files/2025.4/bonc/backend-dp/src/deferred-milp-model.hpp]
[2025-12-22 11:57:01.801] [info] [thread 3158531] [Server.cpp:174] <-- Handling notification: textDocument/didOpen
[2025-12-22 11:57:01.801] [info] [thread 3158531] [Server.cpp:181] --> Handled notification: textDocument/didOpen 0ms
[2025-12-22 11:57:01.801] [error] [thread 3158546] [Compilation.cpp:116]  Fail to create invocation, arguments list is: [/home/linuxbrew/.linuxbrew/bin/gcc-15 -I /home/guyutongxue/Documents/files/2025.4/bonc/build/_deps/espresso-src/espresso-src -g -std=gnu99 /home/guyutongxue/Documents/files/2025.4/bonc/build/_deps/espresso-src/espresso-src/util_signature.c]
[2025-12-22 11:57:01.801] [error] [thread 3158555] [Compilation.cpp:116]  Fail to create invocation, arguments list is: [/home/linuxbrew/.linuxbrew/bin/gcc-15 -I /home/guyutongxue/Documents/files/2025.4/bonc/build/_deps/espresso-src/espresso-src -g -std=gnu99 /home/guyutongxue/Documents/files/2025.4/bonc/build/_deps/espresso-src/espresso-src/cofactor.c]
[2025-12-22 11:57:01.801] [info] [thread 3158555] [Indexer.cpp:29] Fail to index for /home/guyutongxue/Documents/files/2025.4/bonc/build/_deps/espresso-src/espresso-src/cofactor.c, because: Fail to create compilation invocation!
[2025-12-22 11:57:01.801] [info] [thread 3158531] [Toolchain.cpp:63] Execute command: [/home/linuxbrew/.linuxbrew/bin/g++-15 -dumpmachine]
[2025-12-22 11:57:01.801] [info] [thread 3158546] [Indexer.cpp:29] Fail to index for /home/guyutongxue/Documents/files/2025.4/bonc/build/_deps/espresso-src/espresso-src/util_signature.c, because: Fail to create compilation invocation!
[2025-12-22 11:57:01.801] [error] [thread 3158535] [Compilation.cpp:116]  Fail to create invocation, arguments list is: [/home/linuxbrew/.linuxbrew/bin/gcc-15 -I /home/guyutongxue/Documents/files/2025.4/bonc/build/_deps/espresso-src/espresso-src -g -std=gnu99 /home/guyutongxue/Documents/files/2025.4/bonc/build/_deps/espresso-src/espresso-src/cvrm.c]
[2025-12-22 11:57:01.801] [error] [thread 3158550] [Compilation.cpp:116]  Fail to create invocation, arguments list is: [/home/linuxbrew/.linuxbrew/bin/gcc-15 -I /home/guyutongxue/Documents/files/2025.4/bonc/build/_deps/espresso-src/espresso-src -g -std=gnu99 /home/guyutongxue/Documents/files/2025.4/bonc/build/_deps/espresso-src/espresso-src/essentiality.c]
[2025-12-22 11:57:01.801] [info] [thread 3158535] [Indexer.cpp:29] Fail to index for /home/guyutongxue/Documents/files/2025.4/bonc/build/_deps/espresso-src/espresso-src/cvrm.c, because: Fail to create compilation invocation!
[2025-12-22 11:57:01.801] [info] [thread 3158550] [Indexer.cpp:29] Fail to index for /home/guyutongxue/Documents/files/2025.4/bonc/build/_deps/espresso-src/espresso-src/essentiality.c, because: Fail to create compilation invocation!
[2025-12-22 11:57:01.801] [error] [thread 3158533] [Compilation.cpp:116]  Fail to create invocation, arguments list is: [/home/linuxbrew/.linuxbrew/bin/gcc-15 -I /home/guyutongxue/Documents/files/2025.4/bonc/build/_deps/espresso-src/espresso-src -g -std=gnu99 /home/guyutongxue/Documents/files/2025.4/bonc/build/_deps/espresso-src/espresso-src/pair.c]
[2025-12-22 11:57:01.801] [info] [thread 3158533] [Indexer.cpp:29] Fail to index for /home/guyutongxue/Documents/files/2025.4/bonc/build/_deps/espresso-src/espresso-src/pair.c, because: Fail to create compilation invocation!
[2025-12-22 11:57:01.801] [error] [thread 3158542] [Compilation.cpp:116]  Fail to create invocation, arguments list is: [/home/linuxbrew/.linuxbrew/bin/gcc-15 -I /home/guyutongxue/Documents/files/2025.4/bonc/build/_deps/espresso-src/espresso-src -g -std=gnu99 /home/guyutongxue/Documents/files/2025.4/bonc/build/_deps/espresso-src/espresso-src/indep.c]
[2025-12-22 11:57:01.801] [info] [thread 3158542] [Indexer.cpp:29] Fail to index for /home/guyutongxue/Documents/files/2025.4/bonc/build/_deps/espresso-src/espresso-src/indep.c, because: Fail to create compilation invocation!
[2025-12-22 11:57:01.801] [info] [thread 3158531] [Toolchain.cpp:63] Execute command: [/home/linuxbrew/.linuxbrew/bin/g++-15 -print-search-dirs]
[2025-12-22 11:57:01.803] [info] [thread 3158531] [Document.cpp:206] Start building PCH for /home/guyutongxue/Documents/files/2025.4/bonc/backend-dp/src/main.cpp, command: [ /home/linuxbrew/.linuxbrew/bin/g++-15 -cc1 -triple x86_64-pc-linux-gnu -fsyntax-only -disable-free -clear-ast-before-backend -disable-llvm-verifier -discard-value-names -main-file-name main.cpp -mrelocation-model pic -pic-level 2 -pic-is-pie -mframe-pointer=all -fmath-errno -ffp-contract=on -fno-rounding-math -mconstructor-aliases -funwind-tables=2 -target-cpu x86-64 -tune-cpu generic -debug-info-kind=constructor -dwarf-version=5 -debugger-tuning=gdb -fdebug-compilation-dir=/home/guyutongxue/Documents/files/2025.4/bonc -fcoverage-compilation-dir=/home/guyutongxue/Documents/files/2025.4/bonc -resource-dir /home/guyutongxue/.config/Code/User/globalStorage/ykiko.clice-vscode/lib/clang/21 -isystem /home/guyutongxue/Documents/files/2025.4/bonc/build/ppl/ppl_src-prefix/include -D BOOST_ALL_NO_LIB -D BOOST_PROGRAM_OPTIONS_DYN_LINK -I /opt/gurobi1103/linux64/include -I /home/guyutongxue/Documents/files/2025.4/bonc/midend-common/includes -internal-isystem /home/guyutongxue/.config/Code/User/globalStorage/ykiko.clice-vscode/lib/clang/21/include -internal-isystem /usr/local/include -internal-isystem /home/linuxbrew/.linuxbrew/Cellar/gcc/15.2.0/bin/../lib/gcc/current/gcc/x86_64-pc-linux-gnu/15/../../../../x86_64-pc-linux-gnu/include -internal-externc-isystem /usr/include/x86_64-linux-gnu -internal-externc-isystem /include -internal-externc-isystem /usr/include -std=gnu++26 -fdeprecated-macro -ferror-limit 19 -fgnuc-version=4.2.1 -fno-implicit-modules -fskip-odr-check-in-gmf -fcxx-exceptions -fexceptions -faddrsig -D__GCC_HAVE_DWARF2_CFI_ASM=1 -x c++ /home/guyutongxue/Documents/files/2025.4/bonc/backend-dp/src/main.cpp]
[2025-12-22 11:57:01.810] [info] [thread 3158531] [Server.cpp:174] <-- Handling notification: textDocument/didOpen
[2025-12-22 11:57:01.810] [info] [thread 3158531] [Server.cpp:181] --> Handled notification: textDocument/didOpen 0ms
[2025-12-22 11:57:01.811] [info] [thread 3158531] [Toolchain.cpp:63] Execute command: [/home/linuxbrew/.linuxbrew/bin/g++-15 -dumpmachine]
[2025-12-22 11:57:01.812] [info] [thread 3158531] [Toolchain.cpp:63] Execute command: [/home/linuxbrew/.linuxbrew/bin/g++-15 -print-search-dirs]
[2025-12-22 11:57:01.813] [info] [thread 3158531] [Document.cpp:206] Start building PCH for /home/guyutongxue/Documents/files/2025.4/bonc/backend-nm/src/lib.cpp, command: [ /home/linuxbrew/.linuxbrew/bin/g++-15 -cc1 -triple x86_64-pc-linux-gnu -fsyntax-only -disable-free -clear-ast-before-backend -disable-llvm-verifier -discard-value-names -main-file-name lib.cpp -mrelocation-model pic -pic-level 2 -pic-is-pie -mframe-pointer=all -fmath-errno -ffp-contract=on -fno-rounding-math -mconstructor-aliases -funwind-tables=2 -target-cpu x86-64 -tune-cpu generic -debug-info-kind=constructor -dwarf-version=5 -debugger-tuning=gdb -fdebug-compilation-dir=/home/guyutongxue/Documents/files/2025.4/bonc -fcoverage-compilation-dir=/home/guyutongxue/Documents/files/2025.4/bonc -resource-dir /home/guyutongxue/.config/Code/User/globalStorage/ykiko.clice-vscode/lib/clang/21 -D BOOST_ALL_NO_LIB -D BOOST_PROGRAM_OPTIONS_DYN_LINK -I /home/guyutongxue/Documents/files/2025.4/bonc/midend-common/includes -internal-isystem /home/guyutongxue/.config/Code/User/globalStorage/ykiko.clice-vscode/lib/clang/21/include -internal-isystem /usr/local/include -internal-isystem /home/linuxbrew/.linuxbrew/Cellar/gcc/15.2.0/bin/../lib/gcc/current/gcc/x86_64-pc-linux-gnu/15/../../../../x86_64-pc-linux-gnu/include -internal-externc-isystem /usr/include/x86_64-linux-gnu -internal-externc-isystem /include -internal-externc-isystem /usr/include -std=gnu++26 -fdeprecated-macro -ferror-limit 19 -fgnuc-version=4.2.1 -fno-implicit-modules -fskip-odr-check-in-gmf -fcxx-exceptions -fexceptions -faddrsig -D__GCC_HAVE_DWARF2_CFI_ASM=1 -x c++ /home/guyutongxue/Documents/files/2025.4/bonc/backend-nm/src/lib.cpp]
[2025-12-22 11:57:01.813] [info] [thread 3158531] [Server.cpp:174] <-- Handling notification: textDocument/didOpen
[2025-12-22 11:57:01.813] [info] [thread 3158531] [Server.cpp:181] --> Handled notification: textDocument/didOpen 0ms
[2025-12-22 11:57:01.814] [info] [thread 3158531] [Toolchain.cpp:63] Execute command: [/home/linuxbrew/.linuxbrew/bin/g++-15 -dumpmachine]
[2025-12-22 11:57:01.814] [info] [thread 3158531] [Toolchain.cpp:63] Execute command: [/home/linuxbrew/.linuxbrew/bin/g++-15 -print-search-dirs]
[2025-12-22 11:57:01.816] [info] [thread 3158531] [Document.cpp:206] Start building PCH for /home/guyutongxue/Documents/files/2025.4/bonc/backend-nm/src/main.cpp, command: [ /home/linuxbrew/.linuxbrew/bin/g++-15 -cc1 -triple x86_64-pc-linux-gnu -fsyntax-only -disable-free -clear-ast-before-backend -disable-llvm-verifier -discard-value-names -main-file-name main.cpp -mrelocation-model pic -pic-level 2 -pic-is-pie -mframe-pointer=all -fmath-errno -ffp-contract=on -fno-rounding-math -mconstructor-aliases -funwind-tables=2 -target-cpu x86-64 -tune-cpu generic -debug-info-kind=constructor -dwarf-version=5 -debugger-tuning=gdb -fdebug-compilation-dir=/home/guyutongxue/Documents/files/2025.4/bonc -fcoverage-compilation-dir=/home/guyutongxue/Documents/files/2025.4/bonc -resource-dir /home/guyutongxue/.config/Code/User/globalStorage/ykiko.clice-vscode/lib/clang/21 -D BOOST_ALL_NO_LIB -D BOOST_PROGRAM_OPTIONS_DYN_LINK -I /home/guyutongxue/Documents/files/2025.4/bonc/midend-common/includes -internal-isystem /home/guyutongxue/.config/Code/User/globalStorage/ykiko.clice-vscode/lib/clang/21/include -internal-isystem /usr/local/include -internal-isystem /home/linuxbrew/.linuxbrew/Cellar/gcc/15.2.0/bin/../lib/gcc/current/gcc/x86_64-pc-linux-gnu/15/../../../../x86_64-pc-linux-gnu/include -internal-externc-isystem /usr/include/x86_64-linux-gnu -internal-externc-isystem /include -internal-externc-isystem /usr/include -std=gnu++26 -fdeprecated-macro -ferror-limit 19 -fgnuc-version=4.2.1 -fno-implicit-modules -fskip-odr-check-in-gmf -fcxx-exceptions -fexceptions -faddrsig -D__GCC_HAVE_DWARF2_CFI_ASM=1 -x c++ /home/guyutongxue/Documents/files/2025.4/bonc/backend-nm/src/main.cpp]
[2025-12-22 11:57:01.873] [warning] [thread 3158531] [Document.cpp:227] Building PCH fails for /home/guyutongxue/Documents/files/2025.4/bonc/backend-nm/src/lib.cpp, Because: Fail to build PCH or PCM, error occurs in compilation.
[2025-12-22 11:57:01.873] [warning] [thread 3158531] [Document.cpp:229] 'cstddef' file not found
[2025-12-22 11:57:02.079] [info] [thread 3158531] [Document.cpp:234] Building PCH successfully for /home/guyutongxue/Documents/files/2025.4/bonc/backend-dp/src/deferred-milp-model.hpp
[2025-12-22 11:57:02.080] [info] [thread 3158531] [Toolchain.cpp:63] Execute command: [/home/linuxbrew/.linuxbrew/bin/clang++ -### -fsyntax-only -std=c++20 -resource-dir /home/guyutongxue/.config/Code/User/globalStorage/ykiko.clice-vscode/lib/clang/21 /tmp/query-toolchain-d75a47.hpp]
[2025-12-22 11:57:02.100] [info] [thread 3158531] [Server.cpp:174] <-- Handling notification: textDocument/didOpen
[2025-12-22 11:57:02.100] [info] [thread 3158531] [Server.cpp:181] --> Handled notification: textDocument/didOpen 0ms
[2025-12-22 11:57:02.100] [info] [thread 3158531] [Toolchain.cpp:63] Execute command: [/home/linuxbrew/.linuxbrew/bin/g++-15 -dumpmachine]
[2025-12-22 11:57:02.101] [info] [thread 3158531] [Toolchain.cpp:63] Execute command: [/home/linuxbrew/.linuxbrew/bin/g++-15 -print-search-dirs]
[2025-12-22 11:57:02.103] [info] [thread 3158531] [Document.cpp:206] Start building PCH for /home/guyutongxue/Documents/files/2025.4/bonc/backend-sat/src/main.cpp, command: [ /home/linuxbrew/.linuxbrew/bin/g++-15 -cc1 -triple x86_64-pc-linux-gnu -fsyntax-only -disable-free -clear-ast-before-backend -disable-llvm-verifier -discard-value-names -main-file-name main.cpp -mrelocation-model pic -pic-level 2 -pic-is-pie -mframe-pointer=all -fmath-errno -ffp-contract=on -fno-rounding-math -mconstructor-aliases -funwind-tables=2 -target-cpu x86-64 -tune-cpu generic -debug-info-kind=constructor -dwarf-version=5 -debugger-tuning=gdb -fdebug-compilation-dir=/home/guyutongxue/Documents/files/2025.4/bonc -fcoverage-compilation-dir=/home/guyutongxue/Documents/files/2025.4/bonc -resource-dir /home/guyutongxue/.config/Code/User/globalStorage/ykiko.clice-vscode/lib/clang/21 -D BOOST_ALL_NO_LIB -D BOOST_PROGRAM_OPTIONS_DYN_LINK -D BOOST_REGEX_DYN_LINK -D USE_CRYPTOMINISAT5 -I /home/guyutongxue/Documents/files/2025.4/bonc/midend-common/includes -I /home/guyutongxue/Documents/files/2025.4/bonc/sat-modeller/includes -internal-isystem /home/guyutongxue/.config/Code/User/globalStorage/ykiko.clice-vscode/lib/clang/21/include -internal-isystem /usr/local/include -internal-isystem /home/linuxbrew/.linuxbrew/Cellar/gcc/15.2.0/bin/../lib/gcc/current/gcc/x86_64-pc-linux-gnu/15/../../../../x86_64-pc-linux-gnu/include -internal-externc-isystem /usr/include/x86_64-linux-gnu -internal-externc-isystem /include -internal-externc-isystem /usr/include -Wall -Wextra -Wpedantic -Wshadow=compatible-local -std=gnu++26 -fdeprecated-macro -ferror-limit 19 -fgnuc-version=4.2.1 -fno-implicit-modules -fskip-odr-check-in-gmf -fcxx-exceptions -fexceptions -faddrsig -D__GCC_HAVE_DWARF2_CFI_ASM=1 -x c++ /home/guyutongxue/Documents/files/2025.4/bonc/backend-sat/src/main.cpp]
[2025-12-22 11:57:02.173] [info] [thread 3158531] [Document.cpp:357] Building AST successfully for /home/guyutongxue/Documents/files/2025.4/bonc/backend-dp/src/deferred-milp-model.hpp
[2025-12-22 11:57:02.492] [warning] [thread 3158531] [Document.cpp:227] Building PCH fails for /home/guyutongxue/Documents/files/2025.4/bonc/backend-nm/src/main.cpp, Because: Fail to build PCH or PCM, error occurs in compilation.
[2025-12-22 11:57:02.492] [warning] [thread 3158531] [Document.cpp:229] 'cstddef' file not found
[2025-12-22 11:57:02.755] [warning] [thread 3158531] [Document.cpp:227] Building PCH fails for /home/guyutongxue/Documents/files/2025.4/bonc/backend-dp/src/main.cpp, Because: Fail to build PCH or PCM, error occurs in compilation.
[2025-12-22 11:57:02.755] [warning] [thread 3158531] [Document.cpp:229] 'cstddef' file not found
[2025-12-22 11:57:02.942] [warning] [thread 3158531] [Document.cpp:227] Building PCH fails for /home/guyutongxue/Documents/files/2025.4/bonc/backend-sat/src/main.cpp, Because: Fail to build PCH or PCM, error occurs in compilation.
[2025-12-22 11:57:02.942] [warning] [thread 3158531] [Document.cpp:229] unknown warning option '-Wshadow=compatible-local'; did you mean '-Wshadow-uncaptured-local'?
[2025-12-22 11:57:02.942] [warning] [thread 3158531] [Document.cpp:229] 'cstddef' file not found
[2025-12-22 11:57:03.447] [info] [thread 3158531] [Server.cpp:174] <-- Handling notification: textDocument/didOpen
[2025-12-22 11:57:03.447] [info] [thread 3158531] [Server.cpp:181] --> Handled notification: textDocument/didOpen 0ms
[2025-12-22 11:57:03.447] [info] [thread 3158531] [Toolchain.cpp:63] Execute command: [/home/linuxbrew/.linuxbrew/bin/clang++ -### -fsyntax-only -std=c++20 -resource-dir /home/guyutongxue/.config/Code/User/globalStorage/ykiko.clice-vscode/lib/clang/21 /tmp/query-toolchain-4a2ba2.h]
[2025-12-22 11:57:03.463] [info] [thread 3158531] [Document.cpp:206] Start building PCH for /home/guyutongxue/Documents/files/2025.4/bonc/backend-nm/src/lib.h, command: [ /home/linuxbrew/.linuxbrew/Cellar/llvm/21.1.6/bin/clang-21 -cc1 -triple x86_64-unknown-linux-gnu -fsyntax-only -disable-free -clear-ast-before-backend -disable-llvm-verifier -discard-value-names -main-file-name lib.h -mrelocation-model pic -pic-level 2 -pic-is-pie -mframe-pointer=all -fmath-errno -ffp-contract=on -fno-rounding-math -mconstructor-aliases -funwind-tables=2 -target-cpu x86-64 -tune-cpu generic -debugger-tuning=gdb -fdebug-compilation-dir=/home/guyutongxue/Documents/files/2025.4/bonc -fcoverage-compilation-dir=/home/guyutongxue/Documents/files/2025.4/bonc -resource-dir /home/guyutongxue/.config/Code/User/globalStorage/ykiko.clice-vscode/lib/clang/21 -internal-isystem /usr/lib/gcc/x86_64-linux-gnu/12/../../../../include/c++/12 -internal-isystem /usr/lib/gcc/x86_64-linux-gnu/12/../../../../include/x86_64-linux-gnu/c++/12 -internal-isystem /usr/lib/gcc/x86_64-linux-gnu/12/../../../../include/c++/12/backward -internal-isystem /home/guyutongxue/.config/Code/User/globalStorage/ykiko.clice-vscode/lib/clang/21/include -internal-isystem /usr/local/include -internal-isystem /usr/lib/gcc/x86_64-linux-gnu/12/../../../../x86_64-linux-gnu/include -internal-externc-isystem /usr/include/x86_64-linux-gnu -internal-externc-isystem /include -internal-externc-isystem /usr/include -std=c++20 -fdeprecated-macro -ferror-limit 19 -fgnuc-version=4.2.1 -fno-implicit-modules -fskip-odr-check-in-gmf -fcxx-exceptions -fexceptions -faddrsig -D__GCC_HAVE_DWARF2_CFI_ASM=1 -x c++-header /home/guyutongxue/Documents/files/2025.4/bonc/backend-nm/src/lib.h]
[2025-12-22 11:57:03.465] [warning] [thread 3158531] [Document.cpp:227] Building PCH fails for /home/guyutongxue/Documents/files/2025.4/bonc/backend-nm/src/lib.h, Because: Fail to build PCH or PCM, error occurs in compilation.
[2025-12-22 11:57:03.465] [warning] [thread 3158531] [Document.cpp:229] 'anf.h' file not found
[2025-12-22 11:57:03.504] [info] [thread 3158531] [Server.cpp:174] <-- Handling notification: textDocument/didOpen
[2025-12-22 11:57:03.504] [info] [thread 3158531] [Server.cpp:181] --> Handled notification: textDocument/didOpen 0ms
[2025-12-22 11:57:03.504] [info] [thread 3158531] [Toolchain.cpp:63] Execute command: [/home/linuxbrew/.linuxbrew/bin/clang++ -### -fsyntax-only -std=c++20 -resource-dir /home/guyutongxue/.config/Code/User/globalStorage/ykiko.clice-vscode/lib/clang/21 /tmp/query-toolchain-5df37c.h]
[2025-12-22 11:57:03.529] [info] [thread 3158531] [Document.cpp:206] Start building PCH for /home/guyutongxue/Documents/files/2025.4/bonc/backend-dp/src/polyhedron.h, command: [ /home/linuxbrew/.linuxbrew/Cellar/llvm/21.1.6/bin/clang-21 -cc1 -triple x86_64-unknown-linux-gnu -fsyntax-only -disable-free -clear-ast-before-backend -disable-llvm-verifier -discard-value-names -main-file-name polyhedron.h -mrelocation-model pic -pic-level 2 -pic-is-pie -mframe-pointer=all -fmath-errno -ffp-contract=on -fno-rounding-math -mconstructor-aliases -funwind-tables=2 -target-cpu x86-64 -tune-cpu generic -debugger-tuning=gdb -fdebug-compilation-dir=/home/guyutongxue/Documents/files/2025.4/bonc -fcoverage-compilation-dir=/home/guyutongxue/Documents/files/2025.4/bonc -resource-dir /home/guyutongxue/.config/Code/User/globalStorage/ykiko.clice-vscode/lib/clang/21 -internal-isystem /usr/lib/gcc/x86_64-linux-gnu/12/../../../../include/c++/12 -internal-isystem /usr/lib/gcc/x86_64-linux-gnu/12/../../../../include/x86_64-linux-gnu/c++/12 -internal-isystem /usr/lib/gcc/x86_64-linux-gnu/12/../../../../include/c++/12/backward -internal-isystem /home/guyutongxue/.config/Code/User/globalStorage/ykiko.clice-vscode/lib/clang/21/include -internal-isystem /usr/local/include -internal-isystem /usr/lib/gcc/x86_64-linux-gnu/12/../../../../x86_64-linux-gnu/include -internal-externc-isystem /usr/include/x86_64-linux-gnu -internal-externc-isystem /include -internal-externc-isystem /usr/include -std=c++20 -fdeprecated-macro -ferror-limit 19 -fgnuc-version=4.2.1 -fno-implicit-modules -fskip-odr-check-in-gmf -fcxx-exceptions -fexceptions -faddrsig -D__GCC_HAVE_DWARF2_CFI_ASM=1 -x c++-header /home/guyutongxue/Documents/files/2025.4/bonc/backend-dp/src/polyhedron.h]
[2025-12-22 11:57:03.972] [info] [thread 3158531] [Document.cpp:234] Building PCH successfully for /home/guyutongxue/Documents/files/2025.4/bonc/backend-dp/src/polyhedron.h
[2025-12-22 11:57:03.972] [info] [thread 3158531] [Toolchain.cpp:63] Execute command: [/home/linuxbrew/.linuxbrew/bin/clang++ -### -fsyntax-only -std=c++20 -resource-dir /home/guyutongxue/.config/Code/User/globalStorage/ykiko.clice-vscode/lib/clang/21 /tmp/query-toolchain-ecf0e0.h]
[2025-12-22 11:57:04.026] [info] [thread 3158531] [Server.cpp:164] <-- Handling request: textDocument/documentSymbol(1)
[2025-12-22 11:57:04.028] [info] [thread 3158531] [Server.cpp:164] <-- Handling request: textDocument/documentLink(2)
[2025-12-22 11:57:04.028] [info] [thread 3158531] [Server.cpp:171] --> Handled request: textDocument/documentSymbol(1) 2ms
[2025-12-22 11:57:04.029] [info] [thread 3158531] [Server.cpp:171] --> Handled request: textDocument/documentLink(2) 0ms
[2025-12-22 11:57:04.029] [info] [thread 3158531] [Server.cpp:164] <-- Handling request: textDocument/inlayHint(3)
[2025-12-22 11:57:04.029] [info] [thread 3158531] [Server.cpp:171] --> Handled request: textDocument/inlayHint(3) 0ms
[2025-12-22 11:57:04.040] [info] [thread 3158531] [Server.cpp:164] <-- Handling request: textDocument/foldingRange(4)
[2025-12-22 11:57:04.041] [info] [thread 3158531] [Server.cpp:164] <-- Handling request: textDocument/semanticTokens/full(5)
[2025-12-22 11:57:04.041] [info] [thread 3158531] [Server.cpp:171] --> Handled request: textDocument/foldingRange(4) 0ms
[2025-12-22 11:57:04.045] [info] [thread 3158531] [Document.cpp:357] Building AST successfully for /home/guyutongxue/Documents/files/2025.4/bonc/backend-dp/src/polyhedron.h
[2025-12-22 11:57:04.052] [info] [thread 3158531] [Server.cpp:164] <-- Handling request: textDocument/foldingRange(6)
[2025-12-22 11:57:04.052] [info] [thread 3158531] [Server.cpp:156] Ignore unhandled method: $/cancelRequest
