[2025-12-22 11:56:49.643] [info] [thread 3158368] [clice.cc:101] argv[0] = /home/guyutongxue/.config/Code/User/globalStorage/ykiko.clice-vscode/bin/clice
[2025-12-22 11:56:49.643] [info] [thread 3158368] [clice.cc:101] argv[1] = --mode=pipe
[2025-12-22 11:56:49.643] [info] [thread 3158368] [clice.cc:115] Server starts listening on stdin/stdout
[2025-12-22 11:56:49.644] [info] [thread 3158368] [Server.cpp:164] <-- Handling request: initialize(0)
[2025-12-22 11:56:49.644] [info] [thread 3158368] [Lifecycle.cpp:6] Initialize from client: Visual Studio Code, version: 1.107.0
[2025-12-22 11:56:49.644] [warning] [thread 3158368] [Lifecycle.cpp:27] Fail to load config, because: Config file doesn't exist!
[2025-12-22 11:56:49.644] [info] [thread 3158368] [Lifecycle.cpp:28] Use default config: {
    "project": {
        "cache_dir": "/home/guyutongxue/Documents/files/2025.4/bonc/.clice/cache",
        "clang_tidy": false,
        "compile_commands_dirs": [
            "/home/guyutongxue/Documents/files/2025.4/bonc/build"
        ],
        "index_dir": "/home/guyutongxue/Documents/files/2025.4/bonc/.clice/index",
        "logging_dir": "/home/guyutongxue/Documents/files/2025.4/bonc/.clice/logging",
        "max_active_file": 8,
        "root": true
    },
    "rules": [],
    "workspace": "/home/guyutongxue/Documents/files/2025.4/bonc"
}
[2025-12-22 11:56:49.644] [warning] [thread 3158368] [Document.cpp:16] Fail to load cache info, because: No such file or directory
[2025-12-22 11:56:49.644] [info] [thread 3158368] [Server.cpp:171] --> Handled request: initialize(0) 0ms
[2025-12-22 11:56:49.644] [info] [thread 3158368] [Server.cpp:174] <-- Handling notification: initialized
[2025-12-22 11:56:49.644] [info] [thread 3158368] [Indexer.cpp:113] Fail to load project index form /home/guyutongxue/Documents/files/2025.4/bonc/.clice/index/project.idx
[2025-12-22 11:56:49.644] [info] [thread 3158368] [Server.cpp:181] --> Handled notification: initialized 0ms
[2025-12-22 11:56:49.645] [error] [thread 3158377] [Compilation.cpp:116]  Fail to create invocation, arguments list is: [/home/linuxbrew/.linuxbrew/bin/gcc-15 -I /home/guyutongxue/Documents/files/2025.4/bonc/build/_deps/espresso-src/espresso-src -g -std=gnu99 /home/guyutongxue/Documents/files/2025.4/bonc/build/_deps/espresso-src/espresso-src/gimpel.c]
[2025-12-22 11:56:49.645] [error] [thread 3158371] [Compilation.cpp:116]  Fail to create invocation, arguments list is: [/home/linuxbrew/.linuxbrew/bin/gcc-15 -I /home/guyutongxue/Documents/files/2025.4/bonc/build/_deps/espresso-src/espresso-src -g -std=gnu99 /home/guyutongxue/Documents/files/2025.4/bonc/build/_deps/espresso-src/espresso-src/setc.c]
[2025-12-22 11:56:49.645] [error] [thread 3158374] [Compilation.cpp:116]  Fail to create invocation, arguments list is: [/home/linuxbrew/.linuxbrew/bin/gcc-15 -I /home/guyutongxue/Documents/files/2025.4/bonc/build/_deps/espresso-src/espresso-src -g -std=gnu99 /home/guyutongxue/Documents/files/2025.4/bonc/build/_deps/espresso-src/espresso-src/cpu_time.c]
[2025-12-22 11:56:49.645] [error] [thread 3158379] [Compilation.cpp:116]  Fail to create invocation, arguments list is: [/home/linuxbrew/.linuxbrew/bin/gcc-15 -I /home/guyutongxue/Documents/files/2025.4/bonc/build/_deps/espresso-src/espresso-src -g -std=gnu99 /home/guyutongxue/Documents/files/2025.4/bonc/build/_deps/espresso-src/espresso-src/matrix.c]
[2025-12-22 11:56:49.645] [info] [thread 3158377] [Indexer.cpp:29] Fail to index for /home/guyutongxue/Documents/files/2025.4/bonc/build/_deps/espresso-src/espresso-src/gimpel.c, because: Fail to create compilation invocation!
[2025-12-22 11:56:49.645] [info] [thread 3158371] [Indexer.cpp:29] Fail to index for /home/guyutongxue/Documents/files/2025.4/bonc/build/_deps/espresso-src/espresso-src/setc.c, because: Fail to create compilation invocation!
[2025-12-22 11:56:49.645] [info] [thread 3158374] [Indexer.cpp:29] Fail to index for /home/guyutongxue/Documents/files/2025.4/bonc/build/_deps/espresso-src/espresso-src/cpu_time.c, because: Fail to create compilation invocation!
[2025-12-22 11:56:49.645] [error] [thread 3158373] [Compilation.cpp:116]  Fail to create invocation, arguments list is: [/home/linuxbrew/.linuxbrew/bin/gcc-15 -I /home/guyutongxue/Documents/files/2025.4/bonc/build/_deps/espresso-src/espresso-src -g -std=gnu99 /home/guyutongxue/Documents/files/2025.4/bonc/build/_deps/espresso-src/espresso-src/sparse.c]
[2025-12-22 11:56:49.645] [error] [thread 3158376] [Compilation.cpp:116]  Fail to create invocation, arguments list is: [/home/linuxbrew/.linuxbrew/bin/gcc-15 -I /home/guyutongxue/Documents/files/2025.4/bonc/build/_deps/espresso-src/espresso-src -g -std=gnu99 /home/guyutongxue/Documents/files/2025.4/bonc/build/_deps/espresso-src/espresso-src/equiv.c]
[2025-12-22 11:56:49.645] [info] [thread 3158373] [Indexer.cpp:29] Fail to index for /home/guyutongxue/Documents/files/2025.4/bonc/build/_deps/espresso-src/espresso-src/sparse.c, because: Fail to create compilation invocation!
[2025-12-22 11:56:49.645] [info] [thread 3158376] [Indexer.cpp:29] Fail to index for /home/guyutongxue/Documents/files/2025.4/bonc/build/_deps/espresso-src/espresso-src/equiv.c, because: Fail to create compilation invocation!
[2025-12-22 11:56:49.645] [info] [thread 3158379] [Indexer.cpp:29] Fail to index for /home/guyutongxue/Documents/files/2025.4/bonc/build/_deps/espresso-src/espresso-src/matrix.c, because: Fail to create compilation invocation!
[2025-12-22 11:56:49.645] [error] [thread 3158370] [Compilation.cpp:116]  Fail to create invocation, arguments list is: [/home/linuxbrew/.linuxbrew/bin/gcc-15 -I /home/guyutongxue/Documents/files/2025.4/bonc/build/_deps/espresso-src/espresso-src -g -std=gnu99 /home/guyutongxue/Documents/files/2025.4/bonc/build/_deps/espresso-src/espresso-src/reduce.c]
[2025-12-22 11:56:49.645] [info] [thread 3158370] [Indexer.cpp:29] Fail to index for /home/guyutongxue/Documents/files/2025.4/bonc/build/_deps/espresso-src/espresso-src/reduce.c, because: Fail to create compilation invocation!
[2025-12-22 11:56:49.645] [error] [thread 3158377] [Compilation.cpp:116]  Fail to create invocation, arguments list is: [/home/linuxbrew/.linuxbrew/bin/gcc-15 -I /home/guyutongxue/Documents/files/2025.4/bonc/build/_deps/espresso-src/espresso-src -g -std=gnu99 /home/guyutongxue/Documents/files/2025.4/bonc/build/_deps/espresso-src/espresso-src/part.c]
[2025-12-22 11:56:49.645] [info] [thread 3158377] [Indexer.cpp:29] Fail to index for /home/guyutongxue/Documents/files/2025.4/bonc/build/_deps/espresso-src/espresso-src/part.c, because: Fail to create compilation invocation!
[2025-12-22 11:56:49.646] [error] [thread 3158369] [Compilation.cpp:116]  Fail to create invocation, arguments list is: [/home/linuxbrew/.linuxbrew/bin/gcc-15 -I /home/guyutongxue/Documents/files/2025.4/bonc/build/_deps/espresso-src/espresso-src -g -std=gnu99 /home/guyutongxue/Documents/files/2025.4/bonc/build/_deps/espresso-src/espresso-src/signature_exact.c]
[2025-12-22 11:56:49.646] [info] [thread 3158369] [Indexer.cpp:29] Fail to index for /home/guyutongxue/Documents/files/2025.4/bonc/build/_deps/espresso-src/espresso-src/signature_exact.c, because: Fail to create compilation invocation!
[2025-12-22 11:56:49.646] [error] [thread 3158389] [Compilation.cpp:116]  Fail to create invocation, arguments list is: [/home/linuxbrew/.linuxbrew/bin/gcc-15 -I /home/guyutongxue/Documents/files/2025.4/bonc/build/_deps/espresso-src/espresso-src -g -std=gnu99 /home/guyutongxue/Documents/files/2025.4/bonc/build/_deps/espresso-src/espresso-src/sharp.c]
[2025-12-22 11:56:49.646] [info] [thread 3158389] [Indexer.cpp:29] Fail to index for /home/guyutongxue/Documents/files/2025.4/bonc/build/_deps/espresso-src/espresso-src/sharp.c, because: Fail to create compilation invocation!
[2025-12-22 11:56:49.646] [error] [thread 3158380] [Compilation.cpp:116]  Fail to create invocation, arguments list is: [/home/linuxbrew/.linuxbrew/bin/gcc-15 -I /home/guyutongxue/Documents/files/2025.4/bonc/build/_deps/espresso-src/espresso-src -g -std=gnu99 /home/guyutongxue/Documents/files/2025.4/bonc/build/_deps/espresso-src/espresso-src/verify.c]
[2025-12-22 11:56:49.646] [error] [thread 3158372] [Compilation.cpp:116]  Fail to create invocation, arguments list is: [/home/linuxbrew/.linuxbrew/bin/gcc-15 -I /home/guyutongxue/Documents/files/2025.4/bonc/build/_deps/espresso-src/espresso-src -g -std=gnu99 /home/guyutongxue/Documents/files/2025.4/bonc/build/_deps/espresso-src/espresso-src/cols.c]
[2025-12-22 11:56:49.646] [info] [thread 3158372] [Indexer.cpp:29] Fail to index for /home/guyutongxue/Documents/files/2025.4/bonc/build/_deps/espresso-src/espresso-src/cols.c, because: Fail to create compilation invocation!
[2025-12-22 11:56:49.646] [error] [thread 3158395] [Compilation.cpp:116]  Fail to create invocation, arguments list is: [/home/linuxbrew/.linuxbrew/bin/gcc-15 -I /home/guyutongxue/Documents/files/2025.4/bonc/build/_deps/espresso-src/espresso-src -g -std=gnu99 /home/guyutongxue/Documents/files/2025.4/bonc/build/_deps/espresso-src/espresso-src/sminterf.c]
[2025-12-22 11:56:49.646] [info] [thread 3158395] [Indexer.cpp:29] Fail to index for /home/guyutongxue/Documents/files/2025.4/bonc/build/_deps/espresso-src/espresso-src/sminterf.c, because: Fail to create compilation invocation!
[2025-12-22 11:56:49.646] [error] [thread 3158400] [Compilation.cpp:116]  Fail to create invocation, arguments list is: [/home/linuxbrew/.linuxbrew/bin/g++-15 -I /home/guyutongxue/Documents/files/2025.4/bonc/sat-modeller/includes -I /home/guyutongxue/Documents/files/2025.4/bonc/build/_deps/espresso-src/espresso-src -g -std=gnu++23 -Wall -Wextra -Wpedantic /home/guyutongxue/Documents/files/2025.4/bonc/sat-modeller/src/espresso_wrapper.cpp]
[2025-12-22 11:56:49.646] [error] [thread 3158383] [Compilation.cpp:116]  Fail to create invocation, arguments list is: [/home/linuxbrew/.linuxbrew/bin/gcc-15 -I /home/guyutongxue/Documents/files/2025.4/bonc/build/_deps/espresso-src/espresso-src -g -std=gnu99 /home/guyutongxue/Documents/files/2025.4/bonc/build/_deps/espresso-src/espresso-src/cvrout.c]
[2025-12-22 11:56:49.646] [error] [thread 3158385] [Compilation.cpp:116]  Fail to create invocation, arguments list is: [/home/linuxbrew/.linuxbrew/bin/gcc-15 -I /home/guyutongxue/Documents/files/2025.4/bonc/build/_deps/espresso-src/espresso-src -g -std=gnu99 /home/guyutongxue/Documents/files/2025.4/bonc/build/_deps/espresso-src/espresso-src/irred.c]
[2025-12-22 11:56:49.646] [error] [thread 3158397] [Compilation.cpp:116]  Fail to create invocation, arguments list is: [/home/linuxbrew/.linuxbrew/bin/g++-15 -I /home/guyutongxue/Documents/files/2025.4/bonc/sat-modeller/includes -I /home/guyutongxue/Documents/files/2025.4/bonc/build/_deps/espresso-src/espresso-src -g -std=gnu++23 -Wall -Wextra -Wpedantic /home/guyutongxue/Documents/files/2025.4/bonc/sat-modeller/src/sat_modeller.cpp]
[2025-12-22 11:56:49.646] [error] [thread 3158390] [Compilation.cpp:116]  Fail to create invocation, arguments list is: [/home/linuxbrew/.linuxbrew/bin/gcc-15 -I /home/guyutongxue/Documents/files/2025.4/bonc/build/_deps/espresso-src/espresso-src -g -std=gnu99 /home/guyutongxue/Documents/files/2025.4/bonc/build/_deps/espresso-src/espresso-src/strdup.c]
[2025-12-22 11:56:49.646] [error] [thread 3158378] [Compilation.cpp:116]  Fail to create invocation, arguments list is: [/home/linuxbrew/.linuxbrew/bin/g++-15 -D BOOST_ALL_NO_LIB -D BOOST_PROGRAM_OPTIONS_DYN_LINK -I /opt/gurobi1103/linux64/include -I /home/guyutongxue/Documents/files/2025.4/bonc/midend-common/includes -isystem /home/guyutongxue/Documents/files/2025.4/bonc/build/ppl/ppl_src-prefix/include -g -std=gnu++26 -fmodules-ts -fmodule-mapper=backend-dp/CMakeFiles/bonc-backend-dp.dir/src/polyhedron.cpp.o.modmap -fdeps-format=p1689r5 -x c++ /home/guyutongxue/Documents/files/2025.4/bonc/backend-dp/src/polyhedron.cpp]
[2025-12-22 11:56:49.646] [info] [thread 3158400] [Indexer.cpp:29] Fail to index for /home/guyutongxue/Documents/files/2025.4/bonc/sat-modeller/src/espresso_wrapper.cpp, because: Fail to create compilation invocation!
[2025-12-22 11:56:49.646] [error] [thread 3158375] [Compilation.cpp:116]  Fail to create invocation, arguments list is: [/home/linuxbrew/.linuxbrew/bin/gcc-15 -I /home/guyutongxue/Documents/files/2025.4/bonc/build/_deps/espresso-src/espresso-src -g -std=gnu99 /home/guyutongxue/Documents/files/2025.4/bonc/build/_deps/espresso-src/espresso-src/cvrmisc.c]
[2025-12-22 11:56:49.646] [info] [thread 3158378] [Indexer.cpp:29] Fail to index for /home/guyutongxue/Documents/files/2025.4/bonc/backend-dp/src/polyhedron.cpp, because: Fail to create compilation invocation!
[2025-12-22 11:56:49.646] [info] [thread 3158397] [Indexer.cpp:29] Fail to index for /home/guyutongxue/Documents/files/2025.4/bonc/sat-modeller/src/sat_modeller.cpp, because: Fail to create compilation invocation!
[2025-12-22 11:56:49.646] [info] [thread 3158375] [Indexer.cpp:29] Fail to index for /home/guyutongxue/Documents/files/2025.4/bonc/build/_deps/espresso-src/espresso-src/cvrmisc.c, because: Fail to create compilation invocation!
[2025-12-22 11:56:49.646] [error] [thread 3158399] [Compilation.cpp:116]  Fail to create invocation, arguments list is: [/home/linuxbrew/.linuxbrew/bin/gcc-15 -I /home/guyutongxue/Documents/files/2025.4/bonc/build/_deps/espresso-src/espresso-src -g -std=gnu99 /home/guyutongxue/Documents/files/2025.4/bonc/build/_deps/espresso-src/espresso-src/compl.c]
[2025-12-22 11:56:49.646] [info] [thread 3158399] [Indexer.cpp:29] Fail to index for /home/guyutongxue/Documents/files/2025.4/bonc/build/_deps/espresso-src/espresso-src/compl.c, because: Fail to create compilation invocation!
[2025-12-22 11:56:49.646] [error] [thread 3158381] [Compilation.cpp:116]  Fail to create invocation, arguments list is: [/home/linuxbrew/.linuxbrew/bin/gcc-15 -I /home/guyutongxue/Documents/files/2025.4/bonc/build/_deps/espresso-src/espresso-src -g -std=gnu99 /home/guyutongxue/Documents/files/2025.4/bonc/build/_deps/espresso-src/espresso-src/exact.c]
[2025-12-22 11:56:49.646] [error] [thread 3158394] [Compilation.cpp:116]  Fail to create invocation, arguments list is: [/home/linuxbrew/.linuxbrew/bin/gcc-15 -I /home/guyutongxue/Documents/files/2025.4/bonc/build/_deps/espresso-src/espresso-src -g -std=gnu99 /home/guyutongxue/Documents/files/2025.4/bonc/build/_deps/espresso-src/espresso-src/mincov.c]
[2025-12-22 11:56:49.646] [info] [thread 3158385] [Indexer.cpp:29] Fail to index for /home/guyutongxue/Documents/files/2025.4/bonc/build/_deps/espresso-src/espresso-src/irred.c, because: Fail to create compilation invocation!
[2025-12-22 11:56:49.646] [info] [thread 3158394] [Indexer.cpp:29] Fail to index for /home/guyutongxue/Documents/files/2025.4/bonc/build/_deps/espresso-src/espresso-src/mincov.c, because: Fail to create compilation invocation!
[2025-12-22 11:56:49.646] [error] [thread 3158384] [Compilation.cpp:116]  Fail to create invocation, arguments list is: [/home/linuxbrew/.linuxbrew/bin/gcc-15 -I /home/guyutongxue/Documents/files/2025.4/bonc/build/_deps/espresso-src/espresso-src -g -std=gnu99 /home/guyutongxue/Documents/files/2025.4/bonc/build/_deps/espresso-src/espresso-src/rows.c]
[2025-12-22 11:56:49.646] [info] [thread 3158381] [Indexer.cpp:29] Fail to index for /home/guyutongxue/Documents/files/2025.4/bonc/build/_deps/espresso-src/espresso-src/exact.c, because: Fail to create compilation invocation!
[2025-12-22 11:56:49.646] [error] [thread 3158395] [Compilation.cpp:116]  Fail to create invocation, arguments list is: [/home/linuxbrew/.linuxbrew/bin/gcc-15 -I /home/guyutongxue/Documents/files/2025.4/bonc/build/_deps/espresso-src/espresso-src -g -std=gnu99 /home/guyutongxue/Documents/files/2025.4/bonc/build/_deps/espresso-src/espresso-src/main.c]
[2025-12-22 11:56:49.646] [info] [thread 3158380] [Indexer.cpp:29] Fail to index for /home/guyutongxue/Documents/files/2025.4/bonc/build/_deps/espresso-src/espresso-src/verify.c, because: Fail to create compilation invocation!
[2025-12-22 11:56:49.646] [info] [thread 3158384] [Indexer.cpp:29] Fail to index for /home/guyutongxue/Documents/files/2025.4/bonc/build/_deps/espresso-src/espresso-src/rows.c, because: Fail to create compilation invocation!
[2025-12-22 11:56:49.646] [error] [thread 3158392] [Compilation.cpp:116]  Fail to create invocation, arguments list is: [/home/linuxbrew/.linuxbrew/bin/gcc-15 -I /home/guyutongxue/Documents/files/2025.4/bonc/build/_deps/espresso-src/espresso-src -g -std=gnu99 /home/guyutongxue/Documents/files/2025.4/bonc/build/_deps/espresso-src/espresso-src/espresso.c]
[2025-12-22 11:56:49.646] [info] [thread 3158392] [Indexer.cpp:29] Fail to index for /home/guyutongxue/Documents/files/2025.4/bonc/build/_deps/espresso-src/espresso-src/espresso.c, because: Fail to create compilation invocation!
[2025-12-22 11:56:49.646] [info] [thread 3158368] [Server.cpp:174] <-- Handling notification: textDocument/didOpen
[2025-12-22 11:56:49.646] [error] [thread 3158391] [Compilation.cpp:116]  Fail to create invocation, arguments list is: [/home/linuxbrew/.linuxbrew/bin/gcc-15 -I /home/guyutongxue/Documents/files/2025.4/bonc/build/_deps/espresso-src/espresso-src -g -std=gnu99 /home/guyutongxue/Documents/files/2025.4/bonc/build/_deps/espresso-src/espresso-src/cubestr.c]
[2025-12-22 11:56:49.646] [info] [thread 3158390] [Indexer.cpp:29] Fail to index for /home/guyutongxue/Documents/files/2025.4/bonc/build/_deps/espresso-src/espresso-src/strdup.c, because: Fail to create compilation invocation!
[2025-12-22 11:56:49.646] [info] [thread 3158368] [Server.cpp:181] --> Handled notification: textDocument/didOpen 0ms
[2025-12-22 11:56:49.646] [info] [thread 3158395] [Indexer.cpp:29] Fail to index for /home/guyutongxue/Documents/files/2025.4/bonc/build/_deps/espresso-src/espresso-src/main.c, because: Fail to create compilation invocation!
[2025-12-22 11:56:49.646] [info] [thread 3158383] [Indexer.cpp:29] Fail to index for /home/guyutongxue/Documents/files/2025.4/bonc/build/_deps/espresso-src/espresso-src/cvrout.c, because: Fail to create compilation invocation!
[2025-12-22 11:56:49.646] [info] [thread 3158391] [Indexer.cpp:29] Fail to index for /home/guyutongxue/Documents/files/2025.4/bonc/build/_deps/espresso-src/espresso-src/cubestr.c, because: Fail to create compilation invocation!
[2025-12-22 11:56:49.646] [error] [thread 3158400] [Compilation.cpp:116]  Fail to create invocation, arguments list is: [/home/linuxbrew/.linuxbrew/bin/gcc-15 -I /home/guyutongxue/Documents/files/2025.4/bonc/build/_deps/espresso-src/espresso-src -g -std=gnu99 /home/guyutongxue/Documents/files/2025.4/bonc/build/_deps/espresso-src/espresso-src/sigma.c]
[2025-12-22 11:56:49.646] [error] [thread 3158375] [Compilation.cpp:116]  Fail to create invocation, arguments list is: [/home/linuxbrew/.linuxbrew/bin/gcc-15 -I /home/guyutongxue/Documents/files/2025.4/bonc/build/_deps/espresso-src/espresso-src -g -std=gnu99 /home/guyutongxue/Documents/files/2025.4/bonc/build/_deps/espresso-src/espresso-src/primes.c]
[2025-12-22 11:56:49.646] [info] [thread 3158400] [Indexer.cpp:29] Fail to index for /home/guyutongxue/Documents/files/2025.4/bonc/build/_deps/espresso-src/espresso-src/sigma.c, because: Fail to create compilation invocation!
[2025-12-22 11:56:49.646] [info] [thread 3158375] [Indexer.cpp:29] Fail to index for /home/guyutongxue/Documents/files/2025.4/bonc/build/_deps/espresso-src/espresso-src/primes.c, because: Fail to create compilation invocation!
[2025-12-22 11:56:49.646] [error] [thread 3158373] [Compilation.cpp:116]  Fail to create invocation, arguments list is: [/home/linuxbrew/.linuxbrew/bin/gcc-15 -I /home/guyutongxue/Documents/files/2025.4/bonc/build/_deps/espresso-src/espresso-src -g -std=gnu99 /home/guyutongxue/Documents/files/2025.4/bonc/build/_deps/espresso-src/espresso-src/unate.c]
[2025-12-22 11:56:49.646] [info] [thread 3158373] [Indexer.cpp:29] Fail to index for /home/guyutongxue/Documents/files/2025.4/bonc/build/_deps/espresso-src/espresso-src/unate.c, because: Fail to create compilation invocation!
[2025-12-22 11:56:49.646] [error] [thread 3158392] [Compilation.cpp:116]  Fail to create invocation, arguments list is: [/home/linuxbrew/.linuxbrew/bin/gcc-15 -I /home/guyutongxue/Documents/files/2025.4/bonc/build/_deps/espresso-src/espresso-src -g -std=gnu99 /home/guyutongxue/Documents/files/2025.4/bonc/build/_deps/espresso-src/espresso-src/essen.c]
[2025-12-22 11:56:49.646] [info] [thread 3158392] [Indexer.cpp:29] Fail to index for /home/guyutongxue/Documents/files/2025.4/bonc/build/_deps/espresso-src/espresso-src/essen.c, because: Fail to create compilation invocation!
[2025-12-22 11:56:49.646] [error] [thread 3158398] [Compilation.cpp:116]  Fail to create invocation, arguments list is: [/home/linuxbrew/.linuxbrew/bin/gcc-15 -I /home/guyutongxue/Documents/files/2025.4/bonc/build/_deps/espresso-src/espresso-src -g -std=gnu99 /home/guyutongxue/Documents/files/2025.4/bonc/build/_deps/espresso-src/espresso-src/expand.c]
[2025-12-22 11:56:49.646] [info] [thread 3158398] [Indexer.cpp:29] Fail to index for /home/guyutongxue/Documents/files/2025.4/bonc/build/_deps/espresso-src/espresso-src/expand.c, because: Fail to create compilation invocation!
[2025-12-22 11:56:49.646] [error] [thread 3158371] [Compilation.cpp:116]  Fail to create invocation, arguments list is: [/home/linuxbrew/.linuxbrew/bin/gcc-15 -I /home/guyutongxue/Documents/files/2025.4/bonc/build/_deps/espresso-src/espresso-src -g -std=gnu99 /home/guyutongxue/Documents/files/2025.4/bonc/build/_deps/espresso-src/espresso-src/black_white.c]
[2025-12-22 11:56:49.646] [error] [thread 3158374] [Compilation.cpp:116]  Fail to create invocation, arguments list is: [/home/linuxbrew/.linuxbrew/bin/gcc-15 -I /home/guyutongxue/Documents/files/2025.4/bonc/build/_deps/espresso-src/espresso-src -g -std=gnu99 /home/guyutongxue/Documents/files/2025.4/bonc/build/_deps/espresso-src/espresso-src/canonical.c]
[2025-12-22 11:56:49.646] [info] [thread 3158374] [Indexer.cpp:29] Fail to index for /home/guyutongxue/Documents/files/2025.4/bonc/build/_deps/espresso-src/espresso-src/canonical.c, because: Fail to create compilation invocation!
[2025-12-22 11:56:49.646] [error] [thread 3158384] [Compilation.cpp:116]  Fail to create invocation, arguments list is: [/home/linuxbrew/.linuxbrew/bin/gcc-15 -I /home/guyutongxue/Documents/files/2025.4/bonc/build/_deps/espresso-src/espresso-src -g -std=gnu99 /home/guyutongxue/Documents/files/2025.4/bonc/build/_deps/espresso-src/espresso-src/cvrin.c]
[2025-12-22 11:56:49.646] [info] [thread 3158371] [Indexer.cpp:29] Fail to index for /home/guyutongxue/Documents/files/2025.4/bonc/build/_deps/espresso-src/espresso-src/black_white.c, because: Fail to create compilation invocation!
[2025-12-22 11:56:49.646] [info] [thread 3158384] [Indexer.cpp:29] Fail to index for /home/guyutongxue/Documents/files/2025.4/bonc/build/_deps/espresso-src/espresso-src/cvrin.c, because: Fail to create compilation invocation!
[2025-12-22 11:56:49.646] [error] [thread 3158388] [Compilation.cpp:116]  Fail to create invocation, arguments list is: [/home/linuxbrew/.linuxbrew/bin/g++-15 -D BOOST_ALL_NO_LIB -D BOOST_PROGRAM_OPTIONS_DYN_LINK -D BOOST_REGEX_DYN_LINK -D USE_CRYPTOMINISAT5 -I /home/guyutongxue/Documents/files/2025.4/bonc/midend-common/includes -I /home/guyutongxue/Documents/files/2025.4/bonc/sat-modeller/includes -g -std=gnu++26 -Wall -Wextra -Wpedantic -Wshadow=compatible-local -fmodules-ts -fmodule-mapper=backend-sat/CMakeFiles/bonc-backend-sat.dir/src/main.cpp.o.modmap -fdeps-format=p1689r5 -x c++ /home/guyutongxue/Documents/files/2025.4/bonc/backend-sat/src/main.cpp]
[2025-12-22 11:56:49.646] [error] [thread 3158370] [Compilation.cpp:116]  Fail to create invocation, arguments list is: [/home/linuxbrew/.linuxbrew/bin/gcc-15 -I /home/guyutongxue/Documents/files/2025.4/bonc/build/_deps/espresso-src/espresso-src -g -std=gnu99 /home/guyutongxue/Documents/files/2025.4/bonc/build/_deps/espresso-src/espresso-src/hack.c]
[2025-12-22 11:56:49.646] [info] [thread 3158388] [Indexer.cpp:29] Fail to index for /home/guyutongxue/Documents/files/2025.4/bonc/backend-sat/src/main.cpp, because: Fail to create compilation invocation!
[2025-12-22 11:56:49.646] [info] [thread 3158370] [Indexer.cpp:29] Fail to index for /home/guyutongxue/Documents/files/2025.4/bonc/build/_deps/espresso-src/espresso-src/hack.c, because: Fail to create compilation invocation!
[2025-12-22 11:56:49.646] [error] [thread 3158382] [Compilation.cpp:116]  Fail to create invocation, arguments list is: [/home/linuxbrew/.linuxbrew/bin/gcc-15 -I /home/guyutongxue/Documents/files/2025.4/bonc/build/_deps/espresso-src/espresso-src -g -std=gnu99 /home/guyutongxue/Documents/files/2025.4/bonc/build/_deps/espresso-src/espresso-src/globals.c]
[2025-12-22 11:56:49.646] [info] [thread 3158382] [Indexer.cpp:29] Fail to index for /home/guyutongxue/Documents/files/2025.4/bonc/build/_deps/espresso-src/espresso-src/globals.c, because: Fail to create compilation invocation!
[2025-12-22 11:56:49.646] [error] [thread 3158369] [Compilation.cpp:116]  Fail to create invocation, arguments list is: [/home/linuxbrew/.linuxbrew/bin/gcc-15 -I /home/guyutongxue/Documents/files/2025.4/bonc/build/_deps/espresso-src/espresso-src -g -std=gnu99 /home/guyutongxue/Documents/files/2025.4/bonc/build/_deps/espresso-src/espresso-src/opo.c]
[2025-12-22 11:56:49.646] [info] [thread 3158369] [Indexer.cpp:29] Fail to index for /home/guyutongxue/Documents/files/2025.4/bonc/build/_deps/espresso-src/espresso-src/opo.c, because: Fail to create compilation invocation!
[2025-12-22 11:56:49.647] [error] [thread 3158372] [Compilation.cpp:116]  Fail to create invocation, arguments list is: [/home/linuxbrew/.linuxbrew/bin/gcc-15 -I /home/guyutongxue/Documents/files/2025.4/bonc/build/_deps/espresso-src/espresso-src -g -std=gnu99 /home/guyutongxue/Documents/files/2025.4/bonc/build/_deps/espresso-src/espresso-src/set.c]
[2025-12-22 11:56:49.647] [info] [thread 3158372] [Indexer.cpp:29] Fail to index for /home/guyutongxue/Documents/files/2025.4/bonc/build/_deps/espresso-src/espresso-src/set.c, because: Fail to create compilation invocation!
[2025-12-22 11:56:49.647] [error] [thread 3158386] [Compilation.cpp:116]  Fail to create invocation, arguments list is: [/home/linuxbrew/.linuxbrew/bin/g++-15 -D BOOST_ALL_NO_LIB -I /home/guyutongxue/Documents/files/2025.4/bonc/midend-common/includes -g -std=gnu++26 -fmodules-ts -fmodule-mapper=midend-common/CMakeFiles/bonc-midend-common.dir/src/sbox_and_input.cpp.o.modmap -fdeps-format=p1689r5 -x c++ /home/guyutongxue/Documents/files/2025.4/bonc/midend-common/src/sbox_and_input.cpp]
[2025-12-22 11:56:49.647] [info] [thread 3158386] [Indexer.cpp:29] Fail to index for /home/guyutongxue/Documents/files/2025.4/bonc/midend-common/src/sbox_and_input.cpp, because: Fail to create compilation invocation!
[2025-12-22 11:56:49.647] [error] [thread 3158397] [Compilation.cpp:116]  Fail to create invocation, arguments list is: [/home/linuxbrew/.linuxbrew/bin/gcc-15 -I /home/guyutongxue/Documents/files/2025.4/bonc/build/_deps/espresso-src/espresso-src -g -std=gnu99 /home/guyutongxue/Documents/files/2025.4/bonc/build/_deps/espresso-src/espresso-src/solution.c]
[2025-12-22 11:56:49.647] [info] [thread 3158397] [Indexer.cpp:29] Fail to index for /home/guyutongxue/Documents/files/2025.4/bonc/build/_deps/espresso-src/espresso-src/solution.c, because: Fail to create compilation invocation!
[2025-12-22 11:56:49.647] [error] [thread 3158399] [Compilation.cpp:116]  Fail to create invocation, arguments list is: [/home/linuxbrew/.linuxbrew/bin/gcc-15 -I /home/guyutongxue/Documents/files/2025.4/bonc/build/_deps/espresso-src/espresso-src -g -std=gnu99 /home/guyutongxue/Documents/files/2025.4/bonc/build/_deps/espresso-src/espresso-src/contain.c]
[2025-12-22 11:56:49.647] [error] [thread 3158381] [Compilation.cpp:116]  Fail to create invocation, arguments list is: [/home/linuxbrew/.linuxbrew/bin/gcc-15 -I /home/guyutongxue/Documents/files/2025.4/bonc/build/_deps/espresso-src/espresso-src -g -std=gnu99 /home/guyutongxue/Documents/files/2025.4/bonc/build/_deps/espresso-src/espresso-src/dominate.c]
[2025-12-22 11:56:49.647] [info] [thread 3158399] [Indexer.cpp:29] Fail to index for /home/guyutongxue/Documents/files/2025.4/bonc/build/_deps/espresso-src/espresso-src/contain.c, because: Fail to create compilation invocation!
[2025-12-22 11:56:49.647] [info] [thread 3158381] [Indexer.cpp:29] Fail to index for /home/guyutongxue/Documents/files/2025.4/bonc/build/_deps/espresso-src/espresso-src/dominate.c, because: Fail to create compilation invocation!
[2025-12-22 11:56:49.647] [error] [thread 3158376] [Compilation.cpp:116]  Fail to create invocation, arguments list is: [/home/linuxbrew/.linuxbrew/bin/gcc-15 -I /home/guyutongxue/Documents/files/2025.4/bonc/build/_deps/espresso-src/espresso-src -g -std=gnu99 /home/guyutongxue/Documents/files/2025.4/bonc/build/_deps/espresso-src/espresso-src/map.c]
[2025-12-22 11:56:49.647] [info] [thread 3158376] [Indexer.cpp:29] Fail to index for /home/guyutongxue/Documents/files/2025.4/bonc/build/_deps/espresso-src/espresso-src/map.c, because: Fail to create compilation invocation!
[2025-12-22 11:56:49.647] [error] [thread 3158380] [Compilation.cpp:116]  Fail to create invocation, arguments list is: [/home/linuxbrew/.linuxbrew/bin/gcc-15 -I /home/guyutongxue/Documents/files/2025.4/bonc/build/_deps/espresso-src/espresso-src -g -std=gnu99 /home/guyutongxue/Documents/files/2025.4/bonc/build/_deps/espresso-src/espresso-src/gasp.c]
[2025-12-22 11:56:49.647] [info] [thread 3158380] [Indexer.cpp:29] Fail to index for /home/guyutongxue/Documents/files/2025.4/bonc/build/_deps/espresso-src/espresso-src/gasp.c, because: Fail to create compilation invocation!
[2025-12-22 11:56:49.647] [info] [thread 3158368] [Toolchain.cpp:63] Execute command: [/home/linuxbrew/.linuxbrew/bin/clang++ -### -fsyntax-only -std=c++20 -resource-dir /home/guyutongxue/.config/Code/User/globalStorage/ykiko.clice-vscode/lib/clang/21 /tmp/query-toolchain-b793cc.hpp]
[2025-12-22 11:56:49.647] [error] [thread 3158377] [Compilation.cpp:116]  Fail to create invocation, arguments list is: [/home/linuxbrew/.linuxbrew/bin/g++-15 -D BOOST_ALL_NO_LIB -I /home/guyutongxue/Documents/files/2025.4/bonc/midend-common/includes -g -std=gnu++26 -fmodules-ts -fmodule-mapper=midend-common/CMakeFiles/bonc-midend-common.dir/src/lookup_table.cpp.o.modmap -fdeps-format=p1689r5 -x c++ /home/guyutongxue/Documents/files/2025.4/bonc/midend-common/src/lookup_table.cpp]
[2025-12-22 11:56:49.647] [info] [thread 3158377] [Indexer.cpp:29] Fail to index for /home/guyutongxue/Documents/files/2025.4/bonc/midend-common/src/lookup_table.cpp, because: Fail to create compilation invocation!
[2025-12-22 11:56:49.647] [error] [thread 3158385] [Compilation.cpp:116]  Fail to create invocation, arguments list is: [/home/linuxbrew/.linuxbrew/bin/gcc-15 -I /home/guyutongxue/Documents/files/2025.4/bonc/build/_deps/espresso-src/espresso-src -g -std=gnu99 /home/guyutongxue/Documents/files/2025.4/bonc/build/_deps/espresso-src/espresso-src/prtime.c]
[2025-12-22 11:56:49.647] [info] [thread 3158385] [Indexer.cpp:29] Fail to index for /home/guyutongxue/Documents/files/2025.4/bonc/build/_deps/espresso-src/espresso-src/prtime.c, because: Fail to create compilation invocation!
[2025-12-22 11:56:49.647] [error] [thread 3158389] [Compilation.cpp:116]  Fail to create invocation, arguments list is: [/home/linuxbrew/.linuxbrew/bin/g++-15 -D BOOST_ALL_NO_LIB -D BOOST_PROGRAM_OPTIONS_DYN_LINK -I /home/guyutongxue/Documents/files/2025.4/bonc/midend-common/includes -g -std=gnu++26 -fmodules-ts -fmodule-mapper=backend-nm/CMakeFiles/bonc-backend-nm.dir/src/main.cpp.o.modmap -fdeps-format=p1689r5 -x c++ /home/guyutongxue/Documents/files/2025.4/bonc/backend-nm/src/main.cpp]
[2025-12-22 11:56:49.647] [info] [thread 3158389] [Indexer.cpp:29] Fail to index for /home/guyutongxue/Documents/files/2025.4/bonc/backend-nm/src/main.cpp, because: Fail to create compilation invocation!
[2025-12-22 11:56:49.647] [error] [thread 3158387] [Compilation.cpp:116]  Fail to create invocation, arguments list is: [/home/linuxbrew/.linuxbrew/bin/g++-15 -D BOOST_ALL_NO_LIB -D BOOST_PROGRAM_OPTIONS_DYN_LINK -I /opt/gurobi1103/linux64/include -I /home/guyutongxue/Documents/files/2025.4/bonc/midend-common/includes -isystem /home/guyutongxue/Documents/files/2025.4/bonc/build/ppl/ppl_src-prefix/include -g -std=gnu++26 -fmodules-ts -fmodule-mapper=backend-dp/CMakeFiles/bonc-backend-dp.dir/src/sbox_modelling.cpp.o.modmap -fdeps-format=p1689r5 -x c++ /home/guyutongxue/Documents/files/2025.4/bonc/backend-dp/src/sbox_modelling.cpp]
[2025-12-22 11:56:49.647] [info] [thread 3158387] [Indexer.cpp:29] Fail to index for /home/guyutongxue/Documents/files/2025.4/bonc/backend-dp/src/sbox_modelling.cpp, because: Fail to create compilation invocation!
[2025-12-22 11:56:49.648] [error] [thread 3158393] [Compilation.cpp:116]  Fail to create invocation, arguments list is: [/home/linuxbrew/.linuxbrew/bin/g++-15 -D BOOST_ALL_NO_LIB -D BOOST_PROGRAM_OPTIONS_DYN_LINK -I /opt/gurobi1103/linux64/include -I /home/guyutongxue/Documents/files/2025.4/bonc/midend-common/includes -isystem /home/guyutongxue/Documents/files/2025.4/bonc/build/ppl/ppl_src-prefix/include -g -std=gnu++26 -fmodules-ts -fmodule-mapper=backend-dp/CMakeFiles/bonc-backend-dp.dir/src/main.cpp.o.modmap -fdeps-format=p1689r5 -x c++ /home/guyutongxue/Documents/files/2025.4/bonc/backend-dp/src/main.cpp]
[2025-12-22 11:56:49.648] [info] [thread 3158393] [Indexer.cpp:29] Fail to index for /home/guyutongxue/Documents/files/2025.4/bonc/backend-dp/src/main.cpp, because: Fail to create compilation invocation!
[2025-12-22 11:56:49.648] [error] [thread 3158394] [Compilation.cpp:116]  Fail to create invocation, arguments list is: [/home/linuxbrew/.linuxbrew/bin/g++-15 -D BOOST_ALL_NO_LIB -I /home/guyutongxue/Documents/files/2025.4/bonc/midend-common/includes -g -std=gnu++26 -fmodules-ts -fmodule-mapper=midend-common/CMakeFiles/bonc-midend-common.dir/src/frontend_result_parser.cpp.o.modmap -fdeps-format=p1689r5 -x c++ /home/guyutongxue/Documents/files/2025.4/bonc/midend-common/src/frontend_result_parser.cpp]
[2025-12-22 11:56:49.648] [info] [thread 3158394] [Indexer.cpp:29] Fail to index for /home/guyutongxue/Documents/files/2025.4/bonc/midend-common/src/frontend_result_parser.cpp, because: Fail to create compilation invocation!
[2025-12-22 11:56:49.648] [error] [thread 3158379] [Compilation.cpp:116]  Fail to create invocation, arguments list is: [/home/linuxbrew/.linuxbrew/bin/g++-15 -D BOOST_ALL_NO_LIB -D BOOST_PROGRAM_OPTIONS_DYN_LINK -I /home/guyutongxue/Documents/files/2025.4/bonc/midend-common/includes -g -std=gnu++26 -fmodules-ts -fmodule-mapper=backend-nm/CMakeFiles/bonc-backend-nm.dir/src/lib.cpp.o.modmap -fdeps-format=p1689r5 -x c++ /home/guyutongxue/Documents/files/2025.4/bonc/backend-nm/src/lib.cpp]
[2025-12-22 11:56:49.648] [info] [thread 3158379] [Indexer.cpp:29] Fail to index for /home/guyutongxue/Documents/files/2025.4/bonc/backend-nm/src/lib.cpp, because: Fail to create compilation invocation!
[2025-12-22 11:56:49.657] [info] [thread 3158368] [Document.cpp:206] Start building PCH for /home/guyutongxue/Documents/files/2025.4/bonc/backend-dp/src/deferred-milp-model.hpp, command: [ /home/linuxbrew/.linuxbrew/Cellar/llvm/21.1.6/bin/clang-21 -cc1 -triple x86_64-unknown-linux-gnu -fsyntax-only -disable-free -clear-ast-before-backend -disable-llvm-verifier -discard-value-names -main-file-name deferred-milp-model.hpp -mrelocation-model pic -pic-level 2 -pic-is-pie -mframe-pointer=all -fmath-errno -ffp-contract=on -fno-rounding-math -mconstructor-aliases -funwind-tables=2 -target-cpu x86-64 -tune-cpu generic -debugger-tuning=gdb -fdebug-compilation-dir=/home/guyutongxue/Documents/files/2025.4/bonc -fcoverage-compilation-dir=/home/guyutongxue/Documents/files/2025.4/bonc -resource-dir /home/guyutongxue/.config/Code/User/globalStorage/ykiko.clice-vscode/lib/clang/21 -internal-isystem /usr/lib/gcc/x86_64-linux-gnu/12/../../../../include/c++/12 -internal-isystem /usr/lib/gcc/x86_64-linux-gnu/12/../../../../include/x86_64-linux-gnu/c++/12 -internal-isystem /usr/lib/gcc/x86_64-linux-gnu/12/../../../../include/c++/12/backward -internal-isystem /home/guyutongxue/.config/Code/User/globalStorage/ykiko.clice-vscode/lib/clang/21/include -internal-isystem /usr/local/include -internal-isystem /usr/lib/gcc/x86_64-linux-gnu/12/../../../../x86_64-linux-gnu/include -internal-externc-isystem /usr/include/x86_64-linux-gnu -internal-externc-isystem /include -internal-externc-isystem /usr/include -std=c++20 -fdeprecated-macro -ferror-limit 19 -fgnuc-version=4.2.1 -fno-implicit-modules -fskip-odr-check-in-gmf -fcxx-exceptions -fexceptions -faddrsig -D__GCC_HAVE_DWARF2_CFI_ASM=1 -x c++-header /home/guyutongxue/Documents/files/2025.4/bonc/backend-dp/src/deferred-milp-model.hpp]
[2025-12-22 11:56:49.657] [error] [thread 3158373] [Compilation.cpp:116]  Fail to create invocation, arguments list is: [/home/linuxbrew/.linuxbrew/bin/gcc-15 -I /home/guyutongxue/Documents/files/2025.4/bonc/build/_deps/espresso-src/espresso-src -g -std=gnu99 /home/guyutongxue/Documents/files/2025.4/bonc/build/_deps/espresso-src/espresso-src/cvrm.c]
[2025-12-22 11:56:49.657] [error] [thread 3158392] [Compilation.cpp:116]  Fail to create invocation, arguments list is: [/home/linuxbrew/.linuxbrew/bin/gcc-15 -I /home/guyutongxue/Documents/files/2025.4/bonc/build/_deps/espresso-src/espresso-src -g -std=gnu99 /home/guyutongxue/Documents/files/2025.4/bonc/build/_deps/espresso-src/espresso-src/indep.c]
[2025-12-22 11:56:49.657] [error] [thread 3158383] [Compilation.cpp:116]  Fail to create invocation, arguments list is: [/home/linuxbrew/.linuxbrew/bin/gcc-15 -I /home/guyutongxue/Documents/files/2025.4/bonc/build/_deps/espresso-src/espresso-src -g -std=gnu99 /home/guyutongxue/Documents/files/2025.4/bonc/build/_deps/espresso-src/espresso-src/signature.c]
[2025-12-22 11:56:49.657] [info] [thread 3158392] [Indexer.cpp:29] Fail to index for /home/guyutongxue/Documents/files/2025.4/bonc/build/_deps/espresso-src/espresso-src/indep.c, because: Fail to create compilation invocation!
[2025-12-22 11:56:49.657] [info] [thread 3158383] [Indexer.cpp:29] Fail to index for /home/guyutongxue/Documents/files/2025.4/bonc/build/_deps/espresso-src/espresso-src/signature.c, because: Fail to create compilation invocation!
[2025-12-22 11:56:49.657] [info] [thread 3158373] [Indexer.cpp:29] Fail to index for /home/guyutongxue/Documents/files/2025.4/bonc/build/_deps/espresso-src/espresso-src/cvrm.c, because: Fail to create compilation invocation!
[2025-12-22 11:56:49.657] [error] [thread 3158375] [Compilation.cpp:116]  Fail to create invocation, arguments list is: [/home/linuxbrew/.linuxbrew/bin/gcc-15 -I /home/guyutongxue/Documents/files/2025.4/bonc/build/_deps/espresso-src/espresso-src -g -std=gnu99 /home/guyutongxue/Documents/files/2025.4/bonc/build/_deps/espresso-src/espresso-src/pair.c]
[2025-12-22 11:56:49.657] [error] [thread 3158395] [Compilation.cpp:116]  Fail to create invocation, arguments list is: [/home/linuxbrew/.linuxbrew/bin/gcc-15 -I /home/guyutongxue/Documents/files/2025.4/bonc/build/_deps/espresso-src/espresso-src -g -std=gnu99 /home/guyutongxue/Documents/files/2025.4/bonc/build/_deps/espresso-src/espresso-src/cofactor.c]
[2025-12-22 11:56:49.657] [error] [thread 3158391] [Compilation.cpp:116]  Fail to create invocation, arguments list is: [/home/linuxbrew/.linuxbrew/bin/gcc-15 -I /home/guyutongxue/Documents/files/2025.4/bonc/build/_deps/espresso-src/espresso-src -g -std=gnu99 /home/guyutongxue/Documents/files/2025.4/bonc/build/_deps/espresso-src/espresso-src/essentiality.c]
[2025-12-22 11:56:49.657] [info] [thread 3158395] [Indexer.cpp:29] Fail to index for /home/guyutongxue/Documents/files/2025.4/bonc/build/_deps/espresso-src/espresso-src/cofactor.c, because: Fail to create compilation invocation!
[2025-12-22 11:56:49.657] [info] [thread 3158375] [Indexer.cpp:29] Fail to index for /home/guyutongxue/Documents/files/2025.4/bonc/build/_deps/espresso-src/espresso-src/pair.c, because: Fail to create compilation invocation!
[2025-12-22 11:56:49.657] [info] [thread 3158391] [Indexer.cpp:29] Fail to index for /home/guyutongxue/Documents/files/2025.4/bonc/build/_deps/espresso-src/espresso-src/essentiality.c, because: Fail to create compilation invocation!
[2025-12-22 11:56:49.657] [error] [thread 3158400] [Compilation.cpp:116]  Fail to create invocation, arguments list is: [/home/linuxbrew/.linuxbrew/bin/gcc-15 -I /home/guyutongxue/Documents/files/2025.4/bonc/build/_deps/espresso-src/espresso-src -g -std=gnu99 /home/guyutongxue/Documents/files/2025.4/bonc/build/_deps/espresso-src/espresso-src/util_signature.c]
[2025-12-22 11:56:49.657] [info] [thread 3158400] [Indexer.cpp:29] Fail to index for /home/guyutongxue/Documents/files/2025.4/bonc/build/_deps/espresso-src/espresso-src/util_signature.c, because: Fail to create compilation invocation!
[2025-12-22 11:56:49.661] [info] [thread 3158368] [Server.cpp:174] <-- Handling notification: textDocument/didOpen
[2025-12-22 11:56:49.661] [info] [thread 3158368] [Server.cpp:181] --> Handled notification: textDocument/didOpen 0ms
[2025-12-22 11:56:49.661] [info] [thread 3158368] [Toolchain.cpp:63] Execute command: [/home/linuxbrew/.linuxbrew/bin/g++-15 -dumpmachine]
[2025-12-22 11:56:49.662] [info] [thread 3158368] [Toolchain.cpp:63] Execute command: [/home/linuxbrew/.linuxbrew/bin/g++-15 -print-search-dirs]
[2025-12-22 11:56:49.664] [info] [thread 3158368] [Document.cpp:206] Start building PCH for /home/guyutongxue/Documents/files/2025.4/bonc/backend-dp/src/main.cpp, command: [ /home/linuxbrew/.linuxbrew/bin/g++-15 -cc1 -triple x86_64-pc-linux-gnu -fsyntax-only -disable-free -clear-ast-before-backend -disable-llvm-verifier -discard-value-names -main-file-name main.cpp -mrelocation-model pic -pic-level 2 -pic-is-pie -mframe-pointer=all -fmath-errno -ffp-contract=on -fno-rounding-math -mconstructor-aliases -funwind-tables=2 -target-cpu x86-64 -tune-cpu generic -debug-info-kind=constructor -dwarf-version=5 -debugger-tuning=gdb -fdebug-compilation-dir=/home/guyutongxue/Documents/files/2025.4/bonc -fcoverage-compilation-dir=/home/guyutongxue/Documents/files/2025.4/bonc -resource-dir /home/guyutongxue/.config/Code/User/globalStorage/ykiko.clice-vscode/lib/clang/21 -isystem /home/guyutongxue/Documents/files/2025.4/bonc/build/ppl/ppl_src-prefix/include -D BOOST_ALL_NO_LIB -D BOOST_PROGRAM_OPTIONS_DYN_LINK -I /opt/gurobi1103/linux64/include -I /home/guyutongxue/Documents/files/2025.4/bonc/midend-common/includes -internal-isystem /home/guyutongxue/.config/Code/User/globalStorage/ykiko.clice-vscode/lib/clang/21/include -internal-isystem /usr/local/include -internal-isystem /home/linuxbrew/.linuxbrew/Cellar/gcc/15.2.0/bin/../lib/gcc/current/gcc/x86_64-pc-linux-gnu/15/../../../../x86_64-pc-linux-gnu/include -internal-externc-isystem /usr/include/x86_64-linux-gnu -internal-externc-isystem /include -internal-externc-isystem /usr/include -std=gnu++26 -fdeprecated-macro -ferror-limit 19 -fgnuc-version=4.2.1 -fno-implicit-modules -fskip-odr-check-in-gmf -fcxx-exceptions -fexceptions -faddrsig -D__GCC_HAVE_DWARF2_CFI_ASM=1 -x c++ /home/guyutongxue/Documents/files/2025.4/bonc/backend-dp/src/main.cpp]
[2025-12-22 11:56:49.675] [info] [thread 3158368] [Server.cpp:174] <-- Handling notification: textDocument/didOpen
[2025-12-22 11:56:49.675] [info] [thread 3158368] [Server.cpp:181] --> Handled notification: textDocument/didOpen 0ms
[2025-12-22 11:56:49.675] [info] [thread 3158368] [Toolchain.cpp:63] Execute command: [/home/linuxbrew/.linuxbrew/bin/g++-15 -dumpmachine]
[2025-12-22 11:56:49.676] [info] [thread 3158368] [Toolchain.cpp:63] Execute command: [/home/linuxbrew/.linuxbrew/bin/g++-15 -print-search-dirs]
[2025-12-22 11:56:49.678] [info] [thread 3158368] [Document.cpp:206] Start building PCH for /home/guyutongxue/Documents/files/2025.4/bonc/backend-nm/src/lib.cpp, command: [ /home/linuxbrew/.linuxbrew/bin/g++-15 -cc1 -triple x86_64-pc-linux-gnu -fsyntax-only -disable-free -clear-ast-before-backend -disable-llvm-verifier -discard-value-names -main-file-name lib.cpp -mrelocation-model pic -pic-level 2 -pic-is-pie -mframe-pointer=all -fmath-errno -ffp-contract=on -fno-rounding-math -mconstructor-aliases -funwind-tables=2 -target-cpu x86-64 -tune-cpu generic -debug-info-kind=constructor -dwarf-version=5 -debugger-tuning=gdb -fdebug-compilation-dir=/home/guyutongxue/Documents/files/2025.4/bonc -fcoverage-compilation-dir=/home/guyutongxue/Documents/files/2025.4/bonc -resource-dir /home/guyutongxue/.config/Code/User/globalStorage/ykiko.clice-vscode/lib/clang/21 -D BOOST_ALL_NO_LIB -D BOOST_PROGRAM_OPTIONS_DYN_LINK -I /home/guyutongxue/Documents/files/2025.4/bonc/midend-common/includes -internal-isystem /home/guyutongxue/.config/Code/User/globalStorage/ykiko.clice-vscode/lib/clang/21/include -internal-isystem /usr/local/include -internal-isystem /home/linuxbrew/.linuxbrew/Cellar/gcc/15.2.0/bin/../lib/gcc/current/gcc/x86_64-pc-linux-gnu/15/../../../../x86_64-pc-linux-gnu/include -internal-externc-isystem /usr/include/x86_64-linux-gnu -internal-externc-isystem /include -internal-externc-isystem /usr/include -std=gnu++26 -fdeprecated-macro -ferror-limit 19 -fgnuc-version=4.2.1 -fno-implicit-modules -fskip-odr-check-in-gmf -fcxx-exceptions -fexceptions -faddrsig -D__GCC_HAVE_DWARF2_CFI_ASM=1 -x c++ /home/guyutongxue/Documents/files/2025.4/bonc/backend-nm/src/lib.cpp]
[2025-12-22 11:56:49.678] [info] [thread 3158368] [Server.cpp:174] <-- Handling notification: textDocument/didOpen
[2025-12-22 11:56:49.678] [info] [thread 3158368] [Server.cpp:181] --> Handled notification: textDocument/didOpen 0ms
[2025-12-22 11:56:49.679] [info] [thread 3158368] [Toolchain.cpp:63] Execute command: [/home/linuxbrew/.linuxbrew/bin/g++-15 -dumpmachine]
[2025-12-22 11:56:49.679] [info] [thread 3158368] [Toolchain.cpp:63] Execute command: [/home/linuxbrew/.linuxbrew/bin/g++-15 -print-search-dirs]
[2025-12-22 11:56:49.682] [info] [thread 3158368] [Document.cpp:206] Start building PCH for /home/guyutongxue/Documents/files/2025.4/bonc/backend-nm/src/main.cpp, command: [ /home/linuxbrew/.linuxbrew/bin/g++-15 -cc1 -triple x86_64-pc-linux-gnu -fsyntax-only -disable-free -clear-ast-before-backend -disable-llvm-verifier -discard-value-names -main-file-name main.cpp -mrelocation-model pic -pic-level 2 -pic-is-pie -mframe-pointer=all -fmath-errno -ffp-contract=on -fno-rounding-math -mconstructor-aliases -funwind-tables=2 -target-cpu x86-64 -tune-cpu generic -debug-info-kind=constructor -dwarf-version=5 -debugger-tuning=gdb -fdebug-compilation-dir=/home/guyutongxue/Documents/files/2025.4/bonc -fcoverage-compilation-dir=/home/guyutongxue/Documents/files/2025.4/bonc -resource-dir /home/guyutongxue/.config/Code/User/globalStorage/ykiko.clice-vscode/lib/clang/21 -D BOOST_ALL_NO_LIB -D BOOST_PROGRAM_OPTIONS_DYN_LINK -I /home/guyutongxue/Documents/files/2025.4/bonc/midend-common/includes -internal-isystem /home/guyutongxue/.config/Code/User/globalStorage/ykiko.clice-vscode/lib/clang/21/include -internal-isystem /usr/local/include -internal-isystem /home/linuxbrew/.linuxbrew/Cellar/gcc/15.2.0/bin/../lib/gcc/current/gcc/x86_64-pc-linux-gnu/15/../../../../x86_64-pc-linux-gnu/include -internal-externc-isystem /usr/include/x86_64-linux-gnu -internal-externc-isystem /include -internal-externc-isystem /usr/include -std=gnu++26 -fdeprecated-macro -ferror-limit 19 -fgnuc-version=4.2.1 -fno-implicit-modules -fskip-odr-check-in-gmf -fcxx-exceptions -fexceptions -faddrsig -D__GCC_HAVE_DWARF2_CFI_ASM=1 -x c++ /home/guyutongxue/Documents/files/2025.4/bonc/backend-nm/src/main.cpp]
[2025-12-22 11:56:49.733] [warning] [thread 3158368] [Document.cpp:227] Building PCH fails for /home/guyutongxue/Documents/files/2025.4/bonc/backend-nm/src/lib.cpp, Because: Fail to build PCH or PCM, error occurs in compilation.
[2025-12-22 11:56:49.733] [warning] [thread 3158368] [Document.cpp:229] 'cstddef' file not found
[2025-12-22 11:56:49.824] [info] [thread 3158368] [Server.cpp:174] <-- Handling notification: textDocument/didOpen
[2025-12-22 11:56:49.824] [info] [thread 3158368] [Server.cpp:181] --> Handled notification: textDocument/didOpen 0ms
[2025-12-22 11:56:49.824] [info] [thread 3158368] [Toolchain.cpp:63] Execute command: [/home/linuxbrew/.linuxbrew/bin/g++-15 -dumpmachine]
[2025-12-22 11:56:49.825] [info] [thread 3158368] [Toolchain.cpp:63] Execute command: [/home/linuxbrew/.linuxbrew/bin/g++-15 -print-search-dirs]
[2025-12-22 11:56:49.827] [info] [thread 3158368] [Document.cpp:206] Start building PCH for /home/guyutongxue/Documents/files/2025.4/bonc/backend-sat/src/main.cpp, command: [ /home/linuxbrew/.linuxbrew/bin/g++-15 -cc1 -triple x86_64-pc-linux-gnu -fsyntax-only -disable-free -clear-ast-before-backend -disable-llvm-verifier -discard-value-names -main-file-name main.cpp -mrelocation-model pic -pic-level 2 -pic-is-pie -mframe-pointer=all -fmath-errno -ffp-contract=on -fno-rounding-math -mconstructor-aliases -funwind-tables=2 -target-cpu x86-64 -tune-cpu generic -debug-info-kind=constructor -dwarf-version=5 -debugger-tuning=gdb -fdebug-compilation-dir=/home/guyutongxue/Documents/files/2025.4/bonc -fcoverage-compilation-dir=/home/guyutongxue/Documents/files/2025.4/bonc -resource-dir /home/guyutongxue/.config/Code/User/globalStorage/ykiko.clice-vscode/lib/clang/21 -D BOOST_ALL_NO_LIB -D BOOST_PROGRAM_OPTIONS_DYN_LINK -D BOOST_REGEX_DYN_LINK -D USE_CRYPTOMINISAT5 -I /home/guyutongxue/Documents/files/2025.4/bonc/midend-common/includes -I /home/guyutongxue/Documents/files/2025.4/bonc/sat-modeller/includes -internal-isystem /home/guyutongxue/.config/Code/User/globalStorage/ykiko.clice-vscode/lib/clang/21/include -internal-isystem /usr/local/include -internal-isystem /home/linuxbrew/.linuxbrew/Cellar/gcc/15.2.0/bin/../lib/gcc/current/gcc/x86_64-pc-linux-gnu/15/../../../../x86_64-pc-linux-gnu/include -internal-externc-isystem /usr/include/x86_64-linux-gnu -internal-externc-isystem /include -internal-externc-isystem /usr/include -Wall -Wextra -Wpedantic -Wshadow=compatible-local -std=gnu++26 -fdeprecated-macro -ferror-limit 19 -fgnuc-version=4.2.1 -fno-implicit-modules -fskip-odr-check-in-gmf -fcxx-exceptions -fexceptions -faddrsig -D__GCC_HAVE_DWARF2_CFI_ASM=1 -x c++ /home/guyutongxue/Documents/files/2025.4/bonc/backend-sat/src/main.cpp]
[2025-12-22 11:56:49.827] [info] [thread 3158368] [Server.cpp:174] <-- Handling notification: textDocument/didOpen
[2025-12-22 11:56:49.827] [info] [thread 3158368] [Server.cpp:181] --> Handled notification: textDocument/didOpen 0ms
[2025-12-22 11:56:49.827] [info] [thread 3158368] [Toolchain.cpp:63] Execute command: [/home/linuxbrew/.linuxbrew/bin/clang++ -### -fsyntax-only -std=c++20 -resource-dir /home/guyutongxue/.config/Code/User/globalStorage/ykiko.clice-vscode/lib/clang/21 /tmp/query-toolchain-b36410.h]
[2025-12-22 11:56:49.838] [info] [thread 3158368] [Document.cpp:206] Start building PCH for /home/guyutongxue/Documents/files/2025.4/bonc/backend-nm/src/lib.h, command: [ /home/linuxbrew/.linuxbrew/Cellar/llvm/21.1.6/bin/clang-21 -cc1 -triple x86_64-unknown-linux-gnu -fsyntax-only -disable-free -clear-ast-before-backend -disable-llvm-verifier -discard-value-names -main-file-name lib.h -mrelocation-model pic -pic-level 2 -pic-is-pie -mframe-pointer=all -fmath-errno -ffp-contract=on -fno-rounding-math -mconstructor-aliases -funwind-tables=2 -target-cpu x86-64 -tune-cpu generic -debugger-tuning=gdb -fdebug-compilation-dir=/home/guyutongxue/Documents/files/2025.4/bonc -fcoverage-compilation-dir=/home/guyutongxue/Documents/files/2025.4/bonc -resource-dir /home/guyutongxue/.config/Code/User/globalStorage/ykiko.clice-vscode/lib/clang/21 -internal-isystem /usr/lib/gcc/x86_64-linux-gnu/12/../../../../include/c++/12 -internal-isystem /usr/lib/gcc/x86_64-linux-gnu/12/../../../../include/x86_64-linux-gnu/c++/12 -internal-isystem /usr/lib/gcc/x86_64-linux-gnu/12/../../../../include/c++/12/backward -internal-isystem /home/guyutongxue/.config/Code/User/globalStorage/ykiko.clice-vscode/lib/clang/21/include -internal-isystem /usr/local/include -internal-isystem /usr/lib/gcc/x86_64-linux-gnu/12/../../../../x86_64-linux-gnu/include -internal-externc-isystem /usr/include/x86_64-linux-gnu -internal-externc-isystem /include -internal-externc-isystem /usr/include -std=c++20 -fdeprecated-macro -ferror-limit 19 -fgnuc-version=4.2.1 -fno-implicit-modules -fskip-odr-check-in-gmf -fcxx-exceptions -fexceptions -faddrsig -D__GCC_HAVE_DWARF2_CFI_ASM=1 -x c++-header /home/guyutongxue/Documents/files/2025.4/bonc/backend-nm/src/lib.h]
[2025-12-22 11:56:49.839] [warning] [thread 3158368] [Document.cpp:227] Building PCH fails for /home/guyutongxue/Documents/files/2025.4/bonc/backend-nm/src/lib.h, Because: Fail to build PCH or PCM, error occurs in compilation.
[2025-12-22 11:56:49.839] [warning] [thread 3158368] [Document.cpp:229] 'anf.h' file not found
[2025-12-22 11:56:49.866] [info] [thread 3158368] [Server.cpp:174] <-- Handling notification: textDocument/didOpen
[2025-12-22 11:56:49.866] [info] [thread 3158368] [Server.cpp:181] --> Handled notification: textDocument/didOpen 0ms
[2025-12-22 11:56:49.866] [info] [thread 3158368] [Toolchain.cpp:63] Execute command: [/home/linuxbrew/.linuxbrew/bin/clang++ -### -fsyntax-only -std=c++20 -resource-dir /home/guyutongxue/.config/Code/User/globalStorage/ykiko.clice-vscode/lib/clang/21 /tmp/query-toolchain-0a3cd9.h]
[2025-12-22 11:56:49.876] [info] [thread 3158368] [Document.cpp:206] Start building PCH for /home/guyutongxue/Documents/files/2025.4/bonc/backend-dp/src/polyhedron.h, command: [ /home/linuxbrew/.linuxbrew/Cellar/llvm/21.1.6/bin/clang-21 -cc1 -triple x86_64-unknown-linux-gnu -fsyntax-only -disable-free -clear-ast-before-backend -disable-llvm-verifier -discard-value-names -main-file-name polyhedron.h -mrelocation-model pic -pic-level 2 -pic-is-pie -mframe-pointer=all -fmath-errno -ffp-contract=on -fno-rounding-math -mconstructor-aliases -funwind-tables=2 -target-cpu x86-64 -tune-cpu generic -debugger-tuning=gdb -fdebug-compilation-dir=/home/guyutongxue/Documents/files/2025.4/bonc -fcoverage-compilation-dir=/home/guyutongxue/Documents/files/2025.4/bonc -resource-dir /home/guyutongxue/.config/Code/User/globalStorage/ykiko.clice-vscode/lib/clang/21 -internal-isystem /usr/lib/gcc/x86_64-linux-gnu/12/../../../../include/c++/12 -internal-isystem /usr/lib/gcc/x86_64-linux-gnu/12/../../../../include/x86_64-linux-gnu/c++/12 -internal-isystem /usr/lib/gcc/x86_64-linux-gnu/12/../../../../include/c++/12/backward -internal-isystem /home/guyutongxue/.config/Code/User/globalStorage/ykiko.clice-vscode/lib/clang/21/include -internal-isystem /usr/local/include -internal-isystem /usr/lib/gcc/x86_64-linux-gnu/12/../../../../x86_64-linux-gnu/include -internal-externc-isystem /usr/include/x86_64-linux-gnu -internal-externc-isystem /include -internal-externc-isystem /usr/include -std=c++20 -fdeprecated-macro -ferror-limit 19 -fgnuc-version=4.2.1 -fno-implicit-modules -fskip-odr-check-in-gmf -fcxx-exceptions -fexceptions -faddrsig -D__GCC_HAVE_DWARF2_CFI_ASM=1 -x c++-header /home/guyutongxue/Documents/files/2025.4/bonc/backend-dp/src/polyhedron.h]
[2025-12-22 11:56:49.876] [info] [thread 3158368] [Server.cpp:164] <-- Handling request: textDocument/documentSymbol(1)
[2025-12-22 11:56:49.941] [info] [thread 3158368] [Document.cpp:234] Building PCH successfully for /home/guyutongxue/Documents/files/2025.4/bonc/backend-dp/src/deferred-milp-model.hpp
[2025-12-22 11:56:49.941] [info] [thread 3158368] [Toolchain.cpp:63] Execute command: [/home/linuxbrew/.linuxbrew/bin/clang++ -### -fsyntax-only -std=c++20 -resource-dir /home/guyutongxue/.config/Code/User/globalStorage/ykiko.clice-vscode/lib/clang/21 /tmp/query-toolchain-ed48df.hpp]
[2025-12-22 11:56:49.962] [info] [thread 3158368] [Server.cpp:164] <-- Handling request: textDocument/documentLink(2)
[2025-12-22 11:56:49.962] [info] [thread 3158368] [Server.cpp:164] <-- Handling request: textDocument/inlayHint(3)
[2025-12-22 11:56:50.041] [info] [thread 3158368] [Document.cpp:357] Building AST successfully for /home/guyutongxue/Documents/files/2025.4/bonc/backend-dp/src/deferred-milp-model.hpp
[2025-12-22 11:56:50.045] [info] [thread 3158368] [Server.cpp:171] --> Handled request: textDocument/documentSymbol(1) 168ms
[2025-12-22 11:56:50.045] [info] [thread 3158368] [Server.cpp:171] --> Handled request: textDocument/documentLink(2) 82ms
[2025-12-22 11:56:50.045] [info] [thread 3158368] [Server.cpp:171] --> Handled request: textDocument/inlayHint(3) 83ms
[2025-12-22 11:56:50.145] [info] [thread 3158368] [Server.cpp:164] <-- Handling request: textDocument/hover(4)
[2025-12-22 11:56:50.146] [info] [thread 3158368] [Server.cpp:171] --> Handled request: textDocument/hover(4) 0ms
[2025-12-22 11:56:50.369] [warning] [thread 3158368] [Document.cpp:227] Building PCH fails for /home/guyutongxue/Documents/files/2025.4/bonc/backend-nm/src/main.cpp, Because: Fail to build PCH or PCM, error occurs in compilation.
[2025-12-22 11:56:50.369] [warning] [thread 3158368] [Document.cpp:229] 'cstddef' file not found
[2025-12-22 11:56:50.380] [info] [thread 3158368] [Document.cpp:234] Building PCH successfully for /home/guyutongxue/Documents/files/2025.4/bonc/backend-dp/src/polyhedron.h
[2025-12-22 11:56:50.380] [info] [thread 3158368] [Toolchain.cpp:63] Execute command: [/home/linuxbrew/.linuxbrew/bin/clang++ -### -fsyntax-only -std=c++20 -resource-dir /home/guyutongxue/.config/Code/User/globalStorage/ykiko.clice-vscode/lib/clang/21 /tmp/query-toolchain-33f1cf.h]
[2025-12-22 11:56:50.457] [info] [thread 3158368] [Document.cpp:357] Building AST successfully for /home/guyutongxue/Documents/files/2025.4/bonc/backend-dp/src/polyhedron.h
[2025-12-22 11:56:50.719] [warning] [thread 3158368] [Document.cpp:227] Building PCH fails for /home/guyutongxue/Documents/files/2025.4/bonc/backend-dp/src/main.cpp, Because: Fail to build PCH or PCM, error occurs in compilation.
[2025-12-22 11:56:50.719] [warning] [thread 3158368] [Document.cpp:229] 'cstddef' file not found
[2025-12-22 11:56:50.782] [warning] [thread 3158368] [Document.cpp:227] Building PCH fails for /home/guyutongxue/Documents/files/2025.4/bonc/backend-sat/src/main.cpp, Because: Fail to build PCH or PCM, error occurs in compilation.
[2025-12-22 11:56:50.782] [warning] [thread 3158368] [Document.cpp:229] unknown warning option '-Wshadow=compatible-local'; did you mean '-Wshadow-uncaptured-local'?
[2025-12-22 11:56:50.782] [warning] [thread 3158368] [Document.cpp:229] 'cstddef' file not found
[2025-12-22 11:56:51.561] [info] [thread 3158368] [Server.cpp:164] <-- Handling request: textDocument/foldingRange(5)
[2025-12-22 11:56:51.563] [info] [thread 3158368] [Server.cpp:171] --> Handled request: textDocument/foldingRange(5) 1ms
[2025-12-22 11:56:51.602] [info] [thread 3158368] [Server.cpp:164] <-- Handling request: textDocument/foldingRange(6)
[2025-12-22 11:56:51.604] [info] [thread 3158368] [Server.cpp:171] --> Handled request: textDocument/foldingRange(6) 1ms
[2025-12-22 11:56:51.794] [info] [thread 3158368] [Server.cpp:164] <-- Handling request: textDocument/semanticTokens/full(7)
